2025-05-02 15:36:56: -- 分析开始 On File Change, After Delay
2025-05-02 15:36:56: 右侧: State File has changed, so re-read it: G:/zhenxun_bot/zhenxun/plugins/nonebot_plugin_multi_source_daily/_gsdata_/_file_state_v4._gs
2025-05-02 15:36:56: /api/__pycache__/parsers.cpython-310.pyc: R:TimeSize<>; 警告：较旧的文件将替换较新的文件
2025-05-02 15:36:56: /api/handlers/__pycache__/__init__.cpython-310.pyc: R:TimeSize<>; 警告：较旧的文件将替换较新的文件
2025-05-02 15:36:56: /api/handlers/__pycache__/base_handler.cpython-310.pyc: R:TimeSize<>; 警告：较旧的文件将替换较新的文件
2025-05-02 15:36:56: /api/handlers/__pycache__/ithome_handler.cpython-310.pyc: R:TimeSize<>; 警告：较旧的文件将替换较新的文件
2025-05-02 15:36:56: /api/handlers/__pycache__/zhihu_handler.cpython-310.pyc: R:TimeSize<>; 警告：较旧的文件将替换较新的文件
2025-05-02 15:36:56: /commands/__pycache__/api.cpython-310.pyc: R:TimeSize<>; 警告：较旧的文件将替换较新的文件
2025-05-02 15:36:56: /commands/__pycache__/base.cpython-310.pyc: R:TimeSize<>; 警告：较旧的文件将替换较新的文件
2025-05-02 15:36:56: /commands/__pycache__/cache.cpython-310.pyc: R:TimeSize<>; 警告：较旧的文件将替换较新的文件
2025-05-02 15:36:56: /commands/__pycache__/news_detail.cpython-310.pyc: R:TimeSize<>; 警告：较旧的文件将替换较新的文件
2025-05-02 15:36:56: /commands/__pycache__/schedule.cpython-310.pyc: R:TimeSize<>; 警告：较旧的文件将替换较新的文件
2025-05-02 15:36:56: 变更：28， 冲突：0， 复制时间：0， 复制状态：0， 错误： 0, All: 864
2025-05-02 15:36:56: Left to Right: Copy File: 10 Delete File: 18 
2025-05-02 15:36:56: == 同步开始由 On File Change, After Delay
2025-05-02 15:36:56: 删除文件 G:/zhenxun_bot/zhenxun/plugins/nonebot_plugin_multi_source_daily/__pycache__/__init__.cpython-310.pyc
2025-05-02 15:36:56: 删除文件 G:/zhenxun_bot/zhenxun/plugins/nonebot_plugin_multi_source_daily/__pycache__/config.cpython-310.pyc
2025-05-02 15:36:56: 删除文件 G:/zhenxun_bot/zhenxun/plugins/nonebot_plugin_multi_source_daily/__pycache__/exceptions.cpython-310.pyc
2025-05-02 15:36:56: 删除文件 G:/zhenxun_bot/zhenxun/plugins/nonebot_plugin_multi_source_daily/__pycache__/models.cpython-310.pyc
2025-05-02 15:36:56: 删除文件 G:/zhenxun_bot/zhenxun/plugins/nonebot_plugin_multi_source_daily/api/sources/__pycache__/__init__.cpython-310.pyc
2025-05-02 15:36:56: 删除文件 G:/zhenxun_bot/zhenxun/plugins/nonebot_plugin_multi_source_daily/api/sources/__pycache__/base.cpython-310.pyc
2025-05-02 15:36:56: 删除文件 G:/zhenxun_bot/zhenxun/plugins/nonebot_plugin_multi_source_daily/api/sources/__pycache__/history.cpython-310.pyc
2025-05-02 15:36:56: 删除文件 G:/zhenxun_bot/zhenxun/plugins/nonebot_plugin_multi_source_daily/api/sources/__pycache__/ithome.cpython-310.pyc
2025-05-02 15:36:56: 删除文件 G:/zhenxun_bot/zhenxun/plugins/nonebot_plugin_multi_source_daily/api/sources/__pycache__/moyu.cpython-310.pyc
2025-05-02 15:36:56: 删除文件 G:/zhenxun_bot/zhenxun/plugins/nonebot_plugin_multi_source_daily/api/sources/__pycache__/sixty_seconds.cpython-310.pyc
2025-05-02 15:36:56: 删除文件 G:/zhenxun_bot/zhenxun/plugins/nonebot_plugin_multi_source_daily/api/sources/__pycache__/zhihu.cpython-310.pyc
2025-05-02 15:36:56: 删除文件夹 G:/zhenxun_bot/zhenxun/plugins/nonebot_plugin_multi_source_daily/api/sources/__pycache__
2025-05-02 15:36:56: 删除文件 G:/zhenxun_bot/zhenxun/plugins/nonebot_plugin_multi_source_daily/utils/__pycache__/__init__.cpython-310.pyc
2025-05-02 15:36:56: 删除文件 G:/zhenxun_bot/zhenxun/plugins/nonebot_plugin_multi_source_daily/utils/__pycache__/cache.cpython-310.pyc
2025-05-02 15:36:56: 删除文件 G:/zhenxun_bot/zhenxun/plugins/nonebot_plugin_multi_source_daily/utils/__pycache__/helpers.cpython-310.pyc
2025-05-02 15:36:56: 删除文件 G:/zhenxun_bot/zhenxun/plugins/nonebot_plugin_multi_source_daily/utils/__pycache__/scheduler.cpython-310.pyc
2025-05-02 15:36:56: 删除文件 G:/zhenxun_bot/zhenxun/plugins/nonebot_plugin_multi_source_daily/utils/__pycache__/screenshot.cpython-310.pyc
2025-05-02 15:36:56: 删除文件夹 G:/zhenxun_bot/zhenxun/plugins/nonebot_plugin_multi_source_daily/utils/__pycache__
2025-05-02 15:36:56: 覆盖复制 'K:/Projects/Programme/Script/nonebot_plugins/nonebot-plugin-multi-source-daily/nonebot_plugin_multi_source_daily/api/__pycache__/parsers.cpython-310.pyc' -> 'G:/zhenxun_bot/zhenxun/plugins/nonebot_plugin_multi_source_daily/api/__pycache__/parsers.cpython-310.pyc' (6,860)
2025-05-02 15:36:56: 覆盖复制 'K:/Projects/Programme/Script/nonebot_plugins/nonebot-plugin-multi-source-daily/nonebot_plugin_multi_source_daily/api/handlers/__pycache__/__init__.cpython-310.pyc' -> 'G:/zhenxun_bot/zhenxun/plugins/nonebot_plugin_multi_source_daily/api/handlers/__pycache__/__init__.cpython-310.pyc' (933)
2025-05-02 15:36:56: 覆盖复制 'K:/Projects/Programme/Script/nonebot_plugins/nonebot-plugin-multi-source-daily/nonebot_plugin_multi_source_daily/api/handlers/__pycache__/base_handler.cpython-310.pyc' -> 'G:/zhenxun_bot/zhenxun/plugins/nonebot_plugin_multi_source_daily/api/handlers/__pycache__/base_handler.cpython-310.pyc' (4,485)
2025-05-02 15:36:56: 覆盖复制 'K:/Projects/Programme/Script/nonebot_plugins/nonebot-plugin-multi-source-daily/nonebot_plugin_multi_source_daily/api/handlers/__pycache__/ithome_handler.cpython-310.pyc' -> 'G:/zhenxun_bot/zhenxun/plugins/nonebot_plugin_multi_source_daily/api/handlers/__pycache__/ithome_handler.cpython-310.pyc' (3,556)
2025-05-02 15:36:56: 覆盖复制 'K:/Projects/Programme/Script/nonebot_plugins/nonebot-plugin-multi-source-daily/nonebot_plugin_multi_source_daily/api/handlers/__pycache__/zhihu_handler.cpython-310.pyc' -> 'G:/zhenxun_bot/zhenxun/plugins/nonebot_plugin_multi_source_daily/api/handlers/__pycache__/zhihu_handler.cpython-310.pyc' (2,988)
2025-05-02 15:36:56: 覆盖复制 'K:/Projects/Programme/Script/nonebot_plugins/nonebot-plugin-multi-source-daily/nonebot_plugin_multi_source_daily/commands/__pycache__/api.cpython-310.pyc' -> 'G:/zhenxun_bot/zhenxun/plugins/nonebot_plugin_multi_source_daily/commands/__pycache__/api.cpython-310.pyc' (5,759)
2025-05-02 15:36:56: 覆盖复制 'K:/Projects/Programme/Script/nonebot_plugins/nonebot-plugin-multi-source-daily/nonebot_plugin_multi_source_daily/commands/__pycache__/cache.cpython-310.pyc' -> 'G:/zhenxun_bot/zhenxun/plugins/nonebot_plugin_multi_source_daily/commands/__pycache__/cache.cpython-310.pyc' (3,154)
2025-05-02 15:36:56: 覆盖复制 'K:/Projects/Programme/Script/nonebot_plugins/nonebot-plugin-multi-source-daily/nonebot_plugin_multi_source_daily/commands/__pycache__/base.cpython-310.pyc' -> 'G:/zhenxun_bot/zhenxun/plugins/nonebot_plugin_multi_source_daily/commands/__pycache__/base.cpython-310.pyc' (2,639)
2025-05-02 15:36:56: 覆盖复制 'K:/Projects/Programme/Script/nonebot_plugins/nonebot-plugin-multi-source-daily/nonebot_plugin_multi_source_daily/commands/__pycache__/news_detail.cpython-310.pyc' -> 'G:/zhenxun_bot/zhenxun/plugins/nonebot_plugin_multi_source_daily/commands/__pycache__/news_detail.cpython-310.pyc' (4,194)
2025-05-02 15:36:56: 覆盖复制 'K:/Projects/Programme/Script/nonebot_plugins/nonebot-plugin-multi-source-daily/nonebot_plugin_multi_source_daily/commands/__pycache__/schedule.cpython-310.pyc' -> 'G:/zhenxun_bot/zhenxun/plugins/nonebot_plugin_multi_source_daily/commands/__pycache__/schedule.cpython-310.pyc' (13,508)
2025-05-02 15:36:56: == 同步完成. 历时: 00:00:01, 速度: 0.00/s, 完成: 28, 错误: 0
