2025-05-01 18:16:34: -- 分析开始 On File Change First Full Analyze Upon Folder Connect
2025-05-01 18:16:34: /commands/__pycache__/api.cpython-310.pyc: R:TimeSize<>; 警告：较旧的文件将替换较新的文件
2025-05-01 18:16:34: /commands/__pycache__/base.cpython-310.pyc: R:TimeSize<>; 警告：较旧的文件将替换较新的文件
2025-05-01 18:16:34: /commands/__pycache__/cache.cpython-310.pyc: R:TimeSize<>; 警告：较旧的文件将替换较新的文件
2025-05-01 18:16:34: /commands/__pycache__/news_detail.cpython-310.pyc: R:TimeSize<>; 警告：较旧的文件将替换较新的文件
2025-05-01 18:16:34: /commands/__pycache__/schedule.cpython-310.pyc: R:TimeSize<>; 警告：较旧的文件将替换较新的文件
2025-05-01 18:16:34: /utils/__pycache__/scheduler.cpython-310.pyc: R:TimeSize<>; 警告：较旧的文件将替换较新的文件
2025-05-01 18:16:34: /utils/__pycache__/screenshot.cpython-310.pyc: R:TimeSize<>; 警告：较旧的文件将替换较新的文件
2025-05-01 18:16:34: 变更：13， 冲突：0， 复制时间：0， 复制状态：0， 错误： 0, All: 859
2025-05-01 18:16:34: Left to Right: Copy File: 8 Delete File: 5 
2025-05-01 18:16:34: == 同步开始由 On File Change First Full Analyze Upon Folder Connect
2025-05-01 18:16:34: 删除文件 G:/zhenxun_bot/zhenxun/plugins/nonebot_plugin_multi_source_daily/__pycache__/__init__.cpython-310.pyc
2025-05-01 18:16:34: 删除文件 G:/zhenxun_bot/zhenxun/plugins/nonebot_plugin_multi_source_daily/__pycache__/config.cpython-310.pyc
2025-05-01 18:16:34: 删除文件 G:/zhenxun_bot/zhenxun/plugins/nonebot_plugin_multi_source_daily/__pycache__/exceptions.cpython-310.pyc
2025-05-01 18:16:34: 删除文件 G:/zhenxun_bot/zhenxun/plugins/nonebot_plugin_multi_source_daily/__pycache__/models.cpython-310.pyc
2025-05-01 18:16:34: 删除文件夹 G:/zhenxun_bot/zhenxun/plugins/nonebot_plugin_multi_source_daily/__pycache__
2025-05-01 18:16:34: 覆盖复制 'K:/Projects/Programme/Script/nonebot_plugins/nonebot-plugin-multi-source-daily/nonebot_plugin_multi_source_daily/__init__.py' -> 'G:/zhenxun_bot/zhenxun/plugins/nonebot_plugin_multi_source_daily/__init__.py' (4,970)
2025-05-01 18:16:34: 覆盖复制 'K:/Projects/Programme/Script/nonebot_plugins/nonebot-plugin-multi-source-daily/nonebot_plugin_multi_source_daily/commands/__pycache__/api.cpython-310.pyc' -> 'G:/zhenxun_bot/zhenxun/plugins/nonebot_plugin_multi_source_daily/commands/__pycache__/api.cpython-310.pyc' (5,759)
2025-05-01 18:16:34: 覆盖复制 'K:/Projects/Programme/Script/nonebot_plugins/nonebot-plugin-multi-source-daily/nonebot_plugin_multi_source_daily/commands/__pycache__/base.cpython-310.pyc' -> 'G:/zhenxun_bot/zhenxun/plugins/nonebot_plugin_multi_source_daily/commands/__pycache__/base.cpython-310.pyc' (2,639)
2025-05-01 18:16:34: 覆盖复制 'K:/Projects/Programme/Script/nonebot_plugins/nonebot-plugin-multi-source-daily/nonebot_plugin_multi_source_daily/commands/__pycache__/cache.cpython-310.pyc' -> 'G:/zhenxun_bot/zhenxun/plugins/nonebot_plugin_multi_source_daily/commands/__pycache__/cache.cpython-310.pyc' (3,154)
2025-05-01 18:16:34: 覆盖复制 'K:/Projects/Programme/Script/nonebot_plugins/nonebot-plugin-multi-source-daily/nonebot_plugin_multi_source_daily/commands/__pycache__/news_detail.cpython-310.pyc' -> 'G:/zhenxun_bot/zhenxun/plugins/nonebot_plugin_multi_source_daily/commands/__pycache__/news_detail.cpython-310.pyc' (4,194)
2025-05-01 18:16:34: 覆盖复制 'K:/Projects/Programme/Script/nonebot_plugins/nonebot-plugin-multi-source-daily/nonebot_plugin_multi_source_daily/commands/__pycache__/schedule.cpython-310.pyc' -> 'G:/zhenxun_bot/zhenxun/plugins/nonebot_plugin_multi_source_daily/commands/__pycache__/schedule.cpython-310.pyc' (13,508)
2025-05-01 18:16:34: 覆盖复制 'K:/Projects/Programme/Script/nonebot_plugins/nonebot-plugin-multi-source-daily/nonebot_plugin_multi_source_daily/utils/__pycache__/scheduler.cpython-310.pyc' -> 'G:/zhenxun_bot/zhenxun/plugins/nonebot_plugin_multi_source_daily/utils/__pycache__/scheduler.cpython-310.pyc' (12,133)
2025-05-01 18:16:34: 覆盖复制 'K:/Projects/Programme/Script/nonebot_plugins/nonebot-plugin-multi-source-daily/nonebot_plugin_multi_source_daily/utils/__pycache__/screenshot.cpython-310.pyc' -> 'G:/zhenxun_bot/zhenxun/plugins/nonebot_plugin_multi_source_daily/utils/__pycache__/screenshot.cpython-310.pyc' (12,791)
2025-05-01 18:16:34: == 同步完成. 历时: 00:00:00, 速度: 0.00/s, 完成: 13, 错误: 0
