2025-05-01 17:52:00: == 同步开始由 User Command
2025-05-01 17:52:00: 删除文件 G:/zhenxun_bot/plugins/__pycache__/__init__.cpython-38.pyc
2025-05-01 17:52:00: 删除文件 G:/zhenxun_bot/plugins/__pycache__/__init__.cpython-39.pyc
2025-05-01 17:52:00: 删除文件 G:/zhenxun_bot/plugins/__pycache__/add_dy.cpython-38.pyc
2025-05-01 17:52:00: 删除文件 G:/zhenxun_bot/plugins/__pycache__/admin_config.cpython-38.pyc
2025-05-01 17:52:00: 删除文件 G:/zhenxun_bot/plugins/__pycache__/admin_config.cpython-39.pyc
2025-05-01 17:52:00: 删除文件 G:/zhenxun_bot/plugins/__pycache__/change_dy.cpython-38.pyc
2025-05-01 17:52:00: 删除文件 G:/zhenxun_bot/plugins/__pycache__/del_dy.cpython-38.pyc
2025-05-01 17:52:00: 删除文件 G:/zhenxun_bot/plugins/__pycache__/fake_msg.cpython-38.pyc
2025-05-01 17:52:00: 删除文件 G:/zhenxun_bot/plugins/__pycache__/fake_msg.cpython-39.pyc
2025-05-01 17:52:00: 删除文件 G:/zhenxun_bot/plugins/__pycache__/fudu.cpython-38.pyc
2025-05-01 17:52:00: 删除文件 G:/zhenxun_bot/plugins/__pycache__/fudu.cpython-39.pyc
2025-05-01 17:52:00: 删除文件 G:/zhenxun_bot/plugins/__pycache__/group_welcome_msg.cpython-38.pyc
2025-05-01 17:52:00: 删除文件 G:/zhenxun_bot/plugins/__pycache__/group_welcome_msg.cpython-39.pyc
2025-05-01 17:52:00: 删除文件 G:/zhenxun_bot/plugins/__pycache__/hook.cpython-38.pyc
2025-05-01 17:52:00: 删除文件 G:/zhenxun_bot/plugins/__pycache__/hook.cpython-39.pyc
2025-05-01 17:52:00: 删除文件 G:/zhenxun_bot/plugins/__pycache__/jitang.cpython-38.pyc
2025-05-01 17:52:00: 删除文件 G:/zhenxun_bot/plugins/__pycache__/jitang.cpython-39.pyc
2025-05-01 17:52:00: 删除文件 G:/zhenxun_bot/plugins/__pycache__/mute.cpython-38.pyc
2025-05-01 17:52:00: 删除文件 G:/zhenxun_bot/plugins/__pycache__/mute.cpython-39.pyc
2025-05-01 17:52:00: 删除文件 G:/zhenxun_bot/plugins/__pycache__/my_info.cpython-38.pyc
2025-05-01 17:52:00: 删除文件 G:/zhenxun_bot/plugins/__pycache__/my_info.cpython-39.pyc
2025-05-01 17:52:00: 删除文件 G:/zhenxun_bot/plugins/__pycache__/nickname.cpython-38.pyc
2025-05-01 17:52:00: 删除文件 G:/zhenxun_bot/plugins/__pycache__/nickname.cpython-39.pyc
2025-05-01 17:52:00: 删除文件 G:/zhenxun_bot/plugins/__pycache__/parse_bilibili_json.cpython-38.pyc
2025-05-01 17:52:00: 删除文件 G:/zhenxun_bot/plugins/__pycache__/parse_bilibili_json.cpython-39.pyc
2025-05-01 17:52:00: 删除文件 G:/zhenxun_bot/plugins/__pycache__/quotations.cpython-38.pyc
2025-05-01 17:52:00: 删除文件 G:/zhenxun_bot/plugins/__pycache__/quotations.cpython-39.pyc
2025-05-01 17:52:00: 删除文件 G:/zhenxun_bot/plugins/__pycache__/server_ip.cpython-38.pyc
2025-05-01 17:52:00: 删除文件 G:/zhenxun_bot/plugins/__pycache__/server_ip.cpython-39.pyc
2025-05-01 17:52:00: 删除文件 G:/zhenxun_bot/plugins/__pycache__/show_all.cpython-38.pyc
2025-05-01 17:52:00: 删除文件 G:/zhenxun_bot/plugins/__pycache__/show_dy.cpython-38.pyc
2025-05-01 17:52:00: 删除文件 G:/zhenxun_bot/plugins/__pycache__/start.cpython-38.pyc
2025-05-01 17:52:00: 删除文件 G:/zhenxun_bot/plugins/__pycache__/statistics_hook.cpython-39.pyc
2025-05-01 17:52:00: 删除文件 G:/zhenxun_bot/plugins/__pycache__/test.cpython-38.pyc
2025-05-01 17:52:00: 删除文件 G:/zhenxun_bot/plugins/__pycache__/test.cpython-39.pyc
2025-05-01 17:52:00: 删除文件 G:/zhenxun_bot/plugins/__pycache__/update_info.cpython-38.pyc
2025-05-01 17:52:00: 删除文件 G:/zhenxun_bot/plugins/__pycache__/update_info.cpython-39.pyc
2025-05-01 17:52:00: 删除文件 G:/zhenxun_bot/plugins/__pycache__/update_pic.cpython-38.pyc
2025-05-01 17:52:00: 删除文件 G:/zhenxun_bot/plugins/__pycache__/update_pic.cpython-39.pyc
2025-05-01 17:52:00: 删除文件 G:/zhenxun_bot/plugins/__pycache__/white2black_img.cpython-38.pyc
2025-05-01 17:52:00: 删除文件 G:/zhenxun_bot/plugins/__pycache__/white2black_img.cpython-39.pyc
2025-05-01 17:52:00: 删除文件夹 G:/zhenxun_bot/plugins/__pycache__
2025-05-01 17:52:00: 删除文件 G:/zhenxun_bot/plugins/aconfig/__pycache__/__init__.cpython-38.pyc
2025-05-01 17:52:00: 删除文件 G:/zhenxun_bot/plugins/aconfig/__pycache__/__init__.cpython-39.pyc
2025-05-01 17:52:00: 删除文件夹 G:/zhenxun_bot/plugins/aconfig/__pycache__
2025-05-01 17:52:00: 删除文件夹 G:/zhenxun_bot/plugins/aconfig
2025-05-01 17:52:00: 删除文件 G:/zhenxun_bot/plugins/admin_bot_manage/__pycache__/__init__.cpython-38.pyc
2025-05-01 17:52:00: 删除文件 G:/zhenxun_bot/plugins/admin_bot_manage/__pycache__/__init__.cpython-39.pyc
2025-05-01 17:52:00: 删除文件 G:/zhenxun_bot/plugins/admin_bot_manage/__pycache__/data_source.cpython-38.pyc
2025-05-01 17:52:00: 删除文件 G:/zhenxun_bot/plugins/admin_bot_manage/__pycache__/data_source.cpython-39.pyc
2025-05-01 17:52:00: 删除文件夹 G:/zhenxun_bot/plugins/admin_bot_manage/__pycache__
2025-05-01 17:52:00: 删除文件夹 G:/zhenxun_bot/plugins/admin_bot_manage
2025-05-01 17:52:00: 删除文件 G:/zhenxun_bot/plugins/admin_help/__pycache__/__init__.cpython-38.pyc
2025-05-01 17:52:00: 删除文件 G:/zhenxun_bot/plugins/admin_help/__pycache__/__init__.cpython-39.pyc
2025-05-01 17:52:00: 删除文件夹 G:/zhenxun_bot/plugins/admin_help/__pycache__
2025-05-01 17:52:00: 删除文件夹 G:/zhenxun_bot/plugins/admin_help
2025-05-01 17:52:00: 删除文件 G:/zhenxun_bot/plugins/ai/__pycache__/__init__.cpython-38.pyc
2025-05-01 17:52:00: 删除文件 G:/zhenxun_bot/plugins/ai/__pycache__/__init__.cpython-39.pyc
2025-05-01 17:52:00: 删除文件 G:/zhenxun_bot/plugins/ai/__pycache__/data_source.cpython-38.pyc
2025-05-01 17:52:00: 删除文件 G:/zhenxun_bot/plugins/ai/__pycache__/data_source.cpython-39.pyc
2025-05-01 17:52:00: 删除文件夹 G:/zhenxun_bot/plugins/ai/__pycache__
2025-05-01 17:52:00: 删除文件夹 G:/zhenxun_bot/plugins/ai
2025-05-01 17:52:00: 删除文件 G:/zhenxun_bot/plugins/auto_invite/__pycache__/__init__.cpython-38.pyc
2025-05-01 17:52:00: 删除文件 G:/zhenxun_bot/plugins/auto_invite/__pycache__/__init__.cpython-39.pyc
2025-05-01 17:52:00: 删除文件夹 G:/zhenxun_bot/plugins/auto_invite/__pycache__
2025-05-01 17:52:00: 删除文件夹 G:/zhenxun_bot/plugins/auto_invite
2025-05-01 17:52:00: 删除文件 G:/zhenxun_bot/plugins/ban/__pycache__/__init__.cpython-38.pyc
2025-05-01 17:52:00: 删除文件 G:/zhenxun_bot/plugins/ban/__pycache__/__init__.cpython-39.pyc
2025-05-01 17:52:00: 删除文件夹 G:/zhenxun_bot/plugins/ban/__pycache__
2025-05-01 17:52:00: 删除文件夹 G:/zhenxun_bot/plugins/ban
2025-05-01 17:52:00: 删除文件 G:/zhenxun_bot/plugins/broadcast/__pycache__/__init__.cpython-38.pyc
2025-05-01 17:52:00: 删除文件 G:/zhenxun_bot/plugins/broadcast/__pycache__/__init__.cpython-39.pyc
2025-05-01 17:52:00: 删除文件夹 G:/zhenxun_bot/plugins/broadcast/__pycache__
2025-05-01 17:52:00: 删除文件夹 G:/zhenxun_bot/plugins/broadcast
2025-05-01 17:52:00: 删除文件 G:/zhenxun_bot/plugins/bt/__pycache__/__init__.cpython-38.pyc
2025-05-01 17:52:00: 删除文件 G:/zhenxun_bot/plugins/bt/__pycache__/__init__.cpython-39.pyc
2025-05-01 17:52:00: 删除文件 G:/zhenxun_bot/plugins/bt/__pycache__/data_source.cpython-38.pyc
2025-05-01 17:52:00: 删除文件 G:/zhenxun_bot/plugins/bt/__pycache__/data_source.cpython-39.pyc
2025-05-01 17:52:00: 删除文件夹 G:/zhenxun_bot/plugins/bt/__pycache__
2025-05-01 17:52:00: 删除文件夹 G:/zhenxun_bot/plugins/bt
2025-05-01 17:52:00: 删除文件 G:/zhenxun_bot/plugins/check/__pycache__/__init__.cpython-38.pyc
2025-05-01 17:52:00: 删除文件 G:/zhenxun_bot/plugins/check/__pycache__/__init__.cpython-39.pyc
2025-05-01 17:52:00: 删除文件 G:/zhenxun_bot/plugins/check/__pycache__/data_source.cpython-38.pyc
2025-05-01 17:52:00: 删除文件 G:/zhenxun_bot/plugins/check/__pycache__/data_source.cpython-39.pyc
2025-05-01 17:52:00: 删除文件夹 G:/zhenxun_bot/plugins/check/__pycache__
2025-05-01 17:52:00: 删除文件夹 G:/zhenxun_bot/plugins/check
2025-05-01 17:52:00: 删除文件 G:/zhenxun_bot/plugins/coser/__pycache__/__init__.cpython-38.pyc
2025-05-01 17:52:00: 删除文件 G:/zhenxun_bot/plugins/coser/__pycache__/__init__.cpython-39.pyc
2025-05-01 17:52:00: 删除文件夹 G:/zhenxun_bot/plugins/coser/__pycache__
2025-05-01 17:52:00: 删除文件夹 G:/zhenxun_bot/plugins/coser
2025-05-01 17:52:00: 删除文件 G:/zhenxun_bot/plugins/delete_img/__pycache__/__init__.cpython-38.pyc
2025-05-01 17:52:00: 删除文件 G:/zhenxun_bot/plugins/delete_img/__pycache__/__init__.cpython-39.pyc
2025-05-01 17:52:00: 删除文件夹 G:/zhenxun_bot/plugins/delete_img/__pycache__
2025-05-01 17:52:00: 删除文件夹 G:/zhenxun_bot/plugins/delete_img
2025-05-01 17:52:00: 删除文件 G:/zhenxun_bot/plugins/dialogue/__pycache__/__init__.cpython-38.pyc
2025-05-01 17:52:00: 删除文件 G:/zhenxun_bot/plugins/dialogue/__pycache__/__init__.cpython-39.pyc
2025-05-01 17:52:00: 删除文件夹 G:/zhenxun_bot/plugins/dialogue/__pycache__
2025-05-01 17:52:00: 删除文件夹 G:/zhenxun_bot/plugins/dialogue
2025-05-01 17:52:00: 删除文件 G:/zhenxun_bot/plugins/draw_card/__pycache__/__init__.cpython-38.pyc
2025-05-01 17:52:00: 删除文件 G:/zhenxun_bot/plugins/draw_card/__pycache__/__init__.cpython-39.pyc
2025-05-01 17:52:00: 删除文件 G:/zhenxun_bot/plugins/draw_card/__pycache__/announcement.cpython-39.pyc
2025-05-01 17:52:00: 删除文件 G:/zhenxun_bot/plugins/draw_card/__pycache__/config.cpython-38.pyc
2025-05-01 17:52:00: 删除文件 G:/zhenxun_bot/plugins/draw_card/__pycache__/config.cpython-39.pyc
2025-05-01 17:52:00: 删除文件 G:/zhenxun_bot/plugins/draw_card/__pycache__/genshin_handle.cpython-38.pyc
2025-05-01 17:52:00: 删除文件 G:/zhenxun_bot/plugins/draw_card/__pycache__/genshin_handle.cpython-39.pyc
2025-05-01 17:52:00: 删除文件 G:/zhenxun_bot/plugins/draw_card/__pycache__/init_card_pool.cpython-39.pyc
2025-05-01 17:52:00: 删除文件 G:/zhenxun_bot/plugins/draw_card/__pycache__/pretty_handle.cpython-39.pyc
2025-05-01 17:52:00: 删除文件 G:/zhenxun_bot/plugins/draw_card/__pycache__/prts_handle.cpython-38.pyc
2025-05-01 17:52:00: 删除文件 G:/zhenxun_bot/plugins/draw_card/__pycache__/prts_handle.cpython-39.pyc
2025-05-01 17:52:00: 删除文件 G:/zhenxun_bot/plugins/draw_card/__pycache__/update_game_info.cpython-38.pyc
2025-05-01 17:52:00: 删除文件 G:/zhenxun_bot/plugins/draw_card/__pycache__/update_game_info.cpython-39.pyc
2025-05-01 17:52:00: 删除文件 G:/zhenxun_bot/plugins/draw_card/__pycache__/util.cpython-38.pyc
2025-05-01 17:52:00: 删除文件 G:/zhenxun_bot/plugins/draw_card/__pycache__/util.cpython-39.pyc
2025-05-01 17:52:00: 删除文件夹 G:/zhenxun_bot/plugins/draw_card/__pycache__
2025-05-01 17:52:00: 删除文件夹 G:/zhenxun_bot/plugins/draw_card
2025-05-01 17:52:00: 删除文件 G:/zhenxun_bot/plugins/epic/__pycache__/__init__.cpython-38.pyc
2025-05-01 17:52:00: 删除文件 G:/zhenxun_bot/plugins/epic/__pycache__/__init__.cpython-39.pyc
2025-05-01 17:52:00: 删除文件 G:/zhenxun_bot/plugins/epic/__pycache__/data_source.cpython-38.pyc
2025-05-01 17:52:00: 删除文件 G:/zhenxun_bot/plugins/epic/__pycache__/data_source.cpython-39.pyc
2025-05-01 17:52:00: 删除文件夹 G:/zhenxun_bot/plugins/epic/__pycache__
2025-05-01 17:52:00: 删除文件夹 G:/zhenxun_bot/plugins/epic
2025-05-01 17:52:00: 删除文件 G:/zhenxun_bot/plugins/genshin/almanac/__pycache__/__init__.cpython-39.pyc
2025-05-01 17:52:00: 删除文件 G:/zhenxun_bot/plugins/genshin/almanac/__pycache__/alc.cpython-39.pyc
2025-05-01 17:52:00: 删除文件夹 G:/zhenxun_bot/plugins/genshin/almanac/__pycache__
2025-05-01 17:52:00: 删除文件夹 G:/zhenxun_bot/plugins/genshin/almanac
2025-05-01 17:52:00: 删除文件 G:/zhenxun_bot/plugins/genshin/material_remind/__pycache__/__init__.cpython-39.pyc
2025-05-01 17:52:00: 删除文件夹 G:/zhenxun_bot/plugins/genshin/material_remind/__pycache__
2025-05-01 17:52:00: 删除文件夹 G:/zhenxun_bot/plugins/genshin/material_remind
2025-05-01 17:52:00: 删除文件 G:/zhenxun_bot/plugins/genshin/qiu_qiu_translation/__pycache__/__init__.cpython-39.pyc
2025-05-01 17:52:00: 删除文件 G:/zhenxun_bot/plugins/genshin/qiu_qiu_translation/__pycache__/qiu_translation.cpython-39.pyc
2025-05-01 17:52:00: 删除文件夹 G:/zhenxun_bot/plugins/genshin/qiu_qiu_translation/__pycache__
2025-05-01 17:52:00: 删除文件夹 G:/zhenxun_bot/plugins/genshin/qiu_qiu_translation
2025-05-01 17:52:00: 删除文件 G:/zhenxun_bot/plugins/genshin/query_resource_points/__pycache__/__init__.cpython-39.pyc
2025-05-01 17:52:00: 删除文件 G:/zhenxun_bot/plugins/genshin/query_resource_points/__pycache__/query_resource.cpython-39.pyc
2025-05-01 17:52:00: 删除文件夹 G:/zhenxun_bot/plugins/genshin/query_resource_points/__pycache__
2025-05-01 17:52:00: 删除文件夹 G:/zhenxun_bot/plugins/genshin/query_resource_points
2025-05-01 17:52:00: 删除文件夹 G:/zhenxun_bot/plugins/genshin
2025-05-01 17:52:00: 删除文件 G:/zhenxun_bot/plugins/group_handle/__pycache__/__init__.cpython-38.pyc
2025-05-01 17:52:00: 删除文件 G:/zhenxun_bot/plugins/group_handle/__pycache__/__init__.cpython-39.pyc
2025-05-01 17:52:00: 删除文件夹 G:/zhenxun_bot/plugins/group_handle/__pycache__
2025-05-01 17:52:00: 删除文件夹 G:/zhenxun_bot/plugins/group_handle
2025-05-01 17:52:00: 删除文件 G:/zhenxun_bot/plugins/help/__pycache__/__init__.cpython-38.pyc
2025-05-01 17:52:00: 删除文件 G:/zhenxun_bot/plugins/help/__pycache__/__init__.cpython-39.pyc
2025-05-01 17:52:00: 删除文件 G:/zhenxun_bot/plugins/help/__pycache__/config.cpython-38.pyc
2025-05-01 17:52:00: 删除文件 G:/zhenxun_bot/plugins/help/__pycache__/config.cpython-39.pyc
2025-05-01 17:52:00: 删除文件 G:/zhenxun_bot/plugins/help/__pycache__/data_source.cpython-38.pyc
2025-05-01 17:52:00: 删除文件 G:/zhenxun_bot/plugins/help/__pycache__/data_source.cpython-39.pyc
2025-05-01 17:52:00: 删除文件夹 G:/zhenxun_bot/plugins/help/__pycache__
2025-05-01 17:52:00: 删除文件夹 G:/zhenxun_bot/plugins/help
2025-05-01 17:52:00: 删除文件 G:/zhenxun_bot/plugins/last_chat/__pycache__/__init__.cpython-38.pyc
2025-05-01 17:52:00: 删除文件 G:/zhenxun_bot/plugins/last_chat/__pycache__/__init__.cpython-39.pyc
2025-05-01 17:52:00: 删除文件 G:/zhenxun_bot/plugins/last_chat/__pycache__/data_source.cpython-38.pyc
2025-05-01 17:52:00: 删除文件 G:/zhenxun_bot/plugins/last_chat/__pycache__/data_source.cpython-39.pyc
2025-05-01 17:52:00: 删除文件夹 G:/zhenxun_bot/plugins/last_chat/__pycache__
2025-05-01 17:52:00: 删除文件夹 G:/zhenxun_bot/plugins/last_chat
2025-05-01 17:52:00: 删除文件 G:/zhenxun_bot/plugins/luxun/__pycache__/__init__.cpython-38.pyc
2025-05-01 17:52:00: 删除文件 G:/zhenxun_bot/plugins/luxun/__pycache__/__init__.cpython-39.pyc
2025-05-01 17:52:00: 删除文件夹 G:/zhenxun_bot/plugins/luxun/__pycache__
2025-05-01 17:52:00: 删除文件夹 G:/zhenxun_bot/plugins/luxun
2025-05-01 17:52:00: 删除文件 G:/zhenxun_bot/plugins/move_img/__pycache__/__init__.cpython-38.pyc
2025-05-01 17:52:00: 删除文件 G:/zhenxun_bot/plugins/move_img/__pycache__/__init__.cpython-39.pyc
2025-05-01 17:52:00: 删除文件夹 G:/zhenxun_bot/plugins/move_img/__pycache__
2025-05-01 17:52:00: 删除文件夹 G:/zhenxun_bot/plugins/move_img
2025-05-01 17:52:00: 删除文件 G:/zhenxun_bot/plugins/nonebot_plugin_cocdicer/__pycache__/__init__.cpython-38.pyc
2025-05-01 17:52:00: 删除文件 G:/zhenxun_bot/plugins/nonebot_plugin_cocdicer/__pycache__/__init__.cpython-39.pyc
2025-05-01 17:52:00: 删除文件 G:/zhenxun_bot/plugins/nonebot_plugin_cocdicer/__pycache__/create.cpython-38.pyc
2025-05-01 17:52:00: 删除文件 G:/zhenxun_bot/plugins/nonebot_plugin_cocdicer/__pycache__/create.cpython-39.pyc
2025-05-01 17:52:00: 删除文件 G:/zhenxun_bot/plugins/nonebot_plugin_cocdicer/__pycache__/data_source.cpython-38.pyc
2025-05-01 17:52:00: 删除文件 G:/zhenxun_bot/plugins/nonebot_plugin_cocdicer/__pycache__/data_source.cpython-39.pyc
2025-05-01 17:52:00: 删除文件 G:/zhenxun_bot/plugins/nonebot_plugin_cocdicer/__pycache__/madness.cpython-38.pyc
2025-05-01 17:52:00: 删除文件 G:/zhenxun_bot/plugins/nonebot_plugin_cocdicer/__pycache__/madness.cpython-39.pyc
2025-05-01 17:52:00: 删除文件 G:/zhenxun_bot/plugins/nonebot_plugin_cocdicer/__pycache__/messages.cpython-38.pyc
2025-05-01 17:52:00: 删除文件 G:/zhenxun_bot/plugins/nonebot_plugin_cocdicer/__pycache__/messages.cpython-39.pyc
2025-05-01 17:52:00: 删除文件 G:/zhenxun_bot/plugins/nonebot_plugin_cocdicer/__pycache__/san_check.cpython-38.pyc
2025-05-01 17:52:00: 删除文件 G:/zhenxun_bot/plugins/nonebot_plugin_cocdicer/__pycache__/san_check.cpython-39.pyc
2025-05-01 17:52:00: 删除文件夹 G:/zhenxun_bot/plugins/nonebot_plugin_cocdicer/__pycache__
2025-05-01 17:52:00: 删除文件夹 G:/zhenxun_bot/plugins/nonebot_plugin_cocdicer
2025-05-01 17:52:00: 删除文件 G:/zhenxun_bot/plugins/nonebot_plugin_manager/__pycache__/__init__.cpython-38.pyc
2025-05-01 17:52:00: 删除文件 G:/zhenxun_bot/plugins/nonebot_plugin_manager/__pycache__/__init__.cpython-39.pyc
2025-05-01 17:52:00: 删除文件 G:/zhenxun_bot/plugins/nonebot_plugin_manager/__pycache__/data.cpython-38.pyc
2025-05-01 17:52:00: 删除文件 G:/zhenxun_bot/plugins/nonebot_plugin_manager/__pycache__/data.cpython-39.pyc
2025-05-01 17:52:00: 删除文件 G:/zhenxun_bot/plugins/nonebot_plugin_manager/__pycache__/handle.cpython-38.pyc
2025-05-01 17:52:00: 删除文件 G:/zhenxun_bot/plugins/nonebot_plugin_manager/__pycache__/handle.cpython-39.pyc
2025-05-01 17:52:00: 删除文件 G:/zhenxun_bot/plugins/nonebot_plugin_manager/__pycache__/parser.cpython-38.pyc
2025-05-01 17:52:00: 删除文件 G:/zhenxun_bot/plugins/nonebot_plugin_manager/__pycache__/parser.cpython-39.pyc
2025-05-01 17:52:00: 删除文件夹 G:/zhenxun_bot/plugins/nonebot_plugin_manager/__pycache__
2025-05-01 17:52:00: 删除文件夹 G:/zhenxun_bot/plugins/nonebot_plugin_manager
2025-05-01 17:52:00: 删除文件 G:/zhenxun_bot/plugins/nonebot_plugin_picsearcher/__pycache__/__init__.cpython-39.pyc
2025-05-01 17:52:00: 删除文件 G:/zhenxun_bot/plugins/nonebot_plugin_picsearcher/__pycache__/ascii2d.cpython-39.pyc
2025-05-01 17:52:00: 删除文件 G:/zhenxun_bot/plugins/nonebot_plugin_picsearcher/__pycache__/ex.cpython-39.pyc
2025-05-01 17:52:00: 删除文件 G:/zhenxun_bot/plugins/nonebot_plugin_picsearcher/__pycache__/formdata.cpython-39.pyc
2025-05-01 17:52:00: 删除文件 G:/zhenxun_bot/plugins/nonebot_plugin_picsearcher/__pycache__/iqdb.cpython-39.pyc
2025-05-01 17:52:00: 删除文件 G:/zhenxun_bot/plugins/nonebot_plugin_picsearcher/__pycache__/saucenao.cpython-39.pyc
2025-05-01 17:52:00: 删除文件 G:/zhenxun_bot/plugins/nonebot_plugin_picsearcher/__pycache__/trace.cpython-39.pyc
2025-05-01 17:52:00: 删除文件 G:/zhenxun_bot/plugins/nonebot_plugin_picsearcher/__pycache__/yandex.cpython-39.pyc
2025-05-01 17:52:00: 删除文件夹 G:/zhenxun_bot/plugins/nonebot_plugin_picsearcher/__pycache__
2025-05-01 17:52:00: 删除文件夹 G:/zhenxun_bot/plugins/nonebot_plugin_picsearcher
2025-05-01 17:52:00: 删除文件 G:/zhenxun_bot/plugins/one_friend/__pycache__/__init__.cpython-38.pyc
2025-05-01 17:52:00: 删除文件 G:/zhenxun_bot/plugins/one_friend/__pycache__/__init__.cpython-39.pyc
2025-05-01 17:52:00: 删除文件夹 G:/zhenxun_bot/plugins/one_friend/__pycache__
2025-05-01 17:52:00: 删除文件夹 G:/zhenxun_bot/plugins/one_friend
2025-05-01 17:52:00: 删除文件 G:/zhenxun_bot/plugins/open_cases/__pycache__/__init__.cpython-38.pyc
2025-05-01 17:52:00: 删除文件 G:/zhenxun_bot/plugins/open_cases/__pycache__/__init__.cpython-39.pyc
2025-05-01 17:52:00: 删除文件 G:/zhenxun_bot/plugins/open_cases/__pycache__/config.cpython-38.pyc
2025-05-01 17:52:00: 删除文件 G:/zhenxun_bot/plugins/open_cases/__pycache__/config.cpython-39.pyc
2025-05-01 17:52:00: 删除文件 G:/zhenxun_bot/plugins/open_cases/__pycache__/open_cases_c.cpython-38.pyc
2025-05-01 17:52:00: 删除文件 G:/zhenxun_bot/plugins/open_cases/__pycache__/open_cases_c.cpython-39.pyc
2025-05-01 17:52:00: 删除文件 G:/zhenxun_bot/plugins/open_cases/__pycache__/utils.cpython-38.pyc
2025-05-01 17:52:00: 删除文件 G:/zhenxun_bot/plugins/open_cases/__pycache__/utils.cpython-39.pyc
2025-05-01 17:52:00: 删除文件夹 G:/zhenxun_bot/plugins/open_cases/__pycache__
2025-05-01 17:52:00: 删除文件夹 G:/zhenxun_bot/plugins/open_cases
2025-05-01 17:52:00: 删除文件 G:/zhenxun_bot/plugins/pixiv/__pycache__/__init__.cpython-38.pyc
2025-05-01 17:52:00: 删除文件 G:/zhenxun_bot/plugins/pixiv/__pycache__/__init__.cpython-39.pyc
2025-05-01 17:52:00: 删除文件 G:/zhenxun_bot/plugins/pixiv/__pycache__/data_source.cpython-38.pyc
2025-05-01 17:52:00: 删除文件 G:/zhenxun_bot/plugins/pixiv/__pycache__/data_source.cpython-39.pyc
2025-05-01 17:52:00: 删除文件夹 G:/zhenxun_bot/plugins/pixiv/__pycache__
2025-05-01 17:52:00: 删除文件夹 G:/zhenxun_bot/plugins/pixiv
2025-05-01 17:52:00: 删除文件 G:/zhenxun_bot/plugins/poke/__pycache__/__init__.cpython-38.pyc
2025-05-01 17:52:00: 删除文件 G:/zhenxun_bot/plugins/poke/__pycache__/__init__.cpython-39.pyc
2025-05-01 17:52:00: 删除文件夹 G:/zhenxun_bot/plugins/poke/__pycache__
2025-05-01 17:52:00: 删除文件夹 G:/zhenxun_bot/plugins/poke
2025-05-01 17:52:00: 删除文件 G:/zhenxun_bot/plugins/reimu/__pycache__/__init__.cpython-38.pyc
2025-05-01 17:52:00: 删除文件 G:/zhenxun_bot/plugins/reimu/__pycache__/__init__.cpython-39.pyc
2025-05-01 17:52:00: 删除文件 G:/zhenxun_bot/plugins/reimu/__pycache__/data_source.cpython-38.pyc
2025-05-01 17:52:00: 删除文件 G:/zhenxun_bot/plugins/reimu/__pycache__/data_source.cpython-39.pyc
2025-05-01 17:52:00: 删除文件夹 G:/zhenxun_bot/plugins/reimu/__pycache__
2025-05-01 17:52:00: 删除文件夹 G:/zhenxun_bot/plugins/reimu
2025-05-01 17:52:00: 删除文件 G:/zhenxun_bot/plugins/remind/__pycache__/__init__.cpython-38.pyc
2025-05-01 17:52:00: 删除文件 G:/zhenxun_bot/plugins/remind/__pycache__/__init__.cpython-39.pyc
2025-05-01 17:52:00: 删除文件夹 G:/zhenxun_bot/plugins/remind/__pycache__
2025-05-01 17:52:00: 删除文件夹 G:/zhenxun_bot/plugins/remind
2025-05-01 17:52:00: 删除文件 G:/zhenxun_bot/plugins/search_anime/__pycache__/__init__.cpython-38.pyc
2025-05-01 17:52:00: 删除文件 G:/zhenxun_bot/plugins/search_anime/__pycache__/__init__.cpython-39.pyc
2025-05-01 17:52:00: 删除文件 G:/zhenxun_bot/plugins/search_anime/__pycache__/data_source.cpython-38.pyc
2025-05-01 17:52:00: 删除文件 G:/zhenxun_bot/plugins/search_anime/__pycache__/data_source.cpython-39.pyc
2025-05-01 17:52:00: 删除文件夹 G:/zhenxun_bot/plugins/search_anime/__pycache__
2025-05-01 17:52:00: 删除文件夹 G:/zhenxun_bot/plugins/search_anime
2025-05-01 17:52:00: 删除文件 G:/zhenxun_bot/plugins/search_buff_skin_price/__pycache__/__init__.cpython-38.pyc
2025-05-01 17:52:00: 删除文件 G:/zhenxun_bot/plugins/search_buff_skin_price/__pycache__/__init__.cpython-39.pyc
2025-05-01 17:52:00: 删除文件 G:/zhenxun_bot/plugins/search_buff_skin_price/__pycache__/data_source.cpython-38.pyc
2025-05-01 17:52:00: 删除文件 G:/zhenxun_bot/plugins/search_buff_skin_price/__pycache__/data_source.cpython-39.pyc
2025-05-01 17:52:00: 删除文件夹 G:/zhenxun_bot/plugins/search_buff_skin_price/__pycache__
2025-05-01 17:52:00: 删除文件夹 G:/zhenxun_bot/plugins/search_buff_skin_price
2025-05-01 17:52:00: 删除文件 G:/zhenxun_bot/plugins/send_dinggong_voice/__pycache__/__init__.cpython-38.pyc
2025-05-01 17:52:00: 删除文件 G:/zhenxun_bot/plugins/send_dinggong_voice/__pycache__/__init__.cpython-39.pyc
2025-05-01 17:52:00: 删除文件夹 G:/zhenxun_bot/plugins/send_dinggong_voice/__pycache__
2025-05-01 17:52:00: 删除文件夹 G:/zhenxun_bot/plugins/send_dinggong_voice
2025-05-01 17:52:00: 删除文件 G:/zhenxun_bot/plugins/send_img/__pycache__/__init__.cpython-38.pyc
2025-05-01 17:52:00: 删除文件 G:/zhenxun_bot/plugins/send_img/__pycache__/__init__.cpython-39.pyc
2025-05-01 17:52:00: 删除文件夹 G:/zhenxun_bot/plugins/send_img/__pycache__
2025-05-01 17:52:00: 删除文件夹 G:/zhenxun_bot/plugins/send_img
2025-05-01 17:52:00: 删除文件 G:/zhenxun_bot/plugins/send_setu/__pycache__/__init__.cpython-38.pyc
2025-05-01 17:52:00: 删除文件 G:/zhenxun_bot/plugins/send_setu/__pycache__/__init__.cpython-39.pyc
2025-05-01 17:52:00: 删除文件 G:/zhenxun_bot/plugins/send_setu/__pycache__/data_source.cpython-38.pyc
2025-05-01 17:52:00: 删除文件 G:/zhenxun_bot/plugins/send_setu/__pycache__/data_source.cpython-39.pyc
2025-05-01 17:52:00: 删除文件夹 G:/zhenxun_bot/plugins/send_setu/__pycache__
2025-05-01 17:52:00: 删除文件夹 G:/zhenxun_bot/plugins/send_setu
2025-05-01 17:52:00: 删除文件 G:/zhenxun_bot/plugins/shop/__pycache__/__init__.cpython-38.pyc
2025-05-01 17:52:00: 删除文件 G:/zhenxun_bot/plugins/shop/__pycache__/__init__.cpython-39.pyc
2025-05-01 17:52:00: 删除文件 G:/zhenxun_bot/plugins/shop/__pycache__/buy.cpython-38.pyc
2025-05-01 17:52:00: 删除文件 G:/zhenxun_bot/plugins/shop/__pycache__/buy.cpython-39.pyc
2025-05-01 17:52:00: 删除文件 G:/zhenxun_bot/plugins/shop/__pycache__/my_gold.cpython-38.pyc
2025-05-01 17:52:00: 删除文件 G:/zhenxun_bot/plugins/shop/__pycache__/my_gold.cpython-39.pyc
2025-05-01 17:52:00: 删除文件 G:/zhenxun_bot/plugins/shop/__pycache__/my_props.cpython-38.pyc
2025-05-01 17:52:00: 删除文件 G:/zhenxun_bot/plugins/shop/__pycache__/my_props.cpython-39.pyc
2025-05-01 17:52:00: 删除文件 G:/zhenxun_bot/plugins/shop/__pycache__/reset_today_gold.cpython-38.pyc
2025-05-01 17:52:00: 删除文件 G:/zhenxun_bot/plugins/shop/__pycache__/reset_today_gold.cpython-39.pyc
2025-05-01 17:52:00: 删除文件 G:/zhenxun_bot/plugins/shop/__pycache__/shop_help.cpython-38.pyc
2025-05-01 17:52:00: 删除文件 G:/zhenxun_bot/plugins/shop/__pycache__/shop_help.cpython-39.pyc
2025-05-01 17:52:00: 删除文件夹 G:/zhenxun_bot/plugins/shop/__pycache__
2025-05-01 17:52:00: 删除文件 G:/zhenxun_bot/plugins/shop/use/__pycache__/__init__.cpython-38.pyc
2025-05-01 17:52:00: 删除文件 G:/zhenxun_bot/plugins/shop/use/__pycache__/__init__.cpython-39.pyc
2025-05-01 17:52:00: 删除文件 G:/zhenxun_bot/plugins/shop/use/__pycache__/data_source.cpython-38.pyc
2025-05-01 17:52:00: 删除文件 G:/zhenxun_bot/plugins/shop/use/__pycache__/data_source.cpython-39.pyc
2025-05-01 17:52:00: 删除文件夹 G:/zhenxun_bot/plugins/shop/use/__pycache__
2025-05-01 17:52:00: 删除文件夹 G:/zhenxun_bot/plugins/shop/use
2025-05-01 17:52:00: 删除文件夹 G:/zhenxun_bot/plugins/shop
2025-05-01 17:52:00: 删除文件 G:/zhenxun_bot/plugins/sign_in/__pycache__/__init__.cpython-38.pyc
2025-05-01 17:52:00: 删除文件 G:/zhenxun_bot/plugins/sign_in/__pycache__/__init__.cpython-39.pyc
2025-05-01 17:52:00: 删除文件 G:/zhenxun_bot/plugins/sign_in/__pycache__/group_user_checkin.cpython-38.pyc
2025-05-01 17:52:00: 删除文件 G:/zhenxun_bot/plugins/sign_in/__pycache__/group_user_checkin.cpython-39.pyc
2025-05-01 17:52:00: 删除文件夹 G:/zhenxun_bot/plugins/sign_in/__pycache__
2025-05-01 17:52:00: 删除文件夹 G:/zhenxun_bot/plugins/sign_in
2025-05-01 17:52:00: 删除文件 G:/zhenxun_bot/plugins/songpicker2/__pycache__/__init__.cpython-38.pyc
2025-05-01 17:52:00: 删除文件 G:/zhenxun_bot/plugins/songpicker2/__pycache__/__init__.cpython-39.pyc
2025-05-01 17:52:00: 删除文件 G:/zhenxun_bot/plugins/songpicker2/__pycache__/data_source.cpython-38.pyc
2025-05-01 17:52:00: 删除文件 G:/zhenxun_bot/plugins/songpicker2/__pycache__/data_source.cpython-39.pyc
2025-05-01 17:52:00: 删除文件夹 G:/zhenxun_bot/plugins/songpicker2/__pycache__
2025-05-01 17:52:00: 删除文件夹 G:/zhenxun_bot/plugins/songpicker2
2025-05-01 17:52:00: 删除文件 G:/zhenxun_bot/plugins/super_cmd/__pycache__/__init__.cpython-38.pyc
2025-05-01 17:52:00: 删除文件 G:/zhenxun_bot/plugins/super_cmd/__pycache__/__init__.cpython-39.pyc
2025-05-01 17:52:00: 删除文件 G:/zhenxun_bot/plugins/super_cmd/__pycache__/data_source.cpython-38.pyc
2025-05-01 17:52:00: 删除文件 G:/zhenxun_bot/plugins/super_cmd/__pycache__/data_source.cpython-39.pyc
2025-05-01 17:52:00: 删除文件夹 G:/zhenxun_bot/plugins/super_cmd/__pycache__
2025-05-01 17:52:00: 删除文件夹 G:/zhenxun_bot/plugins/super_cmd
2025-05-01 17:52:00: 删除文件 G:/zhenxun_bot/plugins/super_help/__pycache__/__init__.cpython-38.pyc
2025-05-01 17:52:00: 删除文件 G:/zhenxun_bot/plugins/super_help/__pycache__/__init__.cpython-39.pyc
2025-05-01 17:52:00: 删除文件夹 G:/zhenxun_bot/plugins/super_help/__pycache__
2025-05-01 17:52:00: 删除文件夹 G:/zhenxun_bot/plugins/super_help
2025-05-01 17:52:00: 删除文件 G:/zhenxun_bot/plugins/translate/__pycache__/__init__.cpython-38.pyc
2025-05-01 17:52:00: 删除文件 G:/zhenxun_bot/plugins/translate/__pycache__/__init__.cpython-39.pyc
2025-05-01 17:52:00: 删除文件 G:/zhenxun_bot/plugins/translate/__pycache__/data_source.cpython-38.pyc
2025-05-01 17:52:00: 删除文件 G:/zhenxun_bot/plugins/translate/__pycache__/data_source.cpython-39.pyc
2025-05-01 17:52:00: 删除文件夹 G:/zhenxun_bot/plugins/translate/__pycache__
2025-05-01 17:52:00: 删除文件夹 G:/zhenxun_bot/plugins/translate
2025-05-01 17:52:00: 删除文件 G:/zhenxun_bot/plugins/update_gocqhttp/__pycache__/__init__.cpython-38.pyc
2025-05-01 17:52:00: 删除文件 G:/zhenxun_bot/plugins/update_gocqhttp/__pycache__/__init__.cpython-39.pyc
2025-05-01 17:52:00: 删除文件 G:/zhenxun_bot/plugins/update_gocqhttp/__pycache__/data_source.cpython-38.pyc
2025-05-01 17:52:00: 删除文件 G:/zhenxun_bot/plugins/update_gocqhttp/__pycache__/data_source.cpython-39.pyc
2025-05-01 17:52:00: 删除文件夹 G:/zhenxun_bot/plugins/update_gocqhttp/__pycache__
2025-05-01 17:52:00: 删除文件夹 G:/zhenxun_bot/plugins/update_gocqhttp
2025-05-01 17:52:00: 删除文件 G:/zhenxun_bot/plugins/update_setu/__pycache__/__init__.cpython-38.pyc
2025-05-01 17:52:00: 删除文件 G:/zhenxun_bot/plugins/update_setu/__pycache__/__init__.cpython-39.pyc
2025-05-01 17:52:00: 删除文件 G:/zhenxun_bot/plugins/update_setu/__pycache__/data_source.cpython-38.pyc
2025-05-01 17:52:00: 删除文件 G:/zhenxun_bot/plugins/update_setu/__pycache__/data_source.cpython-39.pyc
2025-05-01 17:52:00: 删除文件夹 G:/zhenxun_bot/plugins/update_setu/__pycache__
2025-05-01 17:52:00: 删除文件夹 G:/zhenxun_bot/plugins/update_setu
2025-05-01 17:52:00: 删除文件 G:/zhenxun_bot/plugins/upload_img/__pycache__/__init__.cpython-38.pyc
2025-05-01 17:52:00: 删除文件 G:/zhenxun_bot/plugins/upload_img/__pycache__/__init__.cpython-39.pyc
2025-05-01 17:52:00: 删除文件夹 G:/zhenxun_bot/plugins/upload_img/__pycache__
2025-05-01 17:52:00: 删除文件夹 G:/zhenxun_bot/plugins/upload_img
2025-05-01 17:52:00: 删除文件 G:/zhenxun_bot/plugins/weather/__pycache__/__init__.cpython-38.pyc
2025-05-01 17:52:00: 删除文件 G:/zhenxun_bot/plugins/weather/__pycache__/__init__.cpython-39.pyc
2025-05-01 17:52:00: 删除文件 G:/zhenxun_bot/plugins/weather/__pycache__/config.cpython-38.pyc
2025-05-01 17:52:00: 删除文件 G:/zhenxun_bot/plugins/weather/__pycache__/config.cpython-39.pyc
2025-05-01 17:52:00: 删除文件 G:/zhenxun_bot/plugins/weather/__pycache__/data_source.cpython-38.pyc
2025-05-01 17:52:00: 删除文件 G:/zhenxun_bot/plugins/weather/__pycache__/data_source.cpython-39.pyc
2025-05-01 17:52:00: 删除文件夹 G:/zhenxun_bot/plugins/weather/__pycache__
2025-05-01 17:52:00: 删除文件夹 G:/zhenxun_bot/plugins/weather
2025-05-01 17:52:00: 删除文件 G:/zhenxun_bot/plugins/what_anime/__pycache__/__init__.cpython-38.pyc
2025-05-01 17:52:00: 删除文件 G:/zhenxun_bot/plugins/what_anime/__pycache__/__init__.cpython-39.pyc
2025-05-01 17:52:00: 删除文件 G:/zhenxun_bot/plugins/what_anime/__pycache__/data_source.cpython-38.pyc
2025-05-01 17:52:00: 删除文件 G:/zhenxun_bot/plugins/what_anime/__pycache__/data_source.cpython-39.pyc
2025-05-01 17:52:00: 删除文件夹 G:/zhenxun_bot/plugins/what_anime/__pycache__
2025-05-01 17:52:00: 删除文件夹 G:/zhenxun_bot/plugins/what_anime
2025-05-01 17:52:00: 删除文件 G:/zhenxun_bot/plugins/yiqing/__pycache__/__init__.cpython-38.pyc
2025-05-01 17:52:00: 删除文件 G:/zhenxun_bot/plugins/yiqing/__pycache__/__init__.cpython-39.pyc
2025-05-01 17:52:00: 删除文件 G:/zhenxun_bot/plugins/yiqing/__pycache__/config.cpython-38.pyc
2025-05-01 17:52:00: 删除文件 G:/zhenxun_bot/plugins/yiqing/__pycache__/config.cpython-39.pyc
2025-05-01 17:52:00: 删除文件 G:/zhenxun_bot/plugins/yiqing/__pycache__/data_source.cpython-38.pyc
2025-05-01 17:52:00: 删除文件 G:/zhenxun_bot/plugins/yiqing/__pycache__/data_source.cpython-39.pyc
2025-05-01 17:52:00: 删除文件夹 G:/zhenxun_bot/plugins/yiqing/__pycache__
2025-05-01 17:52:00: 删除文件夹 G:/zhenxun_bot/plugins/yiqing
2025-05-01 17:52:00: 创建文件夹 G:/zhenxun_bot/plugins/api
2025-05-01 17:52:00: 创建文件夹 G:/zhenxun_bot/plugins/api/__pycache__
2025-05-01 17:52:00: 创建文件夹 G:/zhenxun_bot/plugins/api/handlers
2025-05-01 17:52:00: 创建文件夹 G:/zhenxun_bot/plugins/api/handlers/__pycache__
2025-05-01 17:52:00: 创建文件夹 G:/zhenxun_bot/plugins/api/sources
2025-05-01 17:52:00: 创建文件夹 G:/zhenxun_bot/plugins/api/sources/__pycache__
2025-05-01 17:52:00: 创建文件夹 G:/zhenxun_bot/plugins/commands
2025-05-01 17:52:00: 创建文件夹 G:/zhenxun_bot/plugins/commands/__pycache__
2025-05-01 17:52:00: 创建文件夹 G:/zhenxun_bot/plugins/templates
2025-05-01 17:52:00: 创建文件夹 G:/zhenxun_bot/plugins/utils
2025-05-01 17:52:00: 创建文件夹 G:/zhenxun_bot/plugins/utils/__pycache__
2025-05-01 17:52:00: 新建复制 'K:/Projects/Programme/Script/nonebot_plugins/nonebot-plugin-multi-source-daily/nonebot_plugin_multi_source_daily/__init__.py' -> 'G:/zhenxun_bot/plugins/__init__.py' (4,967)
2025-05-01 17:52:00: 新建复制 'K:/Projects/Programme/Script/nonebot_plugins/nonebot-plugin-multi-source-daily/nonebot_plugin_multi_source_daily/api/__pycache__/__init__.cpython-310.pyc' -> 'G:/zhenxun_bot/plugins/api/__pycache__/__init__.cpython-310.pyc' (641)
2025-05-01 17:52:00: 新建复制 'K:/Projects/Programme/Script/nonebot_plugins/nonebot-plugin-multi-source-daily/nonebot_plugin_multi_source_daily/api/__init__.py' -> 'G:/zhenxun_bot/plugins/api/__init__.py' (630)
2025-05-01 17:52:00: 新建复制 'K:/Projects/Programme/Script/nonebot_plugins/nonebot-plugin-multi-source-daily/nonebot_plugin_multi_source_daily/api/adapter.py' -> 'G:/zhenxun_bot/plugins/api/adapter.py' (2,734)
2025-05-01 17:52:00: 新建复制 'K:/Projects/Programme/Script/nonebot_plugins/nonebot-plugin-multi-source-daily/nonebot_plugin_multi_source_daily/api/__pycache__/manager.cpython-310.pyc' -> 'G:/zhenxun_bot/plugins/api/__pycache__/manager.cpython-310.pyc' (9,131)
2025-05-01 17:52:00: 新建复制 'K:/Projects/Programme/Script/nonebot_plugins/nonebot-plugin-multi-source-daily/nonebot_plugin_multi_source_daily/api/__pycache__/parsers.cpython-310.pyc' -> 'G:/zhenxun_bot/plugins/api/__pycache__/parsers.cpython-310.pyc' (6,860)
2025-05-01 17:52:00: 新建复制 'K:/Projects/Programme/Script/nonebot_plugins/nonebot-plugin-multi-source-daily/nonebot_plugin_multi_source_daily/api/handlers/__init__.py' -> 'G:/zhenxun_bot/plugins/api/handlers/__init__.py' (702)
2025-05-01 17:52:00: 新建复制 'K:/Projects/Programme/Script/nonebot_plugins/nonebot-plugin-multi-source-daily/nonebot_plugin_multi_source_daily/api/handlers/__pycache__/__init__.cpython-310.pyc' -> 'G:/zhenxun_bot/plugins/api/handlers/__pycache__/__init__.cpython-310.pyc' (933)
2025-05-01 17:52:00: 新建复制 'K:/Projects/Programme/Script/nonebot_plugins/nonebot-plugin-multi-source-daily/nonebot_plugin_multi_source_daily/api/handlers/__pycache__/base_handler.cpython-310.pyc' -> 'G:/zhenxun_bot/plugins/api/handlers/__pycache__/base_handler.cpython-310.pyc' (4,485)
2025-05-01 17:52:00: 新建复制 'K:/Projects/Programme/Script/nonebot_plugins/nonebot-plugin-multi-source-daily/nonebot_plugin_multi_source_daily/api/handlers/__pycache__/ithome_handler.cpython-310.pyc' -> 'G:/zhenxun_bot/plugins/api/handlers/__pycache__/ithome_handler.cpython-310.pyc' (3,556)
2025-05-01 17:52:00: 新建复制 'K:/Projects/Programme/Script/nonebot_plugins/nonebot-plugin-multi-source-daily/nonebot_plugin_multi_source_daily/api/handlers/__pycache__/zhihu_handler.cpython-310.pyc' -> 'G:/zhenxun_bot/plugins/api/handlers/__pycache__/zhihu_handler.cpython-310.pyc' (2,988)
2025-05-01 17:52:00: 新建复制 'K:/Projects/Programme/Script/nonebot_plugins/nonebot-plugin-multi-source-daily/nonebot_plugin_multi_source_daily/api/handlers/base_handler.py' -> 'G:/zhenxun_bot/plugins/api/handlers/base_handler.py' (3,821)
2025-05-01 17:52:00: 新建复制 'K:/Projects/Programme/Script/nonebot_plugins/nonebot-plugin-multi-source-daily/nonebot_plugin_multi_source_daily/api/handlers/ithome_handler.py' -> 'G:/zhenxun_bot/plugins/api/handlers/ithome_handler.py' (4,537)
2025-05-01 17:52:00: 新建复制 'K:/Projects/Programme/Script/nonebot_plugins/nonebot-plugin-multi-source-daily/nonebot_plugin_multi_source_daily/api/handlers/zhihu_handler.py' -> 'G:/zhenxun_bot/plugins/api/handlers/zhihu_handler.py' (3,118)
2025-05-01 17:52:00: 新建复制 'K:/Projects/Programme/Script/nonebot_plugins/nonebot-plugin-multi-source-daily/nonebot_plugin_multi_source_daily/api/manager.py' -> 'G:/zhenxun_bot/plugins/api/manager.py' (11,720)
2025-05-01 17:52:00: 新建复制 'K:/Projects/Programme/Script/nonebot_plugins/nonebot-plugin-multi-source-daily/nonebot_plugin_multi_source_daily/api/parsers.py' -> 'G:/zhenxun_bot/plugins/api/parsers.py' (11,342)
2025-05-01 17:52:00: 新建复制 'K:/Projects/Programme/Script/nonebot_plugins/nonebot-plugin-multi-source-daily/nonebot_plugin_multi_source_daily/api/sources/__init__.py' -> 'G:/zhenxun_bot/plugins/api/sources/__init__.py' (702)
2025-05-01 17:52:00: 新建复制 'K:/Projects/Programme/Script/nonebot_plugins/nonebot-plugin-multi-source-daily/nonebot_plugin_multi_source_daily/api/sources/__pycache__/__init__.cpython-310.pyc' -> 'G:/zhenxun_bot/plugins/api/sources/__pycache__/__init__.cpython-310.pyc' (737)
2025-05-01 17:52:00: 新建复制 'K:/Projects/Programme/Script/nonebot_plugins/nonebot-plugin-multi-source-daily/nonebot_plugin_multi_source_daily/api/sources/__pycache__/base.cpython-310.pyc' -> 'G:/zhenxun_bot/plugins/api/sources/__pycache__/base.cpython-310.pyc' (4,419)
2025-05-01 17:52:00: 新建复制 'K:/Projects/Programme/Script/nonebot_plugins/nonebot-plugin-multi-source-daily/nonebot_plugin_multi_source_daily/api/sources/__pycache__/history.cpython-310.pyc' -> 'G:/zhenxun_bot/plugins/api/sources/__pycache__/history.cpython-310.pyc' (2,710)
2025-05-01 17:52:00: 新建复制 'K:/Projects/Programme/Script/nonebot_plugins/nonebot-plugin-multi-source-daily/nonebot_plugin_multi_source_daily/api/sources/__pycache__/ithome.cpython-310.pyc' -> 'G:/zhenxun_bot/plugins/api/sources/__pycache__/ithome.cpython-310.pyc' (3,603)
2025-05-01 17:52:00: 新建复制 'K:/Projects/Programme/Script/nonebot_plugins/nonebot-plugin-multi-source-daily/nonebot_plugin_multi_source_daily/api/sources/__pycache__/moyu.cpython-310.pyc' -> 'G:/zhenxun_bot/plugins/api/sources/__pycache__/moyu.cpython-310.pyc' (2,201)
2025-05-01 17:52:00: 新建复制 'K:/Projects/Programme/Script/nonebot_plugins/nonebot-plugin-multi-source-daily/nonebot_plugin_multi_source_daily/api/sources/__pycache__/sixty_seconds.cpython-310.pyc' -> 'G:/zhenxun_bot/plugins/api/sources/__pycache__/sixty_seconds.cpython-310.pyc' (2,393)
2025-05-01 17:52:00: 新建复制 'K:/Projects/Programme/Script/nonebot_plugins/nonebot-plugin-multi-source-daily/nonebot_plugin_multi_source_daily/api/sources/__pycache__/zhihu.cpython-310.pyc' -> 'G:/zhenxun_bot/plugins/api/sources/__pycache__/zhihu.cpython-310.pyc' (3,021)
2025-05-01 17:52:00: 新建复制 'K:/Projects/Programme/Script/nonebot_plugins/nonebot-plugin-multi-source-daily/nonebot_plugin_multi_source_daily/api/sources/base.py' -> 'G:/zhenxun_bot/plugins/api/sources/base.py' (4,426)
2025-05-01 17:52:00: 新建复制 'K:/Projects/Programme/Script/nonebot_plugins/nonebot-plugin-multi-source-daily/nonebot_plugin_multi_source_daily/api/sources/history.py' -> 'G:/zhenxun_bot/plugins/api/sources/history.py' (2,619)
2025-05-01 17:52:00: 新建复制 'K:/Projects/Programme/Script/nonebot_plugins/nonebot-plugin-multi-source-daily/nonebot_plugin_multi_source_daily/api/sources/ithome.py' -> 'G:/zhenxun_bot/plugins/api/sources/ithome.py' (4,558)
2025-05-01 17:52:00: 新建复制 'K:/Projects/Programme/Script/nonebot_plugins/nonebot-plugin-multi-source-daily/nonebot_plugin_multi_source_daily/api/sources/moyu.py' -> 'G:/zhenxun_bot/plugins/api/sources/moyu.py' (1,750)
2025-05-01 17:52:00: 新建复制 'K:/Projects/Programme/Script/nonebot_plugins/nonebot-plugin-multi-source-daily/nonebot_plugin_multi_source_daily/api/sources/sixty_seconds.py' -> 'G:/zhenxun_bot/plugins/api/sources/sixty_seconds.py' (2,026)
2025-05-01 17:52:00: 新建复制 'K:/Projects/Programme/Script/nonebot_plugins/nonebot-plugin-multi-source-daily/nonebot_plugin_multi_source_daily/api/sources/zhihu.py' -> 'G:/zhenxun_bot/plugins/api/sources/zhihu.py' (3,188)
2025-05-01 17:52:00: 新建复制 'K:/Projects/Programme/Script/nonebot_plugins/nonebot-plugin-multi-source-daily/nonebot_plugin_multi_source_daily/commands/__pycache__/__init__.cpython-310.pyc' -> 'G:/zhenxun_bot/plugins/commands/__pycache__/__init__.cpython-310.pyc' (402)
2025-05-01 17:52:00: 新建复制 'K:/Projects/Programme/Script/nonebot_plugins/nonebot-plugin-multi-source-daily/nonebot_plugin_multi_source_daily/commands/__init__.py' -> 'G:/zhenxun_bot/plugins/commands/__init__.py' (297)
2025-05-01 17:52:00: 新建复制 'K:/Projects/Programme/Script/nonebot_plugins/nonebot-plugin-multi-source-daily/nonebot_plugin_multi_source_daily/commands/__pycache__/api.cpython-310.pyc' -> 'G:/zhenxun_bot/plugins/commands/__pycache__/api.cpython-310.pyc' (5,759)
2025-05-01 17:52:00: 新建复制 'K:/Projects/Programme/Script/nonebot_plugins/nonebot-plugin-multi-source-daily/nonebot_plugin_multi_source_daily/commands/__pycache__/base.cpython-310.pyc' -> 'G:/zhenxun_bot/plugins/commands/__pycache__/base.cpython-310.pyc' (2,639)
2025-05-01 17:52:00: 新建复制 'K:/Projects/Programme/Script/nonebot_plugins/nonebot-plugin-multi-source-daily/nonebot_plugin_multi_source_daily/commands/__pycache__/api_management.cpython-310.pyc' -> 'G:/zhenxun_bot/plugins/commands/__pycache__/api_management.cpython-310.pyc' (4,562)
2025-05-01 17:52:00: 新建复制 'K:/Projects/Programme/Script/nonebot_plugins/nonebot-plugin-multi-source-daily/nonebot_plugin_multi_source_daily/commands/__pycache__/cache.cpython-310.pyc' -> 'G:/zhenxun_bot/plugins/commands/__pycache__/cache.cpython-310.pyc' (3,154)
2025-05-01 17:52:00: 新建复制 'K:/Projects/Programme/Script/nonebot_plugins/nonebot-plugin-multi-source-daily/nonebot_plugin_multi_source_daily/commands/__pycache__/news_detail.cpython-310.pyc' -> 'G:/zhenxun_bot/plugins/commands/__pycache__/news_detail.cpython-310.pyc' (4,194)
2025-05-01 17:52:00: 新建复制 'K:/Projects/Programme/Script/nonebot_plugins/nonebot-plugin-multi-source-daily/nonebot_plugin_multi_source_daily/commands/__pycache__/reset_api.cpython-310.pyc' -> 'G:/zhenxun_bot/plugins/commands/__pycache__/reset_api.cpython-310.pyc' (1,280)
2025-05-01 17:52:00: 新建复制 'K:/Projects/Programme/Script/nonebot_plugins/nonebot-plugin-multi-source-daily/nonebot_plugin_multi_source_daily/commands/api.py' -> 'G:/zhenxun_bot/plugins/commands/api.py' (7,775)
2025-05-01 17:52:00: 新建复制 'K:/Projects/Programme/Script/nonebot_plugins/nonebot-plugin-multi-source-daily/nonebot_plugin_multi_source_daily/commands/__pycache__/schedule.cpython-310.pyc' -> 'G:/zhenxun_bot/plugins/commands/__pycache__/schedule.cpython-310.pyc' (13,508)
2025-05-01 17:52:00: 新建复制 'K:/Projects/Programme/Script/nonebot_plugins/nonebot-plugin-multi-source-daily/nonebot_plugin_multi_source_daily/commands/__pycache__/schedule_new.cpython-310.pyc' -> 'G:/zhenxun_bot/plugins/commands/__pycache__/schedule_new.cpython-310.pyc' (11,228)
2025-05-01 17:52:00: 新建复制 'K:/Projects/Programme/Script/nonebot_plugins/nonebot-plugin-multi-source-daily/nonebot_plugin_multi_source_daily/commands/base.py' -> 'G:/zhenxun_bot/plugins/commands/base.py' (2,938)
2025-05-01 17:52:00: 新建复制 'K:/Projects/Programme/Script/nonebot_plugins/nonebot-plugin-multi-source-daily/nonebot_plugin_multi_source_daily/commands/news_detail.py' -> 'G:/zhenxun_bot/plugins/commands/news_detail.py' (5,000)
2025-05-01 17:52:00: 新建复制 'K:/Projects/Programme/Script/nonebot_plugins/nonebot-plugin-multi-source-daily/nonebot_plugin_multi_source_daily/commands/cache.py' -> 'G:/zhenxun_bot/plugins/commands/cache.py' (3,852)
2025-05-01 17:52:00: 新建复制 'K:/Projects/Programme/Script/nonebot_plugins/nonebot-plugin-multi-source-daily/nonebot_plugin_multi_source_daily/commands/schedule.py' -> 'G:/zhenxun_bot/plugins/commands/schedule.py' (24,709)
2025-05-01 17:52:00: 新建复制 'K:/Projects/Programme/Script/nonebot_plugins/nonebot-plugin-multi-source-daily/nonebot_plugin_multi_source_daily/exceptions.py' -> 'G:/zhenxun_bot/plugins/exceptions.py' (4,544)
2025-05-01 17:52:00: 新建复制 'K:/Projects/Programme/Script/nonebot_plugins/nonebot-plugin-multi-source-daily/nonebot_plugin_multi_source_daily/config.py' -> 'G:/zhenxun_bot/plugins/config.py' (4,008)
2025-05-01 17:52:00: 新建复制 'K:/Projects/Programme/Script/nonebot_plugins/nonebot-plugin-multi-source-daily/nonebot_plugin_multi_source_daily/models.py' -> 'G:/zhenxun_bot/plugins/models.py' (5,186)
2025-05-01 17:52:00: 新建复制 'K:/Projects/Programme/Script/nonebot_plugins/nonebot-plugin-multi-source-daily/nonebot_plugin_multi_source_daily/templates/custom_markdown.css' -> 'G:/zhenxun_bot/plugins/templates/custom_markdown.css' (327)
2025-05-01 17:52:00: 新建复制 'K:/Projects/Programme/Script/nonebot_plugins/nonebot-plugin-multi-source-daily/nonebot_plugin_multi_source_daily/templates/history.html' -> 'G:/zhenxun_bot/plugins/templates/history.html' (2,293)
2025-05-01 17:52:00: 新建复制 'K:/Projects/Programme/Script/nonebot_plugins/nonebot-plugin-multi-source-daily/nonebot_plugin_multi_source_daily/templates/ithome.html' -> 'G:/zhenxun_bot/plugins/templates/ithome.html' (5,329)
2025-05-01 17:52:00: 新建复制 'K:/Projects/Programme/Script/nonebot_plugins/nonebot-plugin-multi-source-daily/nonebot_plugin_multi_source_daily/templates/news_template.html' -> 'G:/zhenxun_bot/plugins/templates/news_template.html' (4,085)
2025-05-01 17:52:00: 新建复制 'K:/Projects/Programme/Script/nonebot_plugins/nonebot-plugin-multi-source-daily/nonebot_plugin_multi_source_daily/templates/sixty_seconds.html' -> 'G:/zhenxun_bot/plugins/templates/sixty_seconds.html' (2,503)
2025-05-01 17:52:00: 新建复制 'K:/Projects/Programme/Script/nonebot_plugins/nonebot-plugin-multi-source-daily/nonebot_plugin_multi_source_daily/templates/zhihu.html' -> 'G:/zhenxun_bot/plugins/templates/zhihu.html' (5,555)
2025-05-01 17:52:00: 新建复制 'K:/Projects/Programme/Script/nonebot_plugins/nonebot-plugin-multi-source-daily/nonebot_plugin_multi_source_daily/utils/__init__.py' -> 'G:/zhenxun_bot/plugins/utils/__init__.py' (620)
2025-05-01 17:52:00: 新建复制 'K:/Projects/Programme/Script/nonebot_plugins/nonebot-plugin-multi-source-daily/nonebot_plugin_multi_source_daily/utils/__pycache__/__init__.cpython-310.pyc' -> 'G:/zhenxun_bot/plugins/utils/__pycache__/__init__.cpython-310.pyc' (640)
2025-05-01 17:52:00: 新建复制 'K:/Projects/Programme/Script/nonebot_plugins/nonebot-plugin-multi-source-daily/nonebot_plugin_multi_source_daily/utils/__pycache__/cache.cpython-310.pyc' -> 'G:/zhenxun_bot/plugins/utils/__pycache__/cache.cpython-310.pyc' (5,114)
2025-05-01 17:52:00: 新建复制 'K:/Projects/Programme/Script/nonebot_plugins/nonebot-plugin-multi-source-daily/nonebot_plugin_multi_source_daily/utils/__pycache__/helpers.cpython-310.pyc' -> 'G:/zhenxun_bot/plugins/utils/__pycache__/helpers.cpython-310.pyc' (5,921)
2025-05-01 17:52:00: 新建复制 'K:/Projects/Programme/Script/nonebot_plugins/nonebot-plugin-multi-source-daily/nonebot_plugin_multi_source_daily/utils/__pycache__/scheduler.cpython-310.pyc' -> 'G:/zhenxun_bot/plugins/utils/__pycache__/scheduler.cpython-310.pyc' (12,133)
2025-05-01 17:52:00: 新建复制 'K:/Projects/Programme/Script/nonebot_plugins/nonebot-plugin-multi-source-daily/nonebot_plugin_multi_source_daily/utils/__pycache__/screenshot.cpython-310.pyc' -> 'G:/zhenxun_bot/plugins/utils/__pycache__/screenshot.cpython-310.pyc' (12,791)
2025-05-01 17:52:00: 新建复制 'K:/Projects/Programme/Script/nonebot_plugins/nonebot-plugin-multi-source-daily/nonebot_plugin_multi_source_daily/utils/cache.py' -> 'G:/zhenxun_bot/plugins/utils/cache.py' (5,290)
2025-05-01 17:52:00: 新建复制 'K:/Projects/Programme/Script/nonebot_plugins/nonebot-plugin-multi-source-daily/nonebot_plugin_multi_source_daily/utils/helpers.py' -> 'G:/zhenxun_bot/plugins/utils/helpers.py' (6,784)
2025-05-01 17:52:00: 新建复制 'K:/Projects/Programme/Script/nonebot_plugins/nonebot-plugin-multi-source-daily/nonebot_plugin_multi_source_daily/utils/scheduler.py' -> 'G:/zhenxun_bot/plugins/utils/scheduler.py' (14,997)
2025-05-01 17:52:00: 新建复制 'K:/Projects/Programme/Script/nonebot_plugins/nonebot-plugin-multi-source-daily/nonebot_plugin_multi_source_daily/utils/screenshot.py' -> 'G:/zhenxun_bot/plugins/utils/screenshot.py' (13,899)
2025-05-01 17:52:00: == 同步完成. 历时: 00:00:00, 速度: 0.00/s, 完成: 418, 错误: 0
