2025-05-01 17:56:51: == 同步开始由 User Command
2025-05-01 17:56:51: 删除文件 G:/zhenxun_bot/zhenxun/plugins/nonebot_plugin_multi_source_daily/.git/COMMIT_EDITMSG
2025-05-01 17:56:51: 删除文件 G:/zhenxun_bot/zhenxun/plugins/nonebot_plugin_multi_source_daily/.git/config
2025-05-01 17:56:51: 删除文件 G:/zhenxun_bot/zhenxun/plugins/nonebot_plugin_multi_source_daily/.git/description
2025-05-01 17:56:51: 删除文件 G:/zhenxun_bot/zhenxun/plugins/nonebot_plugin_multi_source_daily/.git/FETCH_HEAD
2025-05-01 17:56:51: 删除文件 G:/zhenxun_bot/zhenxun/plugins/nonebot_plugin_multi_source_daily/.git/HEAD
2025-05-01 17:56:51: 删除文件 G:/zhenxun_bot/zhenxun/plugins/nonebot_plugin_multi_source_daily/.git/hooks/applypatch-msg.sample
2025-05-01 17:56:51: 删除文件 G:/zhenxun_bot/zhenxun/plugins/nonebot_plugin_multi_source_daily/.git/hooks/commit-msg.sample
2025-05-01 17:56:51: 删除文件 G:/zhenxun_bot/zhenxun/plugins/nonebot_plugin_multi_source_daily/.git/hooks/fsmonitor-watchman.sample
2025-05-01 17:56:51: 删除文件 G:/zhenxun_bot/zhenxun/plugins/nonebot_plugin_multi_source_daily/.git/hooks/post-update.sample
2025-05-01 17:56:51: 删除文件 G:/zhenxun_bot/zhenxun/plugins/nonebot_plugin_multi_source_daily/.git/hooks/pre-applypatch.sample
2025-05-01 17:56:51: 删除文件 G:/zhenxun_bot/zhenxun/plugins/nonebot_plugin_multi_source_daily/.git/hooks/pre-commit.sample
2025-05-01 17:56:51: 删除文件 G:/zhenxun_bot/zhenxun/plugins/nonebot_plugin_multi_source_daily/.git/hooks/pre-merge-commit.sample
2025-05-01 17:56:51: 删除文件 G:/zhenxun_bot/zhenxun/plugins/nonebot_plugin_multi_source_daily/.git/hooks/pre-push.sample
2025-05-01 17:56:51: 删除文件 G:/zhenxun_bot/zhenxun/plugins/nonebot_plugin_multi_source_daily/.git/hooks/pre-rebase.sample
2025-05-01 17:56:51: 删除文件 G:/zhenxun_bot/zhenxun/plugins/nonebot_plugin_multi_source_daily/.git/hooks/pre-receive.sample
2025-05-01 17:56:51: 删除文件 G:/zhenxun_bot/zhenxun/plugins/nonebot_plugin_multi_source_daily/.git/hooks/prepare-commit-msg.sample
2025-05-01 17:56:51: 删除文件 G:/zhenxun_bot/zhenxun/plugins/nonebot_plugin_multi_source_daily/.git/hooks/push-to-checkout.sample
2025-05-01 17:56:51: 删除文件 G:/zhenxun_bot/zhenxun/plugins/nonebot_plugin_multi_source_daily/.git/hooks/sendemail-validate.sample
2025-05-01 17:56:51: 删除文件 G:/zhenxun_bot/zhenxun/plugins/nonebot_plugin_multi_source_daily/.git/hooks/update.sample
2025-05-01 17:56:51: 删除文件夹 G:/zhenxun_bot/zhenxun/plugins/nonebot_plugin_multi_source_daily/.git/hooks
2025-05-01 17:56:51: 删除文件 G:/zhenxun_bot/zhenxun/plugins/nonebot_plugin_multi_source_daily/.git/index
2025-05-01 17:56:51: 删除文件 G:/zhenxun_bot/zhenxun/plugins/nonebot_plugin_multi_source_daily/.git/info/exclude
2025-05-01 17:56:51: 删除文件夹 G:/zhenxun_bot/zhenxun/plugins/nonebot_plugin_multi_source_daily/.git/info
2025-05-01 17:56:51: 删除文件 G:/zhenxun_bot/zhenxun/plugins/nonebot_plugin_multi_source_daily/.git/logs/HEAD
2025-05-01 17:56:51: 删除文件 G:/zhenxun_bot/zhenxun/plugins/nonebot_plugin_multi_source_daily/.git/logs/refs/heads/master
2025-05-01 17:56:51: 删除文件夹 G:/zhenxun_bot/zhenxun/plugins/nonebot_plugin_multi_source_daily/.git/logs/refs/heads
2025-05-01 17:56:51: 删除文件夹 G:/zhenxun_bot/zhenxun/plugins/nonebot_plugin_multi_source_daily/.git/logs/refs
2025-05-01 17:56:51: 删除文件夹 G:/zhenxun_bot/zhenxun/plugins/nonebot_plugin_multi_source_daily/.git/logs
2025-05-01 17:56:51: 删除文件 G:/zhenxun_bot/zhenxun/plugins/nonebot_plugin_multi_source_daily/.git/objects/01/f1e9de6b50e8a21e86383fcc30bd61a4732f6e
2025-05-01 17:56:51: 删除文件夹 G:/zhenxun_bot/zhenxun/plugins/nonebot_plugin_multi_source_daily/.git/objects/01
2025-05-01 17:56:51: 删除文件 G:/zhenxun_bot/zhenxun/plugins/nonebot_plugin_multi_source_daily/.git/objects/02/e07eb0500319fa0b793f53718f8b942def09f6
2025-05-01 17:56:51: 删除文件夹 G:/zhenxun_bot/zhenxun/plugins/nonebot_plugin_multi_source_daily/.git/objects/02
2025-05-01 17:56:51: 删除文件 G:/zhenxun_bot/zhenxun/plugins/nonebot_plugin_multi_source_daily/.git/objects/04/c7d400906fe7f9a6421eceeb8e7e29d009b8a7
2025-05-01 17:56:51: 删除文件夹 G:/zhenxun_bot/zhenxun/plugins/nonebot_plugin_multi_source_daily/.git/objects/04
2025-05-01 17:56:51: 删除文件 G:/zhenxun_bot/zhenxun/plugins/nonebot_plugin_multi_source_daily/.git/objects/07/0c4a81ad6ad2c31356880826735aef9b7140fe
2025-05-01 17:56:51: 删除文件 G:/zhenxun_bot/zhenxun/plugins/nonebot_plugin_multi_source_daily/.git/objects/07/2ecb436105aafb3445adbdc84e9d3103835395
2025-05-01 17:56:51: 删除文件 G:/zhenxun_bot/zhenxun/plugins/nonebot_plugin_multi_source_daily/.git/objects/07/45039e9dc85f8269248fbec88251bb6dd9824a
2025-05-01 17:56:51: 删除文件夹 G:/zhenxun_bot/zhenxun/plugins/nonebot_plugin_multi_source_daily/.git/objects/07
2025-05-01 17:56:51: 删除文件 G:/zhenxun_bot/zhenxun/plugins/nonebot_plugin_multi_source_daily/.git/objects/09/877f3b2dfc75567fb23edb7331cdd809ab7429
2025-05-01 17:56:51: 删除文件 G:/zhenxun_bot/zhenxun/plugins/nonebot_plugin_multi_source_daily/.git/objects/09/f87516b91821530443899c37802f1e69b75f01
2025-05-01 17:56:51: 删除文件夹 G:/zhenxun_bot/zhenxun/plugins/nonebot_plugin_multi_source_daily/.git/objects/09
2025-05-01 17:56:51: 删除文件 G:/zhenxun_bot/zhenxun/plugins/nonebot_plugin_multi_source_daily/.git/objects/0c/c55758915aa9bdc3ed3743314b2420f499d912
2025-05-01 17:56:51: 删除文件夹 G:/zhenxun_bot/zhenxun/plugins/nonebot_plugin_multi_source_daily/.git/objects/0c
2025-05-01 17:56:51: 删除文件 G:/zhenxun_bot/zhenxun/plugins/nonebot_plugin_multi_source_daily/.git/objects/0e/9a16eba3f2f7b3d08fec60b0b419b9d60f4012
2025-05-01 17:56:51: 删除文件夹 G:/zhenxun_bot/zhenxun/plugins/nonebot_plugin_multi_source_daily/.git/objects/0e
2025-05-01 17:56:51: 删除文件 G:/zhenxun_bot/zhenxun/plugins/nonebot_plugin_multi_source_daily/.git/objects/10/f48e9d59c908d8d137330b432f14bde2347e1c
2025-05-01 17:56:51: 删除文件夹 G:/zhenxun_bot/zhenxun/plugins/nonebot_plugin_multi_source_daily/.git/objects/10
2025-05-01 17:56:51: 删除文件 G:/zhenxun_bot/zhenxun/plugins/nonebot_plugin_multi_source_daily/.git/objects/11/ffd4c5088fcad7dc54838f05c9a51a274242c1
2025-05-01 17:56:51: 删除文件夹 G:/zhenxun_bot/zhenxun/plugins/nonebot_plugin_multi_source_daily/.git/objects/11
2025-05-01 17:56:51: 删除文件 G:/zhenxun_bot/zhenxun/plugins/nonebot_plugin_multi_source_daily/.git/objects/17/5a6e2082f69e42c0d5924c16e7f36b7399e60f
2025-05-01 17:56:51: 删除文件 G:/zhenxun_bot/zhenxun/plugins/nonebot_plugin_multi_source_daily/.git/objects/17/7666410e46037b3fcd66e9009bde26420f2fe5
2025-05-01 17:56:51: 删除文件 G:/zhenxun_bot/zhenxun/plugins/nonebot_plugin_multi_source_daily/.git/objects/17/7782c9c751df3984945c599e2bc8345e318e90
2025-05-01 17:56:51: 删除文件夹 G:/zhenxun_bot/zhenxun/plugins/nonebot_plugin_multi_source_daily/.git/objects/17
2025-05-01 17:56:51: 删除文件 G:/zhenxun_bot/zhenxun/plugins/nonebot_plugin_multi_source_daily/.git/objects/19/282811b42a6d820859c1ec7e0ea77a989f3890
2025-05-01 17:56:51: 删除文件 G:/zhenxun_bot/zhenxun/plugins/nonebot_plugin_multi_source_daily/.git/objects/19/af6cfa5412983fafcce1d26fc0c0fab2e36537
2025-05-01 17:56:51: 删除文件夹 G:/zhenxun_bot/zhenxun/plugins/nonebot_plugin_multi_source_daily/.git/objects/19
2025-05-01 17:56:51: 删除文件 G:/zhenxun_bot/zhenxun/plugins/nonebot_plugin_multi_source_daily/.git/objects/1c/94d4b660e1135581104f38b7c10305f806f71f
2025-05-01 17:56:51: 删除文件夹 G:/zhenxun_bot/zhenxun/plugins/nonebot_plugin_multi_source_daily/.git/objects/1c
2025-05-01 17:56:51: 删除文件 G:/zhenxun_bot/zhenxun/plugins/nonebot_plugin_multi_source_daily/.git/objects/1d/0497cc47f5ae453451ea3b5c2713a6eaf7549e
2025-05-01 17:56:51: 删除文件夹 G:/zhenxun_bot/zhenxun/plugins/nonebot_plugin_multi_source_daily/.git/objects/1d
2025-05-01 17:56:51: 删除文件 G:/zhenxun_bot/zhenxun/plugins/nonebot_plugin_multi_source_daily/.git/objects/1e/6aa48bf98055be4e060874c745349d4ba01a20
2025-05-01 17:56:51: 删除文件 G:/zhenxun_bot/zhenxun/plugins/nonebot_plugin_multi_source_daily/.git/objects/1e/7a098fb5a4ff4740b1ee8096c78457b64d1d7c
2025-05-01 17:56:51: 删除文件夹 G:/zhenxun_bot/zhenxun/plugins/nonebot_plugin_multi_source_daily/.git/objects/1e
2025-05-01 17:56:51: 删除文件 G:/zhenxun_bot/zhenxun/plugins/nonebot_plugin_multi_source_daily/.git/objects/1f/3a968bcf0e48eba79f58525001b00bb30296b0
2025-05-01 17:56:51: 删除文件夹 G:/zhenxun_bot/zhenxun/plugins/nonebot_plugin_multi_source_daily/.git/objects/1f
2025-05-01 17:56:51: 删除文件 G:/zhenxun_bot/zhenxun/plugins/nonebot_plugin_multi_source_daily/.git/objects/20/685e74debb5289aac23f250cf4a43ebbf725a0
2025-05-01 17:56:51: 删除文件夹 G:/zhenxun_bot/zhenxun/plugins/nonebot_plugin_multi_source_daily/.git/objects/20
2025-05-01 17:56:51: 删除文件 G:/zhenxun_bot/zhenxun/plugins/nonebot_plugin_multi_source_daily/.git/objects/21/f50a8ccb528e8ab924c2ae57e6928a03180efe
2025-05-01 17:56:51: 删除文件夹 G:/zhenxun_bot/zhenxun/plugins/nonebot_plugin_multi_source_daily/.git/objects/21
2025-05-01 17:56:51: 删除文件 G:/zhenxun_bot/zhenxun/plugins/nonebot_plugin_multi_source_daily/.git/objects/24/1bd199500a49bd822500db8a4e856e54fa6819
2025-05-01 17:56:51: 删除文件 G:/zhenxun_bot/zhenxun/plugins/nonebot_plugin_multi_source_daily/.git/objects/24/1ee64434f6587446de89ad8047f9f5b046bd8d
2025-05-01 17:56:51: 删除文件 G:/zhenxun_bot/zhenxun/plugins/nonebot_plugin_multi_source_daily/.git/objects/24/2d9d7cf8232401847815d9f2364cbc47da6c79
2025-05-01 17:56:51: 删除文件夹 G:/zhenxun_bot/zhenxun/plugins/nonebot_plugin_multi_source_daily/.git/objects/24
2025-05-01 17:56:51: 删除文件 G:/zhenxun_bot/zhenxun/plugins/nonebot_plugin_multi_source_daily/.git/objects/25/7f0dec9592f81c96d158d89bb2fcea7da96def
2025-05-01 17:56:51: 删除文件夹 G:/zhenxun_bot/zhenxun/plugins/nonebot_plugin_multi_source_daily/.git/objects/25
2025-05-01 17:56:51: 删除文件 G:/zhenxun_bot/zhenxun/plugins/nonebot_plugin_multi_source_daily/.git/objects/26/38f017c8a865b76e08b47b14fd529ea9906470
2025-05-01 17:56:51: 删除文件夹 G:/zhenxun_bot/zhenxun/plugins/nonebot_plugin_multi_source_daily/.git/objects/26
2025-05-01 17:56:51: 删除文件 G:/zhenxun_bot/zhenxun/plugins/nonebot_plugin_multi_source_daily/.git/objects/27/990db7301bff5791f1231826389c91c863fc0d
2025-05-01 17:56:51: 删除文件夹 G:/zhenxun_bot/zhenxun/plugins/nonebot_plugin_multi_source_daily/.git/objects/27
2025-05-01 17:56:51: 删除文件 G:/zhenxun_bot/zhenxun/plugins/nonebot_plugin_multi_source_daily/.git/objects/28/4fe374d9591bff70f51c79d57281fbcaffa024
2025-05-01 17:56:51: 删除文件夹 G:/zhenxun_bot/zhenxun/plugins/nonebot_plugin_multi_source_daily/.git/objects/28
2025-05-01 17:56:51: 删除文件 G:/zhenxun_bot/zhenxun/plugins/nonebot_plugin_multi_source_daily/.git/objects/2a/71a839b7d1a452a3db4764ce665f2cfa8381c5
2025-05-01 17:56:51: 删除文件夹 G:/zhenxun_bot/zhenxun/plugins/nonebot_plugin_multi_source_daily/.git/objects/2a
2025-05-01 17:56:51: 删除文件 G:/zhenxun_bot/zhenxun/plugins/nonebot_plugin_multi_source_daily/.git/objects/2d/9ff77c28f38aec60248d6efe2fd241c76d6e5b
2025-05-01 17:56:51: 删除文件夹 G:/zhenxun_bot/zhenxun/plugins/nonebot_plugin_multi_source_daily/.git/objects/2d
2025-05-01 17:56:51: 删除文件 G:/zhenxun_bot/zhenxun/plugins/nonebot_plugin_multi_source_daily/.git/objects/30/00daec846387e4171b8cb8aa7ae4ee0bb3403b
2025-05-01 17:56:51: 删除文件 G:/zhenxun_bot/zhenxun/plugins/nonebot_plugin_multi_source_daily/.git/objects/30/e127287247d81d181953db8f568b6a6aff9abe
2025-05-01 17:56:51: 删除文件夹 G:/zhenxun_bot/zhenxun/plugins/nonebot_plugin_multi_source_daily/.git/objects/30
2025-05-01 17:56:51: 删除文件 G:/zhenxun_bot/zhenxun/plugins/nonebot_plugin_multi_source_daily/.git/objects/31/2f0ee33fa2c1b9e752474392f77088291f0083
2025-05-01 17:56:51: 删除文件 G:/zhenxun_bot/zhenxun/plugins/nonebot_plugin_multi_source_daily/.git/objects/31/80fa7371e9ee9fb9bd8c13312c2415f53d658d
2025-05-01 17:56:51: 删除文件 G:/zhenxun_bot/zhenxun/plugins/nonebot_plugin_multi_source_daily/.git/objects/31/c9e2d859f37550eef6d7945e6dcd98ec0bf3de
2025-05-01 17:56:51: 删除文件夹 G:/zhenxun_bot/zhenxun/plugins/nonebot_plugin_multi_source_daily/.git/objects/31
2025-05-01 17:56:51: 删除文件 G:/zhenxun_bot/zhenxun/plugins/nonebot_plugin_multi_source_daily/.git/objects/34/71defa1ef685aa2f7bf1886329c1890d379afe
2025-05-01 17:56:51: 删除文件夹 G:/zhenxun_bot/zhenxun/plugins/nonebot_plugin_multi_source_daily/.git/objects/34
2025-05-01 17:56:51: 删除文件 G:/zhenxun_bot/zhenxun/plugins/nonebot_plugin_multi_source_daily/.git/objects/36/5ce14384ec8bdb06e1b75ab2cc97065d9e6ebd
2025-05-01 17:56:51: 删除文件 G:/zhenxun_bot/zhenxun/plugins/nonebot_plugin_multi_source_daily/.git/objects/36/811579829fe9cd041a53a04af7579d08c703ae
2025-05-01 17:56:51: 删除文件 G:/zhenxun_bot/zhenxun/plugins/nonebot_plugin_multi_source_daily/.git/objects/36/9cd7205343b39570f97e18cab0e4d82124d474
2025-05-01 17:56:51: 删除文件夹 G:/zhenxun_bot/zhenxun/plugins/nonebot_plugin_multi_source_daily/.git/objects/36
2025-05-01 17:56:51: 删除文件 G:/zhenxun_bot/zhenxun/plugins/nonebot_plugin_multi_source_daily/.git/objects/38/c1591c0295396dbad726f4b1eddc76598fb1cc
2025-05-01 17:56:51: 删除文件夹 G:/zhenxun_bot/zhenxun/plugins/nonebot_plugin_multi_source_daily/.git/objects/38
2025-05-01 17:56:51: 删除文件 G:/zhenxun_bot/zhenxun/plugins/nonebot_plugin_multi_source_daily/.git/objects/39/d886886980dc13b24db04b73c5d2ff103f2df2
2025-05-01 17:56:51: 删除文件 G:/zhenxun_bot/zhenxun/plugins/nonebot_plugin_multi_source_daily/.git/objects/39/f437bfd40d7524d41004adb771571233a63dbb
2025-05-01 17:56:51: 删除文件夹 G:/zhenxun_bot/zhenxun/plugins/nonebot_plugin_multi_source_daily/.git/objects/39
2025-05-01 17:56:51: 删除文件 G:/zhenxun_bot/zhenxun/plugins/nonebot_plugin_multi_source_daily/.git/objects/3c/f7b7abcbd48bf2f195926408564e1ce3f22be1
2025-05-01 17:56:51: 删除文件夹 G:/zhenxun_bot/zhenxun/plugins/nonebot_plugin_multi_source_daily/.git/objects/3c
2025-05-01 17:56:51: 删除文件 G:/zhenxun_bot/zhenxun/plugins/nonebot_plugin_multi_source_daily/.git/objects/3d/9856eff7b2aa60eedea90874cd5b0e54c5e4f4
2025-05-01 17:56:51: 删除文件夹 G:/zhenxun_bot/zhenxun/plugins/nonebot_plugin_multi_source_daily/.git/objects/3d
2025-05-01 17:56:51: 删除文件 G:/zhenxun_bot/zhenxun/plugins/nonebot_plugin_multi_source_daily/.git/objects/3e/14e955707db2f2934cd753ae574973ac36b0e6
2025-05-01 17:56:51: 删除文件夹 G:/zhenxun_bot/zhenxun/plugins/nonebot_plugin_multi_source_daily/.git/objects/3e
2025-05-01 17:56:51: 删除文件 G:/zhenxun_bot/zhenxun/plugins/nonebot_plugin_multi_source_daily/.git/objects/3f/056b26ab31278d193e0cdf19ce29354043a323
2025-05-01 17:56:51: 删除文件 G:/zhenxun_bot/zhenxun/plugins/nonebot_plugin_multi_source_daily/.git/objects/3f/b97d44890e04d66b693ebf399beaa5efc033a2
2025-05-01 17:56:51: 删除文件夹 G:/zhenxun_bot/zhenxun/plugins/nonebot_plugin_multi_source_daily/.git/objects/3f
2025-05-01 17:56:51: 删除文件 G:/zhenxun_bot/zhenxun/plugins/nonebot_plugin_multi_source_daily/.git/objects/41/2853ba9cd0d2d53ab32b3b793cd92a33d64122
2025-05-01 17:56:51: 删除文件夹 G:/zhenxun_bot/zhenxun/plugins/nonebot_plugin_multi_source_daily/.git/objects/41
2025-05-01 17:56:51: 删除文件 G:/zhenxun_bot/zhenxun/plugins/nonebot_plugin_multi_source_daily/.git/objects/43/08acae82fbeae497cc24009eb5f91a5824e310
2025-05-01 17:56:51: 删除文件夹 G:/zhenxun_bot/zhenxun/plugins/nonebot_plugin_multi_source_daily/.git/objects/43
2025-05-01 17:56:51: 删除文件 G:/zhenxun_bot/zhenxun/plugins/nonebot_plugin_multi_source_daily/.git/objects/44/157e7fe0e92b4731830dd0670c3cf251fe7ee7
2025-05-01 17:56:51: 删除文件夹 G:/zhenxun_bot/zhenxun/plugins/nonebot_plugin_multi_source_daily/.git/objects/44
2025-05-01 17:56:51: 删除文件 G:/zhenxun_bot/zhenxun/plugins/nonebot_plugin_multi_source_daily/.git/objects/46/4dd21ffb98e1cdfbe5600c813a66e6abdde3c9
2025-05-01 17:56:51: 删除文件 G:/zhenxun_bot/zhenxun/plugins/nonebot_plugin_multi_source_daily/.git/objects/46/d791259dda6d00fefed01942da212c096efc74
2025-05-01 17:56:51: 删除文件 G:/zhenxun_bot/zhenxun/plugins/nonebot_plugin_multi_source_daily/.git/objects/46/d8acfed6ca6bc7d6802faf01781ee2ca32b110
2025-05-01 17:56:51: 删除文件夹 G:/zhenxun_bot/zhenxun/plugins/nonebot_plugin_multi_source_daily/.git/objects/46
2025-05-01 17:56:51: 删除文件 G:/zhenxun_bot/zhenxun/plugins/nonebot_plugin_multi_source_daily/.git/objects/47/6bd7d924896dc8fb47413a9c01d4d80ee3f976
2025-05-01 17:56:51: 删除文件夹 G:/zhenxun_bot/zhenxun/plugins/nonebot_plugin_multi_source_daily/.git/objects/47
2025-05-01 17:56:51: 删除文件 G:/zhenxun_bot/zhenxun/plugins/nonebot_plugin_multi_source_daily/.git/objects/48/3a433c46a8909126d23842902cbb992934cece
2025-05-01 17:56:51: 删除文件夹 G:/zhenxun_bot/zhenxun/plugins/nonebot_plugin_multi_source_daily/.git/objects/48
2025-05-01 17:56:51: 删除文件 G:/zhenxun_bot/zhenxun/plugins/nonebot_plugin_multi_source_daily/.git/objects/49/526def35a2ca3dc38c2d0842c2da1736a4b22b
2025-05-01 17:56:51: 删除文件夹 G:/zhenxun_bot/zhenxun/plugins/nonebot_plugin_multi_source_daily/.git/objects/49
2025-05-01 17:56:51: 删除文件 G:/zhenxun_bot/zhenxun/plugins/nonebot_plugin_multi_source_daily/.git/objects/4c/08fa4c2ac69d049c907ae66141368ff2fe70eb
2025-05-01 17:56:51: 删除文件夹 G:/zhenxun_bot/zhenxun/plugins/nonebot_plugin_multi_source_daily/.git/objects/4c
2025-05-01 17:56:51: 删除文件 G:/zhenxun_bot/zhenxun/plugins/nonebot_plugin_multi_source_daily/.git/objects/4d/7093a67145f036c5081746909d665d92db2740
2025-05-01 17:56:51: 删除文件 G:/zhenxun_bot/zhenxun/plugins/nonebot_plugin_multi_source_daily/.git/objects/4d/f4a3c08891677fb4e2fea12e952ec749653bfe
2025-05-01 17:56:51: 删除文件夹 G:/zhenxun_bot/zhenxun/plugins/nonebot_plugin_multi_source_daily/.git/objects/4d
2025-05-01 17:56:51: 删除文件 G:/zhenxun_bot/zhenxun/plugins/nonebot_plugin_multi_source_daily/.git/objects/4e/3c2857c60c278c865cceb1c8307c6721ad7d37
2025-05-01 17:56:51: 删除文件夹 G:/zhenxun_bot/zhenxun/plugins/nonebot_plugin_multi_source_daily/.git/objects/4e
2025-05-01 17:56:51: 删除文件 G:/zhenxun_bot/zhenxun/plugins/nonebot_plugin_multi_source_daily/.git/objects/4f/223048d75a4f7f3a40b70d902f3886845215b7
2025-05-01 17:56:51: 删除文件夹 G:/zhenxun_bot/zhenxun/plugins/nonebot_plugin_multi_source_daily/.git/objects/4f
2025-05-01 17:56:51: 删除文件 G:/zhenxun_bot/zhenxun/plugins/nonebot_plugin_multi_source_daily/.git/objects/54/84fc34aead447fdb628a9e61a0c2d0b5cefb26
2025-05-01 17:56:51: 删除文件夹 G:/zhenxun_bot/zhenxun/plugins/nonebot_plugin_multi_source_daily/.git/objects/54
2025-05-01 17:56:51: 删除文件 G:/zhenxun_bot/zhenxun/plugins/nonebot_plugin_multi_source_daily/.git/objects/55/c35cb68f7fdf0a0dcd55288e8cf08e715d9020
2025-05-01 17:56:51: 删除文件夹 G:/zhenxun_bot/zhenxun/plugins/nonebot_plugin_multi_source_daily/.git/objects/55
2025-05-01 17:56:51: 删除文件 G:/zhenxun_bot/zhenxun/plugins/nonebot_plugin_multi_source_daily/.git/objects/56/6f4afc0ad727d8d9be6034fea790ad56f0d9d4
2025-05-01 17:56:51: 删除文件 G:/zhenxun_bot/zhenxun/plugins/nonebot_plugin_multi_source_daily/.git/objects/56/cc0ab5b4f4dedd8a089ebda91789db41fc2ff5
2025-05-01 17:56:51: 删除文件夹 G:/zhenxun_bot/zhenxun/plugins/nonebot_plugin_multi_source_daily/.git/objects/56
2025-05-01 17:56:51: 删除文件 G:/zhenxun_bot/zhenxun/plugins/nonebot_plugin_multi_source_daily/.git/objects/59/9f644f89a4231b8181f2492f65a67847ae3d7b
2025-05-01 17:56:51: 删除文件夹 G:/zhenxun_bot/zhenxun/plugins/nonebot_plugin_multi_source_daily/.git/objects/59
2025-05-01 17:56:51: 删除文件 G:/zhenxun_bot/zhenxun/plugins/nonebot_plugin_multi_source_daily/.git/objects/5a/2616ebc79025730fbd3123d7522497edf54661
2025-05-01 17:56:51: 删除文件夹 G:/zhenxun_bot/zhenxun/plugins/nonebot_plugin_multi_source_daily/.git/objects/5a
2025-05-01 17:56:51: 删除文件 G:/zhenxun_bot/zhenxun/plugins/nonebot_plugin_multi_source_daily/.git/objects/5b/97caeecff24c140f28edeb829b155e389b081a
2025-05-01 17:56:51: 删除文件 G:/zhenxun_bot/zhenxun/plugins/nonebot_plugin_multi_source_daily/.git/objects/5b/d4b186d0be8c174c323d4c3be10d7f90830963
2025-05-01 17:56:51: 删除文件 G:/zhenxun_bot/zhenxun/plugins/nonebot_plugin_multi_source_daily/.git/objects/5b/f65a88ca80bf9d07c6fb6c455ea2426565b7b9
2025-05-01 17:56:51: 删除文件夹 G:/zhenxun_bot/zhenxun/plugins/nonebot_plugin_multi_source_daily/.git/objects/5b
2025-05-01 17:56:51: 删除文件 G:/zhenxun_bot/zhenxun/plugins/nonebot_plugin_multi_source_daily/.git/objects/5c/0d532b64766b082640219d5289680d8e972822
2025-05-01 17:56:51: 删除文件 G:/zhenxun_bot/zhenxun/plugins/nonebot_plugin_multi_source_daily/.git/objects/5c/1c6ee7499f1451e64bab65385dfed102991eb5
2025-05-01 17:56:51: 删除文件夹 G:/zhenxun_bot/zhenxun/plugins/nonebot_plugin_multi_source_daily/.git/objects/5c
2025-05-01 17:56:51: 删除文件 G:/zhenxun_bot/zhenxun/plugins/nonebot_plugin_multi_source_daily/.git/objects/5d/4242f96eecd6219a5223cc83797979cfe1ffa3
2025-05-01 17:56:51: 删除文件夹 G:/zhenxun_bot/zhenxun/plugins/nonebot_plugin_multi_source_daily/.git/objects/5d
2025-05-01 17:56:51: 删除文件 G:/zhenxun_bot/zhenxun/plugins/nonebot_plugin_multi_source_daily/.git/objects/5e/a9a13ee4e1fbc270801bef31e7ef672c9a90f5
2025-05-01 17:56:51: 删除文件夹 G:/zhenxun_bot/zhenxun/plugins/nonebot_plugin_multi_source_daily/.git/objects/5e
2025-05-01 17:56:51: 删除文件 G:/zhenxun_bot/zhenxun/plugins/nonebot_plugin_multi_source_daily/.git/objects/5f/6931d825f7eca088e95d2f2c0f7a7f78ac4a7c
2025-05-01 17:56:51: 删除文件夹 G:/zhenxun_bot/zhenxun/plugins/nonebot_plugin_multi_source_daily/.git/objects/5f
2025-05-01 17:56:51: 删除文件 G:/zhenxun_bot/zhenxun/plugins/nonebot_plugin_multi_source_daily/.git/objects/60/bd2ed0e19dbd8a5de485080ff05ce4e2fc6154
2025-05-01 17:56:51: 删除文件夹 G:/zhenxun_bot/zhenxun/plugins/nonebot_plugin_multi_source_daily/.git/objects/60
2025-05-01 17:56:51: 删除文件 G:/zhenxun_bot/zhenxun/plugins/nonebot_plugin_multi_source_daily/.git/objects/63/90914ef39a18e598b53eae18e5426b5a7388c8
2025-05-01 17:56:51: 删除文件 G:/zhenxun_bot/zhenxun/plugins/nonebot_plugin_multi_source_daily/.git/objects/63/fb1f3838894295363a544a16a597dcd210ffa5
2025-05-01 17:56:51: 删除文件夹 G:/zhenxun_bot/zhenxun/plugins/nonebot_plugin_multi_source_daily/.git/objects/63
2025-05-01 17:56:51: 删除文件 G:/zhenxun_bot/zhenxun/plugins/nonebot_plugin_multi_source_daily/.git/objects/64/c13c62a022a9e03c2812853f1af760e7cd9fc8
2025-05-01 17:56:51: 删除文件夹 G:/zhenxun_bot/zhenxun/plugins/nonebot_plugin_multi_source_daily/.git/objects/64
2025-05-01 17:56:51: 删除文件 G:/zhenxun_bot/zhenxun/plugins/nonebot_plugin_multi_source_daily/.git/objects/65/2c625f9da25bcb64557a06cfea6d4067162423
2025-05-01 17:56:51: 删除文件 G:/zhenxun_bot/zhenxun/plugins/nonebot_plugin_multi_source_daily/.git/objects/65/5ba46f00c24d73514e16ddf766eb590ac63a17
2025-05-01 17:56:51: 删除文件夹 G:/zhenxun_bot/zhenxun/plugins/nonebot_plugin_multi_source_daily/.git/objects/65
2025-05-01 17:56:51: 删除文件 G:/zhenxun_bot/zhenxun/plugins/nonebot_plugin_multi_source_daily/.git/objects/66/5765249656c3f1f6bb537800c18607cbcf380b
2025-05-01 17:56:51: 删除文件 G:/zhenxun_bot/zhenxun/plugins/nonebot_plugin_multi_source_daily/.git/objects/66/a4ef469b03544c546fa5642c4c0e824b5b8334
2025-05-01 17:56:51: 删除文件夹 G:/zhenxun_bot/zhenxun/plugins/nonebot_plugin_multi_source_daily/.git/objects/66
2025-05-01 17:56:51: 删除文件 G:/zhenxun_bot/zhenxun/plugins/nonebot_plugin_multi_source_daily/.git/objects/68/cf0067ca3f693bf03a9c786021037fac8db46f
2025-05-01 17:56:51: 删除文件夹 G:/zhenxun_bot/zhenxun/plugins/nonebot_plugin_multi_source_daily/.git/objects/68
2025-05-01 17:56:51: 删除文件 G:/zhenxun_bot/zhenxun/plugins/nonebot_plugin_multi_source_daily/.git/objects/6e/01c18af97a047c9cdc762d75f7cbc9568253ec
2025-05-01 17:56:51: 删除文件 G:/zhenxun_bot/zhenxun/plugins/nonebot_plugin_multi_source_daily/.git/objects/6e/43433599f8303af8523833a94c69146766ef45
2025-05-01 17:56:51: 删除文件夹 G:/zhenxun_bot/zhenxun/plugins/nonebot_plugin_multi_source_daily/.git/objects/6e
2025-05-01 17:56:51: 删除文件 G:/zhenxun_bot/zhenxun/plugins/nonebot_plugin_multi_source_daily/.git/objects/70/37a611e6fa4c4feeafb2f6c6cbc8017d119b23
2025-05-01 17:56:51: 删除文件夹 G:/zhenxun_bot/zhenxun/plugins/nonebot_plugin_multi_source_daily/.git/objects/70
2025-05-01 17:56:51: 删除文件 G:/zhenxun_bot/zhenxun/plugins/nonebot_plugin_multi_source_daily/.git/objects/71/6e207983bb029208e252b046c49129f2aeebc4
2025-05-01 17:56:51: 删除文件夹 G:/zhenxun_bot/zhenxun/plugins/nonebot_plugin_multi_source_daily/.git/objects/71
2025-05-01 17:56:51: 删除文件 G:/zhenxun_bot/zhenxun/plugins/nonebot_plugin_multi_source_daily/.git/objects/72/758eea05dd49b27a28df48f62ba5aac7f57daa
2025-05-01 17:56:51: 删除文件 G:/zhenxun_bot/zhenxun/plugins/nonebot_plugin_multi_source_daily/.git/objects/72/e256a08727a35613f7be0703b327f4570ce434
2025-05-01 17:56:51: 删除文件夹 G:/zhenxun_bot/zhenxun/plugins/nonebot_plugin_multi_source_daily/.git/objects/72
2025-05-01 17:56:51: 删除文件 G:/zhenxun_bot/zhenxun/plugins/nonebot_plugin_multi_source_daily/.git/objects/73/cd4078d30635213b30a938b543db386074d823
2025-05-01 17:56:51: 删除文件夹 G:/zhenxun_bot/zhenxun/plugins/nonebot_plugin_multi_source_daily/.git/objects/73
2025-05-01 17:56:51: 删除文件 G:/zhenxun_bot/zhenxun/plugins/nonebot_plugin_multi_source_daily/.git/objects/74/dc6cd5411d7a916b0cc9fe85c1908b99436c90
2025-05-01 17:56:51: 删除文件夹 G:/zhenxun_bot/zhenxun/plugins/nonebot_plugin_multi_source_daily/.git/objects/74
2025-05-01 17:56:51: 删除文件 G:/zhenxun_bot/zhenxun/plugins/nonebot_plugin_multi_source_daily/.git/objects/75/3556cf1087f35205e6e6eeed55c92bb7053085
2025-05-01 17:56:51: 删除文件夹 G:/zhenxun_bot/zhenxun/plugins/nonebot_plugin_multi_source_daily/.git/objects/75
2025-05-01 17:56:51: 删除文件 G:/zhenxun_bot/zhenxun/plugins/nonebot_plugin_multi_source_daily/.git/objects/76/a45af5b035d1e14590d92d23d7bb336fb0c330
2025-05-01 17:56:51: 删除文件夹 G:/zhenxun_bot/zhenxun/plugins/nonebot_plugin_multi_source_daily/.git/objects/76
2025-05-01 17:56:51: 删除文件 G:/zhenxun_bot/zhenxun/plugins/nonebot_plugin_multi_source_daily/.git/objects/78/00c49160578b785a20dd3b910146b185b64cfb
2025-05-01 17:56:51: 删除文件夹 G:/zhenxun_bot/zhenxun/plugins/nonebot_plugin_multi_source_daily/.git/objects/78
2025-05-01 17:56:51: 删除文件 G:/zhenxun_bot/zhenxun/plugins/nonebot_plugin_multi_source_daily/.git/objects/7b/23ffecd1840ca48b591db2445c1c7eb85b8114
2025-05-01 17:56:51: 删除文件 G:/zhenxun_bot/zhenxun/plugins/nonebot_plugin_multi_source_daily/.git/objects/7b/330461b928310ebbd0cfe6406e059e03a45a6d
2025-05-01 17:56:51: 删除文件夹 G:/zhenxun_bot/zhenxun/plugins/nonebot_plugin_multi_source_daily/.git/objects/7b
2025-05-01 17:56:51: 删除文件 G:/zhenxun_bot/zhenxun/plugins/nonebot_plugin_multi_source_daily/.git/objects/7e/3db6d18b65f81c578a8f52dfa6e85baaf74c07
2025-05-01 17:56:51: 删除文件 G:/zhenxun_bot/zhenxun/plugins/nonebot_plugin_multi_source_daily/.git/objects/7e/4f6473140906257e9dbde661c19405a6c7166f
2025-05-01 17:56:51: 删除文件 G:/zhenxun_bot/zhenxun/plugins/nonebot_plugin_multi_source_daily/.git/objects/7e/802d1bfd99ad484a9d46ba32a6d85a75f16266
2025-05-01 17:56:51: 删除文件 G:/zhenxun_bot/zhenxun/plugins/nonebot_plugin_multi_source_daily/.git/objects/7e/ce03e0abb494b9fb79d75e164443a186e34438
2025-05-01 17:56:51: 删除文件 G:/zhenxun_bot/zhenxun/plugins/nonebot_plugin_multi_source_daily/.git/objects/7e/e151c47039e7892418edbc0ef77cc063915142
2025-05-01 17:56:51: 删除文件夹 G:/zhenxun_bot/zhenxun/plugins/nonebot_plugin_multi_source_daily/.git/objects/7e
2025-05-01 17:56:51: 删除文件 G:/zhenxun_bot/zhenxun/plugins/nonebot_plugin_multi_source_daily/.git/objects/7f/88761a2a786591c9c1da48111e4c90a5bf72d7
2025-05-01 17:56:51: 删除文件 G:/zhenxun_bot/zhenxun/plugins/nonebot_plugin_multi_source_daily/.git/objects/7f/9227f4fbf134e321c62b8b74ff3067657eca0d
2025-05-01 17:56:51: 删除文件 G:/zhenxun_bot/zhenxun/plugins/nonebot_plugin_multi_source_daily/.git/objects/7f/faf474bbe73c420d354e3367acbef5d2ee73bd
2025-05-01 17:56:51: 删除文件夹 G:/zhenxun_bot/zhenxun/plugins/nonebot_plugin_multi_source_daily/.git/objects/7f
2025-05-01 17:56:51: 删除文件 G:/zhenxun_bot/zhenxun/plugins/nonebot_plugin_multi_source_daily/.git/objects/80/ed0a1fc7833ff47c33c94f1df09d72460fd8d6
2025-05-01 17:56:51: 删除文件 G:/zhenxun_bot/zhenxun/plugins/nonebot_plugin_multi_source_daily/.git/objects/80/f5fecf227e4cfaef1037dad9f45ddb1a6025fd
2025-05-01 17:56:51: 删除文件夹 G:/zhenxun_bot/zhenxun/plugins/nonebot_plugin_multi_source_daily/.git/objects/80
2025-05-01 17:56:51: 删除文件 G:/zhenxun_bot/zhenxun/plugins/nonebot_plugin_multi_source_daily/.git/objects/82/8b3f8afaa43f4fd2f0428e9d16843744c5e52e
2025-05-01 17:56:51: 删除文件夹 G:/zhenxun_bot/zhenxun/plugins/nonebot_plugin_multi_source_daily/.git/objects/82
2025-05-01 17:56:51: 删除文件 G:/zhenxun_bot/zhenxun/plugins/nonebot_plugin_multi_source_daily/.git/objects/83/9203becf3fc6e59bfa11daf8f3cd6938f3bbf8
2025-05-01 17:56:51: 删除文件 G:/zhenxun_bot/zhenxun/plugins/nonebot_plugin_multi_source_daily/.git/objects/83/f9a76c12c07d1858d316725c132d41c781bb99
2025-05-01 17:56:51: 删除文件夹 G:/zhenxun_bot/zhenxun/plugins/nonebot_plugin_multi_source_daily/.git/objects/83
2025-05-01 17:56:51: 删除文件 G:/zhenxun_bot/zhenxun/plugins/nonebot_plugin_multi_source_daily/.git/objects/84/1340d45a99bf4fe0dd2f847cb41133c496fc96
2025-05-01 17:56:51: 删除文件 G:/zhenxun_bot/zhenxun/plugins/nonebot_plugin_multi_source_daily/.git/objects/84/8fa0432990c7cdac5c6e085eb060d9314599ca
2025-05-01 17:56:51: 删除文件 G:/zhenxun_bot/zhenxun/plugins/nonebot_plugin_multi_source_daily/.git/objects/84/cf2a92d4b83681deea68acdeec94bd4d2a383e
2025-05-01 17:56:51: 删除文件夹 G:/zhenxun_bot/zhenxun/plugins/nonebot_plugin_multi_source_daily/.git/objects/84
2025-05-01 17:56:51: 删除文件 G:/zhenxun_bot/zhenxun/plugins/nonebot_plugin_multi_source_daily/.git/objects/85/cb06bfac4e1ca87069e1e16384e1b314abf4a4
2025-05-01 17:56:51: 删除文件夹 G:/zhenxun_bot/zhenxun/plugins/nonebot_plugin_multi_source_daily/.git/objects/85
2025-05-01 17:56:51: 删除文件 G:/zhenxun_bot/zhenxun/plugins/nonebot_plugin_multi_source_daily/.git/objects/86/37f89accc2b870c28651b951842e823785be97
2025-05-01 17:56:51: 删除文件 G:/zhenxun_bot/zhenxun/plugins/nonebot_plugin_multi_source_daily/.git/objects/86/dc22b1313395cd130248f54451e385d430248b
2025-05-01 17:56:51: 删除文件夹 G:/zhenxun_bot/zhenxun/plugins/nonebot_plugin_multi_source_daily/.git/objects/86
2025-05-01 17:56:51: 删除文件 G:/zhenxun_bot/zhenxun/plugins/nonebot_plugin_multi_source_daily/.git/objects/88/350c1901d32db66df2ca795336bc49199a2ce0
2025-05-01 17:56:51: 删除文件 G:/zhenxun_bot/zhenxun/plugins/nonebot_plugin_multi_source_daily/.git/objects/88/41e13fa93fae060335cdc6834649bd21366853
2025-05-01 17:56:51: 删除文件夹 G:/zhenxun_bot/zhenxun/plugins/nonebot_plugin_multi_source_daily/.git/objects/88
2025-05-01 17:56:51: 删除文件 G:/zhenxun_bot/zhenxun/plugins/nonebot_plugin_multi_source_daily/.git/objects/89/3b053b22f1a433e62dc64c8301cf0d31f16497
2025-05-01 17:56:51: 删除文件夹 G:/zhenxun_bot/zhenxun/plugins/nonebot_plugin_multi_source_daily/.git/objects/89
2025-05-01 17:56:51: 删除文件 G:/zhenxun_bot/zhenxun/plugins/nonebot_plugin_multi_source_daily/.git/objects/8a/408aaa24ce499ce9fc5a5252452f903ab97aff
2025-05-01 17:56:51: 删除文件 G:/zhenxun_bot/zhenxun/plugins/nonebot_plugin_multi_source_daily/.git/objects/8a/4dbead85ea20a619378c680b65b6391cfd8d28
2025-05-01 17:56:51: 删除文件 G:/zhenxun_bot/zhenxun/plugins/nonebot_plugin_multi_source_daily/.git/objects/8a/9885cce7ad790cb0e405f2ab090b7440915cd1
2025-05-01 17:56:51: 删除文件夹 G:/zhenxun_bot/zhenxun/plugins/nonebot_plugin_multi_source_daily/.git/objects/8a
2025-05-01 17:56:51: 删除文件 G:/zhenxun_bot/zhenxun/plugins/nonebot_plugin_multi_source_daily/.git/objects/8b/78815215b400a1b92e6c791f244f5d6ea15485
2025-05-01 17:56:51: 删除文件 G:/zhenxun_bot/zhenxun/plugins/nonebot_plugin_multi_source_daily/.git/objects/8b/9d67a7734df9aa89007a37a43ed4e0e596b7cf
2025-05-01 17:56:51: 删除文件 G:/zhenxun_bot/zhenxun/plugins/nonebot_plugin_multi_source_daily/.git/objects/8b/fcd19a793677a30970b51247b2afa2fe2bd227
2025-05-01 17:56:51: 删除文件夹 G:/zhenxun_bot/zhenxun/plugins/nonebot_plugin_multi_source_daily/.git/objects/8b
2025-05-01 17:56:51: 删除文件 G:/zhenxun_bot/zhenxun/plugins/nonebot_plugin_multi_source_daily/.git/objects/8c/31df8031c055c2326a3776c1d1d54a2fa9d418
2025-05-01 17:56:51: 删除文件夹 G:/zhenxun_bot/zhenxun/plugins/nonebot_plugin_multi_source_daily/.git/objects/8c
2025-05-01 17:56:51: 删除文件 G:/zhenxun_bot/zhenxun/plugins/nonebot_plugin_multi_source_daily/.git/objects/8e/7fdbe406a778f23676ae1c185f32b5b9c7cc34
2025-05-01 17:56:51: 删除文件 G:/zhenxun_bot/zhenxun/plugins/nonebot_plugin_multi_source_daily/.git/objects/8e/a08d29906450fcd498632dc5fd30b0e966e5fc
2025-05-01 17:56:51: 删除文件夹 G:/zhenxun_bot/zhenxun/plugins/nonebot_plugin_multi_source_daily/.git/objects/8e
2025-05-01 17:56:51: 删除文件 G:/zhenxun_bot/zhenxun/plugins/nonebot_plugin_multi_source_daily/.git/objects/8f/17a8acd550721e6e1d95f9b2621b9f4ec64ce5
2025-05-01 17:56:51: 删除文件夹 G:/zhenxun_bot/zhenxun/plugins/nonebot_plugin_multi_source_daily/.git/objects/8f
2025-05-01 17:56:51: 删除文件 G:/zhenxun_bot/zhenxun/plugins/nonebot_plugin_multi_source_daily/.git/objects/90/b11fff07f4ec512ee066c66bf4b7fce3f41c22
2025-05-01 17:56:51: 删除文件 G:/zhenxun_bot/zhenxun/plugins/nonebot_plugin_multi_source_daily/.git/objects/90/d3bfc5fb027a1c46a602599751c040f3d55d0f
2025-05-01 17:56:51: 删除文件夹 G:/zhenxun_bot/zhenxun/plugins/nonebot_plugin_multi_source_daily/.git/objects/90
2025-05-01 17:56:51: 删除文件 G:/zhenxun_bot/zhenxun/plugins/nonebot_plugin_multi_source_daily/.git/objects/93/d18fd89d90080be4cfb8abb45f6c12484a649f
2025-05-01 17:56:51: 删除文件夹 G:/zhenxun_bot/zhenxun/plugins/nonebot_plugin_multi_source_daily/.git/objects/93
2025-05-01 17:56:51: 删除文件 G:/zhenxun_bot/zhenxun/plugins/nonebot_plugin_multi_source_daily/.git/objects/94/8283f5e3c685b80bc3ecbe7eb1e0639294675f
2025-05-01 17:56:51: 删除文件 G:/zhenxun_bot/zhenxun/plugins/nonebot_plugin_multi_source_daily/.git/objects/94/9b146ae2b28cfab7fc02f81faa583d75c382dd
2025-05-01 17:56:51: 删除文件 G:/zhenxun_bot/zhenxun/plugins/nonebot_plugin_multi_source_daily/.git/objects/94/feb6755e8fa6d174ea56388a80874535ee85b4
2025-05-01 17:56:51: 删除文件夹 G:/zhenxun_bot/zhenxun/plugins/nonebot_plugin_multi_source_daily/.git/objects/94
2025-05-01 17:56:51: 删除文件 G:/zhenxun_bot/zhenxun/plugins/nonebot_plugin_multi_source_daily/.git/objects/97/7859591a2ae4ce64ab8dab20cebe70f6d8d177
2025-05-01 17:56:51: 删除文件夹 G:/zhenxun_bot/zhenxun/plugins/nonebot_plugin_multi_source_daily/.git/objects/97
2025-05-01 17:56:51: 删除文件 G:/zhenxun_bot/zhenxun/plugins/nonebot_plugin_multi_source_daily/.git/objects/98/02f0d89898b80bd4b016125e77b49398b17ff9
2025-05-01 17:56:51: 删除文件 G:/zhenxun_bot/zhenxun/plugins/nonebot_plugin_multi_source_daily/.git/objects/98/5cd1a95d5ed279ca7f478695edf84e16d2a388
2025-05-01 17:56:51: 删除文件 G:/zhenxun_bot/zhenxun/plugins/nonebot_plugin_multi_source_daily/.git/objects/98/9eb04f35ff8f0113d4fbe0bc2be633e9fed2ee
2025-05-01 17:56:51: 删除文件夹 G:/zhenxun_bot/zhenxun/plugins/nonebot_plugin_multi_source_daily/.git/objects/98
2025-05-01 17:56:51: 删除文件 G:/zhenxun_bot/zhenxun/plugins/nonebot_plugin_multi_source_daily/.git/objects/9a/a6a6cd0173e69e4f69688187c4229dcd848091
2025-05-01 17:56:51: 删除文件 G:/zhenxun_bot/zhenxun/plugins/nonebot_plugin_multi_source_daily/.git/objects/9a/e676be791eb0c10ea5d34a9dacaab998e31d28
2025-05-01 17:56:51: 删除文件夹 G:/zhenxun_bot/zhenxun/plugins/nonebot_plugin_multi_source_daily/.git/objects/9a
2025-05-01 17:56:51: 删除文件 G:/zhenxun_bot/zhenxun/plugins/nonebot_plugin_multi_source_daily/.git/objects/9b/05102d79a41f5e3b0117c9b9afae92eb1cbfe8
2025-05-01 17:56:51: 删除文件 G:/zhenxun_bot/zhenxun/plugins/nonebot_plugin_multi_source_daily/.git/objects/9b/8c43290cc387ab108fb6fbdc367b0d1dd70dc6
2025-05-01 17:56:51: 删除文件夹 G:/zhenxun_bot/zhenxun/plugins/nonebot_plugin_multi_source_daily/.git/objects/9b
2025-05-01 17:56:51: 删除文件 G:/zhenxun_bot/zhenxun/plugins/nonebot_plugin_multi_source_daily/.git/objects/9c/4d708316e9da9a80f540a8b2d532248a85642d
2025-05-01 17:56:51: 删除文件 G:/zhenxun_bot/zhenxun/plugins/nonebot_plugin_multi_source_daily/.git/objects/9c/8030094585e2814d96c91f7c20ac9cbb61fff3
2025-05-01 17:56:51: 删除文件 G:/zhenxun_bot/zhenxun/plugins/nonebot_plugin_multi_source_daily/.git/objects/9c/c24fc8f9e7dd72c0a31ce697fca58a2e67f11b
2025-05-01 17:56:51: 删除文件夹 G:/zhenxun_bot/zhenxun/plugins/nonebot_plugin_multi_source_daily/.git/objects/9c
2025-05-01 17:56:51: 删除文件 G:/zhenxun_bot/zhenxun/plugins/nonebot_plugin_multi_source_daily/.git/objects/9d/7be08f90e2ae2e57f2724276341313f12d7507
2025-05-01 17:56:51: 删除文件夹 G:/zhenxun_bot/zhenxun/plugins/nonebot_plugin_multi_source_daily/.git/objects/9d
2025-05-01 17:56:51: 删除文件 G:/zhenxun_bot/zhenxun/plugins/nonebot_plugin_multi_source_daily/.git/objects/9e/574c1852b87b729f972ea37f35f928b9cf3959
2025-05-01 17:56:51: 删除文件夹 G:/zhenxun_bot/zhenxun/plugins/nonebot_plugin_multi_source_daily/.git/objects/9e
2025-05-01 17:56:51: 删除文件 G:/zhenxun_bot/zhenxun/plugins/nonebot_plugin_multi_source_daily/.git/objects/9f/224902fec5bf841ce32010910eac993c8e53f2
2025-05-01 17:56:51: 删除文件 G:/zhenxun_bot/zhenxun/plugins/nonebot_plugin_multi_source_daily/.git/objects/9f/4d3fd97201a0bbfdc3274c4877bd9cf820e5e4
2025-05-01 17:56:51: 删除文件夹 G:/zhenxun_bot/zhenxun/plugins/nonebot_plugin_multi_source_daily/.git/objects/9f
2025-05-01 17:56:51: 删除文件 G:/zhenxun_bot/zhenxun/plugins/nonebot_plugin_multi_source_daily/.git/objects/a0/3fa9e247394f3c5842d81d515ea48013ea99ab
2025-05-01 17:56:51: 删除文件夹 G:/zhenxun_bot/zhenxun/plugins/nonebot_plugin_multi_source_daily/.git/objects/a0
2025-05-01 17:56:51: 删除文件 G:/zhenxun_bot/zhenxun/plugins/nonebot_plugin_multi_source_daily/.git/objects/a4/3bb93a557b70405a9b24a31d1943ea26d58bba
2025-05-01 17:56:51: 删除文件 G:/zhenxun_bot/zhenxun/plugins/nonebot_plugin_multi_source_daily/.git/objects/a4/588d9d6c18badca43e6299d1769ff9aeaf32bf
2025-05-01 17:56:51: 删除文件夹 G:/zhenxun_bot/zhenxun/plugins/nonebot_plugin_multi_source_daily/.git/objects/a4
2025-05-01 17:56:51: 删除文件 G:/zhenxun_bot/zhenxun/plugins/nonebot_plugin_multi_source_daily/.git/objects/a5/6d8dfd97011fb3cdfc933f662331e29361d2e9
2025-05-01 17:56:51: 删除文件夹 G:/zhenxun_bot/zhenxun/plugins/nonebot_plugin_multi_source_daily/.git/objects/a5
2025-05-01 17:56:51: 删除文件 G:/zhenxun_bot/zhenxun/plugins/nonebot_plugin_multi_source_daily/.git/objects/a6/08561212c82d15b7b93e730afd9cef86da3b38
2025-05-01 17:56:51: 删除文件 G:/zhenxun_bot/zhenxun/plugins/nonebot_plugin_multi_source_daily/.git/objects/a6/dfa052ce600a284bf67175e5b39b44cc1d9f6f
2025-05-01 17:56:51: 删除文件 G:/zhenxun_bot/zhenxun/plugins/nonebot_plugin_multi_source_daily/.git/objects/a6/ea49916f337ad9817b36cfcc0e876c58b59713
2025-05-01 17:56:51: 删除文件夹 G:/zhenxun_bot/zhenxun/plugins/nonebot_plugin_multi_source_daily/.git/objects/a6
2025-05-01 17:56:51: 删除文件 G:/zhenxun_bot/zhenxun/plugins/nonebot_plugin_multi_source_daily/.git/objects/a8/cab773f37c59ea0e54876a757855ba97698b34
2025-05-01 17:56:51: 删除文件夹 G:/zhenxun_bot/zhenxun/plugins/nonebot_plugin_multi_source_daily/.git/objects/a8
2025-05-01 17:56:51: 删除文件 G:/zhenxun_bot/zhenxun/plugins/nonebot_plugin_multi_source_daily/.git/objects/aa/1db3f0a54d2d8b218a6398d96ff03f0b2c2069
2025-05-01 17:56:51: 删除文件 G:/zhenxun_bot/zhenxun/plugins/nonebot_plugin_multi_source_daily/.git/objects/aa/5727ce07c6c0e836eddafa2e7eeec8fe757c67
2025-05-01 17:56:51: 删除文件夹 G:/zhenxun_bot/zhenxun/plugins/nonebot_plugin_multi_source_daily/.git/objects/aa
2025-05-01 17:56:51: 删除文件 G:/zhenxun_bot/zhenxun/plugins/nonebot_plugin_multi_source_daily/.git/objects/ab/b2acb63a25d9b48a6dbf24721576e6a5ac979b
2025-05-01 17:56:51: 删除文件夹 G:/zhenxun_bot/zhenxun/plugins/nonebot_plugin_multi_source_daily/.git/objects/ab
2025-05-01 17:56:51: 删除文件 G:/zhenxun_bot/zhenxun/plugins/nonebot_plugin_multi_source_daily/.git/objects/ad/1c97147d141d9a38c040bc8630c36904a23a8a
2025-05-01 17:56:51: 删除文件 G:/zhenxun_bot/zhenxun/plugins/nonebot_plugin_multi_source_daily/.git/objects/ad/4db02cde974ef14a11d02bf3196f5e5b3dad7d
2025-05-01 17:56:51: 删除文件夹 G:/zhenxun_bot/zhenxun/plugins/nonebot_plugin_multi_source_daily/.git/objects/ad
2025-05-01 17:56:51: 删除文件 G:/zhenxun_bot/zhenxun/plugins/nonebot_plugin_multi_source_daily/.git/objects/af/018023c8ba6282c98be32a79bcef19a58ed198
2025-05-01 17:56:51: 删除文件 G:/zhenxun_bot/zhenxun/plugins/nonebot_plugin_multi_source_daily/.git/objects/af/9d5d71d1a5a31c2bb033cd93843088e617128a
2025-05-01 17:56:51: 删除文件夹 G:/zhenxun_bot/zhenxun/plugins/nonebot_plugin_multi_source_daily/.git/objects/af
2025-05-01 17:56:51: 删除文件 G:/zhenxun_bot/zhenxun/plugins/nonebot_plugin_multi_source_daily/.git/objects/b0/1bec146cef38bab574b852055ebeb95732bc1d
2025-05-01 17:56:51: 删除文件夹 G:/zhenxun_bot/zhenxun/plugins/nonebot_plugin_multi_source_daily/.git/objects/b0
2025-05-01 17:56:51: 删除文件 G:/zhenxun_bot/zhenxun/plugins/nonebot_plugin_multi_source_daily/.git/objects/b2/9a2e2613711c572eb0cb71a3398261ad11b682
2025-05-01 17:56:51: 删除文件夹 G:/zhenxun_bot/zhenxun/plugins/nonebot_plugin_multi_source_daily/.git/objects/b2
2025-05-01 17:56:51: 删除文件 G:/zhenxun_bot/zhenxun/plugins/nonebot_plugin_multi_source_daily/.git/objects/b3/55a5099ee5f0cc71ac79f833c39572cc4ad23a
2025-05-01 17:56:51: 删除文件 G:/zhenxun_bot/zhenxun/plugins/nonebot_plugin_multi_source_daily/.git/objects/b3/e152ebc18ecce68082fd4d35d7075bd5ffdfa1
2025-05-01 17:56:51: 删除文件夹 G:/zhenxun_bot/zhenxun/plugins/nonebot_plugin_multi_source_daily/.git/objects/b3
2025-05-01 17:56:51: 删除文件 G:/zhenxun_bot/zhenxun/plugins/nonebot_plugin_multi_source_daily/.git/objects/b4/6e0af6bba78cf7def0e9f4da478399c8476ca9
2025-05-01 17:56:51: 删除文件 G:/zhenxun_bot/zhenxun/plugins/nonebot_plugin_multi_source_daily/.git/objects/b4/818ddfba633063fbdea4372b7b57ddb35ba2f7
2025-05-01 17:56:51: 删除文件夹 G:/zhenxun_bot/zhenxun/plugins/nonebot_plugin_multi_source_daily/.git/objects/b4
2025-05-01 17:56:51: 删除文件 G:/zhenxun_bot/zhenxun/plugins/nonebot_plugin_multi_source_daily/.git/objects/b7/c5334fa29b06626e9804481b6e4a3b55cefc39
2025-05-01 17:56:51: 删除文件夹 G:/zhenxun_bot/zhenxun/plugins/nonebot_plugin_multi_source_daily/.git/objects/b7
2025-05-01 17:56:51: 删除文件 G:/zhenxun_bot/zhenxun/plugins/nonebot_plugin_multi_source_daily/.git/objects/b8/2065d0603e9a9e0a29aacc8836511af0f30379
2025-05-01 17:56:51: 删除文件 G:/zhenxun_bot/zhenxun/plugins/nonebot_plugin_multi_source_daily/.git/objects/b8/eeff6378135eec54f88b4d14d90e029fa4fecb
2025-05-01 17:56:51: 删除文件夹 G:/zhenxun_bot/zhenxun/plugins/nonebot_plugin_multi_source_daily/.git/objects/b8
2025-05-01 17:56:51: 删除文件 G:/zhenxun_bot/zhenxun/plugins/nonebot_plugin_multi_source_daily/.git/objects/b9/300c837d735e3feaa37fcea7667f2dd1550bbc
2025-05-01 17:56:51: 删除文件夹 G:/zhenxun_bot/zhenxun/plugins/nonebot_plugin_multi_source_daily/.git/objects/b9
2025-05-01 17:56:51: 删除文件 G:/zhenxun_bot/zhenxun/plugins/nonebot_plugin_multi_source_daily/.git/objects/bd/39fac62a1caa0f18c87d0af5f639c754795cef
2025-05-01 17:56:51: 删除文件 G:/zhenxun_bot/zhenxun/plugins/nonebot_plugin_multi_source_daily/.git/objects/bd/826dc4ac3cddf553593694291b1884a3961afa
2025-05-01 17:56:51: 删除文件 G:/zhenxun_bot/zhenxun/plugins/nonebot_plugin_multi_source_daily/.git/objects/bd/f0f043f419857744b1892db3dcf7105ed6bfce
2025-05-01 17:56:51: 删除文件 G:/zhenxun_bot/zhenxun/plugins/nonebot_plugin_multi_source_daily/.git/objects/bd/f1370b2e7f368a3fd766fed530e55fdc31cec5
2025-05-01 17:56:51: 删除文件夹 G:/zhenxun_bot/zhenxun/plugins/nonebot_plugin_multi_source_daily/.git/objects/bd
2025-05-01 17:56:51: 删除文件 G:/zhenxun_bot/zhenxun/plugins/nonebot_plugin_multi_source_daily/.git/objects/bf/16a148e8c0172033444970a7823cc891020f08
2025-05-01 17:56:51: 删除文件 G:/zhenxun_bot/zhenxun/plugins/nonebot_plugin_multi_source_daily/.git/objects/bf/19f8ce817ebf4f389d4d341592eab0736fe366
2025-05-01 17:56:51: 删除文件 G:/zhenxun_bot/zhenxun/plugins/nonebot_plugin_multi_source_daily/.git/objects/bf/bc90d229331c30f2416a7a5388b80cd14d5189
2025-05-01 17:56:51: 删除文件夹 G:/zhenxun_bot/zhenxun/plugins/nonebot_plugin_multi_source_daily/.git/objects/bf
2025-05-01 17:56:51: 删除文件 G:/zhenxun_bot/zhenxun/plugins/nonebot_plugin_multi_source_daily/.git/objects/c0/4c6de1bc30a2dc60c5b12f6066b4bb41698fb8
2025-05-01 17:56:51: 删除文件 G:/zhenxun_bot/zhenxun/plugins/nonebot_plugin_multi_source_daily/.git/objects/c0/7d9cc5aa752a3ac570a2329a59d46d600aa5ac
2025-05-01 17:56:51: 删除文件夹 G:/zhenxun_bot/zhenxun/plugins/nonebot_plugin_multi_source_daily/.git/objects/c0
2025-05-01 17:56:51: 删除文件 G:/zhenxun_bot/zhenxun/plugins/nonebot_plugin_multi_source_daily/.git/objects/c2/6b8e8d7afe02f9134030531d6512b7b077539d
2025-05-01 17:56:51: 删除文件夹 G:/zhenxun_bot/zhenxun/plugins/nonebot_plugin_multi_source_daily/.git/objects/c2
2025-05-01 17:56:51: 删除文件 G:/zhenxun_bot/zhenxun/plugins/nonebot_plugin_multi_source_daily/.git/objects/c6/a9560d9dc30f6ed5aac38fae677e604c806d36
2025-05-01 17:56:51: 删除文件夹 G:/zhenxun_bot/zhenxun/plugins/nonebot_plugin_multi_source_daily/.git/objects/c6
2025-05-01 17:56:51: 删除文件 G:/zhenxun_bot/zhenxun/plugins/nonebot_plugin_multi_source_daily/.git/objects/c7/46c9ef430f90ec9b6d3bb1e0fd73b39f8098d9
2025-05-01 17:56:51: 删除文件夹 G:/zhenxun_bot/zhenxun/plugins/nonebot_plugin_multi_source_daily/.git/objects/c7
2025-05-01 17:56:51: 删除文件 G:/zhenxun_bot/zhenxun/plugins/nonebot_plugin_multi_source_daily/.git/objects/c9/f9b3ebcd340bd433888a2387ac16a6b6e8708e
2025-05-01 17:56:51: 删除文件夹 G:/zhenxun_bot/zhenxun/plugins/nonebot_plugin_multi_source_daily/.git/objects/c9
2025-05-01 17:56:51: 删除文件 G:/zhenxun_bot/zhenxun/plugins/nonebot_plugin_multi_source_daily/.git/objects/cb/74a85460190f862a199b2ed38ff0d851ef69c1
2025-05-01 17:56:51: 删除文件 G:/zhenxun_bot/zhenxun/plugins/nonebot_plugin_multi_source_daily/.git/objects/cb/e5bc443ee60ba947f1ffb881986e6abf9285e9
2025-05-01 17:56:51: 删除文件夹 G:/zhenxun_bot/zhenxun/plugins/nonebot_plugin_multi_source_daily/.git/objects/cb
2025-05-01 17:56:51: 删除文件 G:/zhenxun_bot/zhenxun/plugins/nonebot_plugin_multi_source_daily/.git/objects/cd/c86f02c4e4861b398205bdf5cd740bb3039f64
2025-05-01 17:56:51: 删除文件夹 G:/zhenxun_bot/zhenxun/plugins/nonebot_plugin_multi_source_daily/.git/objects/cd
2025-05-01 17:56:51: 删除文件 G:/zhenxun_bot/zhenxun/plugins/nonebot_plugin_multi_source_daily/.git/objects/cf/db3999c31ffa13465bf2ea71df490bb314e997
2025-05-01 17:56:51: 删除文件夹 G:/zhenxun_bot/zhenxun/plugins/nonebot_plugin_multi_source_daily/.git/objects/cf
2025-05-01 17:56:51: 删除文件 G:/zhenxun_bot/zhenxun/plugins/nonebot_plugin_multi_source_daily/.git/objects/d1/76fb43d310b2a031af8c4e6ac3201e12192440
2025-05-01 17:56:51: 删除文件 G:/zhenxun_bot/zhenxun/plugins/nonebot_plugin_multi_source_daily/.git/objects/d1/bcdd4236fa2a0f917f6e44e04e4eab99305377
2025-05-01 17:56:51: 删除文件 G:/zhenxun_bot/zhenxun/plugins/nonebot_plugin_multi_source_daily/.git/objects/d1/d203f8781e9d12f7956050e884d7575ea0e0f0
2025-05-01 17:56:51: 删除文件夹 G:/zhenxun_bot/zhenxun/plugins/nonebot_plugin_multi_source_daily/.git/objects/d1
2025-05-01 17:56:51: 删除文件 G:/zhenxun_bot/zhenxun/plugins/nonebot_plugin_multi_source_daily/.git/objects/d2/19ed10006777ee53c7f3ca224f0a14af3d5368
2025-05-01 17:56:51: 删除文件夹 G:/zhenxun_bot/zhenxun/plugins/nonebot_plugin_multi_source_daily/.git/objects/d2
2025-05-01 17:56:51: 删除文件 G:/zhenxun_bot/zhenxun/plugins/nonebot_plugin_multi_source_daily/.git/objects/d4/52e525253174a415e037d419779a85a5f42c27
2025-05-01 17:56:51: 删除文件 G:/zhenxun_bot/zhenxun/plugins/nonebot_plugin_multi_source_daily/.git/objects/d4/59b521849a1820610efa465e12bc7276e3c4e8
2025-05-01 17:56:51: 删除文件夹 G:/zhenxun_bot/zhenxun/plugins/nonebot_plugin_multi_source_daily/.git/objects/d4
2025-05-01 17:56:51: 删除文件 G:/zhenxun_bot/zhenxun/plugins/nonebot_plugin_multi_source_daily/.git/objects/d5/0d55b6baa1e60812dcd7e569b33f4a88509612
2025-05-01 17:56:51: 删除文件 G:/zhenxun_bot/zhenxun/plugins/nonebot_plugin_multi_source_daily/.git/objects/d5/439613e102cb08a36c046caf34425a939c8172
2025-05-01 17:56:51: 删除文件夹 G:/zhenxun_bot/zhenxun/plugins/nonebot_plugin_multi_source_daily/.git/objects/d5
2025-05-01 17:56:51: 删除文件 G:/zhenxun_bot/zhenxun/plugins/nonebot_plugin_multi_source_daily/.git/objects/d6/c99815d454f9e7053d82a6032ada322ddcfb11
2025-05-01 17:56:51: 删除文件夹 G:/zhenxun_bot/zhenxun/plugins/nonebot_plugin_multi_source_daily/.git/objects/d6
2025-05-01 17:56:51: 删除文件 G:/zhenxun_bot/zhenxun/plugins/nonebot_plugin_multi_source_daily/.git/objects/d9/d323e600dd901d2e195724b016018bc8e28fcf
2025-05-01 17:56:51: 删除文件 G:/zhenxun_bot/zhenxun/plugins/nonebot_plugin_multi_source_daily/.git/objects/d9/dc3e649edacdf4171bcbf2650b9a1b6565039c
2025-05-01 17:56:51: 删除文件夹 G:/zhenxun_bot/zhenxun/plugins/nonebot_plugin_multi_source_daily/.git/objects/d9
2025-05-01 17:56:51: 删除文件 G:/zhenxun_bot/zhenxun/plugins/nonebot_plugin_multi_source_daily/.git/objects/da/04ddc1ff85ce7e78d92223fbf1efcefc74a9d8
2025-05-01 17:56:51: 删除文件夹 G:/zhenxun_bot/zhenxun/plugins/nonebot_plugin_multi_source_daily/.git/objects/da
2025-05-01 17:56:51: 删除文件 G:/zhenxun_bot/zhenxun/plugins/nonebot_plugin_multi_source_daily/.git/objects/dc/3a1ef9bb2bb5dd7be5e4f1b67884208ef1b247
2025-05-01 17:56:51: 删除文件 G:/zhenxun_bot/zhenxun/plugins/nonebot_plugin_multi_source_daily/.git/objects/dc/ece8a0a33c074205a9ee3764477bfa3a8817e2
2025-05-01 17:56:51: 删除文件 G:/zhenxun_bot/zhenxun/plugins/nonebot_plugin_multi_source_daily/.git/objects/dc/ff8eb12fbe36179cc901917000fd4e1710c2ba
2025-05-01 17:56:51: 删除文件夹 G:/zhenxun_bot/zhenxun/plugins/nonebot_plugin_multi_source_daily/.git/objects/dc
2025-05-01 17:56:51: 删除文件 G:/zhenxun_bot/zhenxun/plugins/nonebot_plugin_multi_source_daily/.git/objects/dd/3a5bf51022a8d21efdde5425bfb680cbb9673a
2025-05-01 17:56:51: 删除文件 G:/zhenxun_bot/zhenxun/plugins/nonebot_plugin_multi_source_daily/.git/objects/dd/ad8a677c70bb7136b021cd8ea15c8d891ab736
2025-05-01 17:56:51: 删除文件夹 G:/zhenxun_bot/zhenxun/plugins/nonebot_plugin_multi_source_daily/.git/objects/dd
2025-05-01 17:56:51: 删除文件 G:/zhenxun_bot/zhenxun/plugins/nonebot_plugin_multi_source_daily/.git/objects/df/d6ef848359a1d3dcd56696fbdda07be9519fbb
2025-05-01 17:56:51: 删除文件夹 G:/zhenxun_bot/zhenxun/plugins/nonebot_plugin_multi_source_daily/.git/objects/df
2025-05-01 17:56:51: 删除文件 G:/zhenxun_bot/zhenxun/plugins/nonebot_plugin_multi_source_daily/.git/objects/e1/b5b8042df22de4574930fd8eea036684b204aa
2025-05-01 17:56:51: 删除文件夹 G:/zhenxun_bot/zhenxun/plugins/nonebot_plugin_multi_source_daily/.git/objects/e1
2025-05-01 17:56:51: 删除文件 G:/zhenxun_bot/zhenxun/plugins/nonebot_plugin_multi_source_daily/.git/objects/e7/0adf7e6ee1cffb31086c55e79bb6ae3a1fdf54
2025-05-01 17:56:51: 删除文件夹 G:/zhenxun_bot/zhenxun/plugins/nonebot_plugin_multi_source_daily/.git/objects/e7
2025-05-01 17:56:51: 删除文件 G:/zhenxun_bot/zhenxun/plugins/nonebot_plugin_multi_source_daily/.git/objects/e8/5740845a1b0138bb62e3492e33afcd2a18eb3e
2025-05-01 17:56:51: 删除文件 G:/zhenxun_bot/zhenxun/plugins/nonebot_plugin_multi_source_daily/.git/objects/e8/cded2f7796c863674f2af3119d17abb7eaed7a
2025-05-01 17:56:51: 删除文件夹 G:/zhenxun_bot/zhenxun/plugins/nonebot_plugin_multi_source_daily/.git/objects/e8
2025-05-01 17:56:51: 删除文件 G:/zhenxun_bot/zhenxun/plugins/nonebot_plugin_multi_source_daily/.git/objects/e9/6427afc9dc3ba15cf04715725c35add6380af4
2025-05-01 17:56:51: 删除文件夹 G:/zhenxun_bot/zhenxun/plugins/nonebot_plugin_multi_source_daily/.git/objects/e9
2025-05-01 17:56:51: 删除文件 G:/zhenxun_bot/zhenxun/plugins/nonebot_plugin_multi_source_daily/.git/objects/ea/d03de18a2182c67bb5b5c272f5b48ab5a77496
2025-05-01 17:56:51: 删除文件夹 G:/zhenxun_bot/zhenxun/plugins/nonebot_plugin_multi_source_daily/.git/objects/ea
2025-05-01 17:56:51: 删除文件 G:/zhenxun_bot/zhenxun/plugins/nonebot_plugin_multi_source_daily/.git/objects/eb/60c3efa3ceb6286c53ceef7b79dec038dae40e
2025-05-01 17:56:51: 删除文件夹 G:/zhenxun_bot/zhenxun/plugins/nonebot_plugin_multi_source_daily/.git/objects/eb
2025-05-01 17:56:51: 删除文件 G:/zhenxun_bot/zhenxun/plugins/nonebot_plugin_multi_source_daily/.git/objects/ec/496736541710c7eca2b89af5516720f61c7375
2025-05-01 17:56:51: 删除文件 G:/zhenxun_bot/zhenxun/plugins/nonebot_plugin_multi_source_daily/.git/objects/ec/9e0371b39cd6c9ca77e85ea0673337cc731bc4
2025-05-01 17:56:51: 删除文件夹 G:/zhenxun_bot/zhenxun/plugins/nonebot_plugin_multi_source_daily/.git/objects/ec
2025-05-01 17:56:51: 删除文件 G:/zhenxun_bot/zhenxun/plugins/nonebot_plugin_multi_source_daily/.git/objects/ee/1c54aab7b42fb1a7026696f41110ee8c8a5637
2025-05-01 17:56:51: 删除文件 G:/zhenxun_bot/zhenxun/plugins/nonebot_plugin_multi_source_daily/.git/objects/ee/4714794d4f0050321facb18f5824e4940d4bc4
2025-05-01 17:56:51: 删除文件 G:/zhenxun_bot/zhenxun/plugins/nonebot_plugin_multi_source_daily/.git/objects/ee/4acbac92afc54395f177912d603921d22ede59
2025-05-01 17:56:51: 删除文件 G:/zhenxun_bot/zhenxun/plugins/nonebot_plugin_multi_source_daily/.git/objects/ee/59fc7193af60460a6a73b7e1322ec299f0c354
2025-05-01 17:56:51: 删除文件夹 G:/zhenxun_bot/zhenxun/plugins/nonebot_plugin_multi_source_daily/.git/objects/ee
2025-05-01 17:56:51: 删除文件 G:/zhenxun_bot/zhenxun/plugins/nonebot_plugin_multi_source_daily/.git/objects/f0/36b6b823d2f1654dbf0629ab69449468a74e23
2025-05-01 17:56:51: 删除文件 G:/zhenxun_bot/zhenxun/plugins/nonebot_plugin_multi_source_daily/.git/objects/f0/cf5fa952ebaf4cd897e693a74e53d35bcedd0c
2025-05-01 17:56:51: 删除文件夹 G:/zhenxun_bot/zhenxun/plugins/nonebot_plugin_multi_source_daily/.git/objects/f0
2025-05-01 17:56:51: 删除文件 G:/zhenxun_bot/zhenxun/plugins/nonebot_plugin_multi_source_daily/.git/objects/f1/d1df03306c91847601efd9e3fbeb266dd4c1a0
2025-05-01 17:56:51: 删除文件夹 G:/zhenxun_bot/zhenxun/plugins/nonebot_plugin_multi_source_daily/.git/objects/f1
2025-05-01 17:56:51: 删除文件 G:/zhenxun_bot/zhenxun/plugins/nonebot_plugin_multi_source_daily/.git/objects/f2/b7b8f9c43073fad106fdac9bc4a74b873d4955
2025-05-01 17:56:51: 删除文件 G:/zhenxun_bot/zhenxun/plugins/nonebot_plugin_multi_source_daily/.git/objects/f2/c95c79d989069e61af3a2e37e70688e0a2f6b0
2025-05-01 17:56:51: 删除文件夹 G:/zhenxun_bot/zhenxun/plugins/nonebot_plugin_multi_source_daily/.git/objects/f2
2025-05-01 17:56:51: 删除文件 G:/zhenxun_bot/zhenxun/plugins/nonebot_plugin_multi_source_daily/.git/objects/f4/4fef73f42c5c84cc69bd1ce483c90e9a37846a
2025-05-01 17:56:51: 删除文件 G:/zhenxun_bot/zhenxun/plugins/nonebot_plugin_multi_source_daily/.git/objects/f4/a0a4689490b188cded3929ac39b075307074bf
2025-05-01 17:56:51: 删除文件 G:/zhenxun_bot/zhenxun/plugins/nonebot_plugin_multi_source_daily/.git/objects/f4/c88239d253d9c84f3e92a56113c16f788ff6cb
2025-05-01 17:56:51: 删除文件夹 G:/zhenxun_bot/zhenxun/plugins/nonebot_plugin_multi_source_daily/.git/objects/f4
2025-05-01 17:56:51: 删除文件 G:/zhenxun_bot/zhenxun/plugins/nonebot_plugin_multi_source_daily/.git/objects/f5/4bb64c82f317a0035ef0cdd968e61c78e35df5
2025-05-01 17:56:51: 删除文件 G:/zhenxun_bot/zhenxun/plugins/nonebot_plugin_multi_source_daily/.git/objects/f5/7fbbb252bd5244e3492dd8e15a6f07ebe844b9
2025-05-01 17:56:51: 删除文件夹 G:/zhenxun_bot/zhenxun/plugins/nonebot_plugin_multi_source_daily/.git/objects/f5
2025-05-01 17:56:51: 删除文件 G:/zhenxun_bot/zhenxun/plugins/nonebot_plugin_multi_source_daily/.git/objects/f8/71d4dfef42accf7f82ad5f7a7029e8d4650a62
2025-05-01 17:56:51: 删除文件夹 G:/zhenxun_bot/zhenxun/plugins/nonebot_plugin_multi_source_daily/.git/objects/f8
2025-05-01 17:56:51: 删除文件 G:/zhenxun_bot/zhenxun/plugins/nonebot_plugin_multi_source_daily/.git/objects/f9/28c8ebdeba3150838993e3d5eddea2748edec1
2025-05-01 17:56:51: 删除文件 G:/zhenxun_bot/zhenxun/plugins/nonebot_plugin_multi_source_daily/.git/objects/f9/82455c56d91a46214b1e452f0d1e06b45ff62d
2025-05-01 17:56:51: 删除文件夹 G:/zhenxun_bot/zhenxun/plugins/nonebot_plugin_multi_source_daily/.git/objects/f9
2025-05-01 17:56:51: 删除文件 G:/zhenxun_bot/zhenxun/plugins/nonebot_plugin_multi_source_daily/.git/objects/fb/4e990373abb57beb7434e3aeda96a64560814b
2025-05-01 17:56:51: 删除文件 G:/zhenxun_bot/zhenxun/plugins/nonebot_plugin_multi_source_daily/.git/objects/fb/5a44d1e0a3ee7737bdc86b7719efd98760f55d
2025-05-01 17:56:51: 删除文件 G:/zhenxun_bot/zhenxun/plugins/nonebot_plugin_multi_source_daily/.git/objects/fb/a6541b9918bb3ed8fe03dd0ec98d8f14d3c951
2025-05-01 17:56:51: 删除文件 G:/zhenxun_bot/zhenxun/plugins/nonebot_plugin_multi_source_daily/.git/objects/fb/ce3fcac872c8adce26c336b4fe7fb3dd1b156e
2025-05-01 17:56:51: 删除文件夹 G:/zhenxun_bot/zhenxun/plugins/nonebot_plugin_multi_source_daily/.git/objects/fb
2025-05-01 17:56:51: 删除文件 G:/zhenxun_bot/zhenxun/plugins/nonebot_plugin_multi_source_daily/.git/objects/fc/1dade664af7c1ced11a7b80e7ee7f6844bf3e4
2025-05-01 17:56:51: 删除文件 G:/zhenxun_bot/zhenxun/plugins/nonebot_plugin_multi_source_daily/.git/objects/fc/3798c35f395c202fde7ce7f08ccaa01c75ae28
2025-05-01 17:56:51: 删除文件夹 G:/zhenxun_bot/zhenxun/plugins/nonebot_plugin_multi_source_daily/.git/objects/fc
2025-05-01 17:56:51: 删除文件 G:/zhenxun_bot/zhenxun/plugins/nonebot_plugin_multi_source_daily/.git/objects/fd/4d53871b11f99ae5768c307fca61c136224383
2025-05-01 17:56:51: 删除文件夹 G:/zhenxun_bot/zhenxun/plugins/nonebot_plugin_multi_source_daily/.git/objects/fd
2025-05-01 17:56:51: 删除文件 G:/zhenxun_bot/zhenxun/plugins/nonebot_plugin_multi_source_daily/.git/objects/fe/2a14c2abf1222891cee61b8d60cfb99dbe1d9f
2025-05-01 17:56:51: 删除文件夹 G:/zhenxun_bot/zhenxun/plugins/nonebot_plugin_multi_source_daily/.git/objects/fe
2025-05-01 17:56:51: 删除文件夹 G:/zhenxun_bot/zhenxun/plugins/nonebot_plugin_multi_source_daily/.git/objects/info
2025-05-01 17:56:51: 删除文件夹 G:/zhenxun_bot/zhenxun/plugins/nonebot_plugin_multi_source_daily/.git/objects/pack
2025-05-01 17:56:51: 删除文件夹 G:/zhenxun_bot/zhenxun/plugins/nonebot_plugin_multi_source_daily/.git/objects
2025-05-01 17:56:51: 删除文件 G:/zhenxun_bot/zhenxun/plugins/nonebot_plugin_multi_source_daily/.git/ORIG_HEAD
2025-05-01 17:56:51: 删除文件 G:/zhenxun_bot/zhenxun/plugins/nonebot_plugin_multi_source_daily/.git/refs/heads/master
2025-05-01 17:56:51: 删除文件夹 G:/zhenxun_bot/zhenxun/plugins/nonebot_plugin_multi_source_daily/.git/refs/heads
2025-05-01 17:56:51: 删除文件夹 G:/zhenxun_bot/zhenxun/plugins/nonebot_plugin_multi_source_daily/.git/refs/tags
2025-05-01 17:56:51: 删除文件夹 G:/zhenxun_bot/zhenxun/plugins/nonebot_plugin_multi_source_daily/.git/refs
2025-05-01 17:56:51: 删除文件夹 G:/zhenxun_bot/zhenxun/plugins/nonebot_plugin_multi_source_daily/.git
2025-05-01 17:56:51: 创建文件夹 G:/zhenxun_bot/zhenxun/plugins/nonebot_plugin_multi_source_daily/api
2025-05-01 17:56:51: 创建文件夹 G:/zhenxun_bot/zhenxun/plugins/nonebot_plugin_multi_source_daily/api/__pycache__
2025-05-01 17:56:51: 创建文件夹 G:/zhenxun_bot/zhenxun/plugins/nonebot_plugin_multi_source_daily/api/handlers
2025-05-01 17:56:51: 创建文件夹 G:/zhenxun_bot/zhenxun/plugins/nonebot_plugin_multi_source_daily/api/handlers/__pycache__
2025-05-01 17:56:51: 创建文件夹 G:/zhenxun_bot/zhenxun/plugins/nonebot_plugin_multi_source_daily/api/sources
2025-05-01 17:56:51: 创建文件夹 G:/zhenxun_bot/zhenxun/plugins/nonebot_plugin_multi_source_daily/api/sources/__pycache__
2025-05-01 17:56:51: 创建文件夹 G:/zhenxun_bot/zhenxun/plugins/nonebot_plugin_multi_source_daily/commands
2025-05-01 17:56:51: 创建文件夹 G:/zhenxun_bot/zhenxun/plugins/nonebot_plugin_multi_source_daily/commands/__pycache__
2025-05-01 17:56:51: 创建文件夹 G:/zhenxun_bot/zhenxun/plugins/nonebot_plugin_multi_source_daily/templates
2025-05-01 17:56:51: 创建文件夹 G:/zhenxun_bot/zhenxun/plugins/nonebot_plugin_multi_source_daily/utils
2025-05-01 17:56:51: 创建文件夹 G:/zhenxun_bot/zhenxun/plugins/nonebot_plugin_multi_source_daily/utils/__pycache__
2025-05-01 17:56:51: 新建复制 'K:/Projects/Programme/Script/nonebot_plugins/nonebot-plugin-multi-source-daily/nonebot_plugin_multi_source_daily/api/__init__.py' -> 'G:/zhenxun_bot/zhenxun/plugins/nonebot_plugin_multi_source_daily/api/__init__.py' (630)
2025-05-01 17:56:51: 新建复制 'K:/Projects/Programme/Script/nonebot_plugins/nonebot-plugin-multi-source-daily/nonebot_plugin_multi_source_daily/api/__pycache__/__init__.cpython-310.pyc' -> 'G:/zhenxun_bot/zhenxun/plugins/nonebot_plugin_multi_source_daily/api/__pycache__/__init__.cpython-310.pyc' (641)
2025-05-01 17:56:51: 新建复制 'K:/Projects/Programme/Script/nonebot_plugins/nonebot-plugin-multi-source-daily/nonebot_plugin_multi_source_daily/__init__.py' -> 'G:/zhenxun_bot/zhenxun/plugins/nonebot_plugin_multi_source_daily/__init__.py' (4,967)
2025-05-01 17:56:51: 新建复制 'K:/Projects/Programme/Script/nonebot_plugins/nonebot-plugin-multi-source-daily/nonebot_plugin_multi_source_daily/api/__pycache__/manager.cpython-310.pyc' -> 'G:/zhenxun_bot/zhenxun/plugins/nonebot_plugin_multi_source_daily/api/__pycache__/manager.cpython-310.pyc' (9,131)
2025-05-01 17:56:51: 新建复制 'K:/Projects/Programme/Script/nonebot_plugins/nonebot-plugin-multi-source-daily/nonebot_plugin_multi_source_daily/api/__pycache__/parsers.cpython-310.pyc' -> 'G:/zhenxun_bot/zhenxun/plugins/nonebot_plugin_multi_source_daily/api/__pycache__/parsers.cpython-310.pyc' (6,860)
2025-05-01 17:56:51: 新建复制 'K:/Projects/Programme/Script/nonebot_plugins/nonebot-plugin-multi-source-daily/nonebot_plugin_multi_source_daily/api/adapter.py' -> 'G:/zhenxun_bot/zhenxun/plugins/nonebot_plugin_multi_source_daily/api/adapter.py' (2,734)
2025-05-01 17:56:51: 新建复制 'K:/Projects/Programme/Script/nonebot_plugins/nonebot-plugin-multi-source-daily/nonebot_plugin_multi_source_daily/api/handlers/__init__.py' -> 'G:/zhenxun_bot/zhenxun/plugins/nonebot_plugin_multi_source_daily/api/handlers/__init__.py' (702)
2025-05-01 17:56:51: 新建复制 'K:/Projects/Programme/Script/nonebot_plugins/nonebot-plugin-multi-source-daily/nonebot_plugin_multi_source_daily/api/handlers/__pycache__/base_handler.cpython-310.pyc' -> 'G:/zhenxun_bot/zhenxun/plugins/nonebot_plugin_multi_source_daily/api/handlers/__pycache__/base_handler.cpython-310.pyc' (4,485)
2025-05-01 17:56:51: 新建复制 'K:/Projects/Programme/Script/nonebot_plugins/nonebot-plugin-multi-source-daily/nonebot_plugin_multi_source_daily/api/handlers/__pycache__/__init__.cpython-310.pyc' -> 'G:/zhenxun_bot/zhenxun/plugins/nonebot_plugin_multi_source_daily/api/handlers/__pycache__/__init__.cpython-310.pyc' (933)
2025-05-01 17:56:51: 新建复制 'K:/Projects/Programme/Script/nonebot_plugins/nonebot-plugin-multi-source-daily/nonebot_plugin_multi_source_daily/api/handlers/__pycache__/ithome_handler.cpython-310.pyc' -> 'G:/zhenxun_bot/zhenxun/plugins/nonebot_plugin_multi_source_daily/api/handlers/__pycache__/ithome_handler.cpython-310.pyc' (3,556)
2025-05-01 17:56:51: 新建复制 'K:/Projects/Programme/Script/nonebot_plugins/nonebot-plugin-multi-source-daily/nonebot_plugin_multi_source_daily/api/handlers/__pycache__/zhihu_handler.cpython-310.pyc' -> 'G:/zhenxun_bot/zhenxun/plugins/nonebot_plugin_multi_source_daily/api/handlers/__pycache__/zhihu_handler.cpython-310.pyc' (2,988)
2025-05-01 17:56:51: 新建复制 'K:/Projects/Programme/Script/nonebot_plugins/nonebot-plugin-multi-source-daily/nonebot_plugin_multi_source_daily/api/handlers/base_handler.py' -> 'G:/zhenxun_bot/zhenxun/plugins/nonebot_plugin_multi_source_daily/api/handlers/base_handler.py' (3,821)
2025-05-01 17:56:51: 新建复制 'K:/Projects/Programme/Script/nonebot_plugins/nonebot-plugin-multi-source-daily/nonebot_plugin_multi_source_daily/api/handlers/ithome_handler.py' -> 'G:/zhenxun_bot/zhenxun/plugins/nonebot_plugin_multi_source_daily/api/handlers/ithome_handler.py' (4,537)
2025-05-01 17:56:51: 新建复制 'K:/Projects/Programme/Script/nonebot_plugins/nonebot-plugin-multi-source-daily/nonebot_plugin_multi_source_daily/api/manager.py' -> 'G:/zhenxun_bot/zhenxun/plugins/nonebot_plugin_multi_source_daily/api/manager.py' (11,720)
2025-05-01 17:56:51: 新建复制 'K:/Projects/Programme/Script/nonebot_plugins/nonebot-plugin-multi-source-daily/nonebot_plugin_multi_source_daily/api/handlers/zhihu_handler.py' -> 'G:/zhenxun_bot/zhenxun/plugins/nonebot_plugin_multi_source_daily/api/handlers/zhihu_handler.py' (3,118)
2025-05-01 17:56:51: 新建复制 'K:/Projects/Programme/Script/nonebot_plugins/nonebot-plugin-multi-source-daily/nonebot_plugin_multi_source_daily/api/parsers.py' -> 'G:/zhenxun_bot/zhenxun/plugins/nonebot_plugin_multi_source_daily/api/parsers.py' (11,342)
2025-05-01 17:56:51: 新建复制 'K:/Projects/Programme/Script/nonebot_plugins/nonebot-plugin-multi-source-daily/nonebot_plugin_multi_source_daily/api/sources/__init__.py' -> 'G:/zhenxun_bot/zhenxun/plugins/nonebot_plugin_multi_source_daily/api/sources/__init__.py' (702)
2025-05-01 17:56:51: 新建复制 'K:/Projects/Programme/Script/nonebot_plugins/nonebot-plugin-multi-source-daily/nonebot_plugin_multi_source_daily/api/sources/__pycache__/__init__.cpython-310.pyc' -> 'G:/zhenxun_bot/zhenxun/plugins/nonebot_plugin_multi_source_daily/api/sources/__pycache__/__init__.cpython-310.pyc' (737)
2025-05-01 17:56:51: 新建复制 'K:/Projects/Programme/Script/nonebot_plugins/nonebot-plugin-multi-source-daily/nonebot_plugin_multi_source_daily/api/sources/__pycache__/base.cpython-310.pyc' -> 'G:/zhenxun_bot/zhenxun/plugins/nonebot_plugin_multi_source_daily/api/sources/__pycache__/base.cpython-310.pyc' (4,419)
2025-05-01 17:56:51: 新建复制 'K:/Projects/Programme/Script/nonebot_plugins/nonebot-plugin-multi-source-daily/nonebot_plugin_multi_source_daily/api/sources/__pycache__/ithome.cpython-310.pyc' -> 'G:/zhenxun_bot/zhenxun/plugins/nonebot_plugin_multi_source_daily/api/sources/__pycache__/ithome.cpython-310.pyc' (3,603)
2025-05-01 17:56:51: 新建复制 'K:/Projects/Programme/Script/nonebot_plugins/nonebot-plugin-multi-source-daily/nonebot_plugin_multi_source_daily/api/sources/__pycache__/history.cpython-310.pyc' -> 'G:/zhenxun_bot/zhenxun/plugins/nonebot_plugin_multi_source_daily/api/sources/__pycache__/history.cpython-310.pyc' (2,710)
2025-05-01 17:56:51: 新建复制 'K:/Projects/Programme/Script/nonebot_plugins/nonebot-plugin-multi-source-daily/nonebot_plugin_multi_source_daily/api/sources/__pycache__/moyu.cpython-310.pyc' -> 'G:/zhenxun_bot/zhenxun/plugins/nonebot_plugin_multi_source_daily/api/sources/__pycache__/moyu.cpython-310.pyc' (2,201)
2025-05-01 17:56:51: 新建复制 'K:/Projects/Programme/Script/nonebot_plugins/nonebot-plugin-multi-source-daily/nonebot_plugin_multi_source_daily/api/sources/__pycache__/sixty_seconds.cpython-310.pyc' -> 'G:/zhenxun_bot/zhenxun/plugins/nonebot_plugin_multi_source_daily/api/sources/__pycache__/sixty_seconds.cpython-310.pyc' (2,393)
2025-05-01 17:56:51: 新建复制 'K:/Projects/Programme/Script/nonebot_plugins/nonebot-plugin-multi-source-daily/nonebot_plugin_multi_source_daily/api/sources/__pycache__/zhihu.cpython-310.pyc' -> 'G:/zhenxun_bot/zhenxun/plugins/nonebot_plugin_multi_source_daily/api/sources/__pycache__/zhihu.cpython-310.pyc' (3,021)
2025-05-01 17:56:51: 新建复制 'K:/Projects/Programme/Script/nonebot_plugins/nonebot-plugin-multi-source-daily/nonebot_plugin_multi_source_daily/api/sources/base.py' -> 'G:/zhenxun_bot/zhenxun/plugins/nonebot_plugin_multi_source_daily/api/sources/base.py' (4,426)
2025-05-01 17:56:51: 新建复制 'K:/Projects/Programme/Script/nonebot_plugins/nonebot-plugin-multi-source-daily/nonebot_plugin_multi_source_daily/api/sources/ithome.py' -> 'G:/zhenxun_bot/zhenxun/plugins/nonebot_plugin_multi_source_daily/api/sources/ithome.py' (4,558)
2025-05-01 17:56:51: 新建复制 'K:/Projects/Programme/Script/nonebot_plugins/nonebot-plugin-multi-source-daily/nonebot_plugin_multi_source_daily/api/sources/history.py' -> 'G:/zhenxun_bot/zhenxun/plugins/nonebot_plugin_multi_source_daily/api/sources/history.py' (2,619)
2025-05-01 17:56:51: 新建复制 'K:/Projects/Programme/Script/nonebot_plugins/nonebot-plugin-multi-source-daily/nonebot_plugin_multi_source_daily/api/sources/moyu.py' -> 'G:/zhenxun_bot/zhenxun/plugins/nonebot_plugin_multi_source_daily/api/sources/moyu.py' (1,750)
2025-05-01 17:56:51: 新建复制 'K:/Projects/Programme/Script/nonebot_plugins/nonebot-plugin-multi-source-daily/nonebot_plugin_multi_source_daily/api/sources/zhihu.py' -> 'G:/zhenxun_bot/zhenxun/plugins/nonebot_plugin_multi_source_daily/api/sources/zhihu.py' (3,188)
2025-05-01 17:56:51: 新建复制 'K:/Projects/Programme/Script/nonebot_plugins/nonebot-plugin-multi-source-daily/nonebot_plugin_multi_source_daily/api/sources/sixty_seconds.py' -> 'G:/zhenxun_bot/zhenxun/plugins/nonebot_plugin_multi_source_daily/api/sources/sixty_seconds.py' (2,026)
2025-05-01 17:56:51: 新建复制 'K:/Projects/Programme/Script/nonebot_plugins/nonebot-plugin-multi-source-daily/nonebot_plugin_multi_source_daily/commands/__init__.py' -> 'G:/zhenxun_bot/zhenxun/plugins/nonebot_plugin_multi_source_daily/commands/__init__.py' (297)
2025-05-01 17:56:51: 新建复制 'K:/Projects/Programme/Script/nonebot_plugins/nonebot-plugin-multi-source-daily/nonebot_plugin_multi_source_daily/commands/__pycache__/__init__.cpython-310.pyc' -> 'G:/zhenxun_bot/zhenxun/plugins/nonebot_plugin_multi_source_daily/commands/__pycache__/__init__.cpython-310.pyc' (402)
2025-05-01 17:56:51: 新建复制 'K:/Projects/Programme/Script/nonebot_plugins/nonebot-plugin-multi-source-daily/nonebot_plugin_multi_source_daily/commands/__pycache__/api.cpython-310.pyc' -> 'G:/zhenxun_bot/zhenxun/plugins/nonebot_plugin_multi_source_daily/commands/__pycache__/api.cpython-310.pyc' (5,759)
2025-05-01 17:56:51: 新建复制 'K:/Projects/Programme/Script/nonebot_plugins/nonebot-plugin-multi-source-daily/nonebot_plugin_multi_source_daily/commands/__pycache__/api_management.cpython-310.pyc' -> 'G:/zhenxun_bot/zhenxun/plugins/nonebot_plugin_multi_source_daily/commands/__pycache__/api_management.cpython-310.pyc' (4,562)
2025-05-01 17:56:51: 新建复制 'K:/Projects/Programme/Script/nonebot_plugins/nonebot-plugin-multi-source-daily/nonebot_plugin_multi_source_daily/commands/__pycache__/cache.cpython-310.pyc' -> 'G:/zhenxun_bot/zhenxun/plugins/nonebot_plugin_multi_source_daily/commands/__pycache__/cache.cpython-310.pyc' (3,154)
2025-05-01 17:56:51: 新建复制 'K:/Projects/Programme/Script/nonebot_plugins/nonebot-plugin-multi-source-daily/nonebot_plugin_multi_source_daily/commands/__pycache__/base.cpython-310.pyc' -> 'G:/zhenxun_bot/zhenxun/plugins/nonebot_plugin_multi_source_daily/commands/__pycache__/base.cpython-310.pyc' (2,639)
2025-05-01 17:56:51: 新建复制 'K:/Projects/Programme/Script/nonebot_plugins/nonebot-plugin-multi-source-daily/nonebot_plugin_multi_source_daily/commands/__pycache__/news_detail.cpython-310.pyc' -> 'G:/zhenxun_bot/zhenxun/plugins/nonebot_plugin_multi_source_daily/commands/__pycache__/news_detail.cpython-310.pyc' (4,194)
2025-05-01 17:56:51: 新建复制 'K:/Projects/Programme/Script/nonebot_plugins/nonebot-plugin-multi-source-daily/nonebot_plugin_multi_source_daily/commands/__pycache__/reset_api.cpython-310.pyc' -> 'G:/zhenxun_bot/zhenxun/plugins/nonebot_plugin_multi_source_daily/commands/__pycache__/reset_api.cpython-310.pyc' (1,280)
2025-05-01 17:56:51: 新建复制 'K:/Projects/Programme/Script/nonebot_plugins/nonebot-plugin-multi-source-daily/nonebot_plugin_multi_source_daily/commands/__pycache__/schedule.cpython-310.pyc' -> 'G:/zhenxun_bot/zhenxun/plugins/nonebot_plugin_multi_source_daily/commands/__pycache__/schedule.cpython-310.pyc' (13,508)
2025-05-01 17:56:51: 新建复制 'K:/Projects/Programme/Script/nonebot_plugins/nonebot-plugin-multi-source-daily/nonebot_plugin_multi_source_daily/commands/__pycache__/schedule_new.cpython-310.pyc' -> 'G:/zhenxun_bot/zhenxun/plugins/nonebot_plugin_multi_source_daily/commands/__pycache__/schedule_new.cpython-310.pyc' (11,228)
2025-05-01 17:56:51: 新建复制 'K:/Projects/Programme/Script/nonebot_plugins/nonebot-plugin-multi-source-daily/nonebot_plugin_multi_source_daily/commands/api.py' -> 'G:/zhenxun_bot/zhenxun/plugins/nonebot_plugin_multi_source_daily/commands/api.py' (7,775)
2025-05-01 17:56:51: 新建复制 'K:/Projects/Programme/Script/nonebot_plugins/nonebot-plugin-multi-source-daily/nonebot_plugin_multi_source_daily/commands/base.py' -> 'G:/zhenxun_bot/zhenxun/plugins/nonebot_plugin_multi_source_daily/commands/base.py' (2,938)
2025-05-01 17:56:51: 新建复制 'K:/Projects/Programme/Script/nonebot_plugins/nonebot-plugin-multi-source-daily/nonebot_plugin_multi_source_daily/commands/cache.py' -> 'G:/zhenxun_bot/zhenxun/plugins/nonebot_plugin_multi_source_daily/commands/cache.py' (3,852)
2025-05-01 17:56:51: 新建复制 'K:/Projects/Programme/Script/nonebot_plugins/nonebot-plugin-multi-source-daily/nonebot_plugin_multi_source_daily/commands/news_detail.py' -> 'G:/zhenxun_bot/zhenxun/plugins/nonebot_plugin_multi_source_daily/commands/news_detail.py' (5,000)
2025-05-01 17:56:51: 新建复制 'K:/Projects/Programme/Script/nonebot_plugins/nonebot-plugin-multi-source-daily/nonebot_plugin_multi_source_daily/commands/schedule.py' -> 'G:/zhenxun_bot/zhenxun/plugins/nonebot_plugin_multi_source_daily/commands/schedule.py' (24,709)
2025-05-01 17:56:51: 新建复制 'K:/Projects/Programme/Script/nonebot_plugins/nonebot-plugin-multi-source-daily/nonebot_plugin_multi_source_daily/config.py' -> 'G:/zhenxun_bot/zhenxun/plugins/nonebot_plugin_multi_source_daily/config.py' (4,008)
2025-05-01 17:56:51: 新建复制 'K:/Projects/Programme/Script/nonebot_plugins/nonebot-plugin-multi-source-daily/nonebot_plugin_multi_source_daily/models.py' -> 'G:/zhenxun_bot/zhenxun/plugins/nonebot_plugin_multi_source_daily/models.py' (5,186)
2025-05-01 17:56:51: 新建复制 'K:/Projects/Programme/Script/nonebot_plugins/nonebot-plugin-multi-source-daily/nonebot_plugin_multi_source_daily/exceptions.py' -> 'G:/zhenxun_bot/zhenxun/plugins/nonebot_plugin_multi_source_daily/exceptions.py' (4,544)
2025-05-01 17:56:51: 新建复制 'K:/Projects/Programme/Script/nonebot_plugins/nonebot-plugin-multi-source-daily/nonebot_plugin_multi_source_daily/templates/history.html' -> 'G:/zhenxun_bot/zhenxun/plugins/nonebot_plugin_multi_source_daily/templates/history.html' (2,293)
2025-05-01 17:56:51: 新建复制 'K:/Projects/Programme/Script/nonebot_plugins/nonebot-plugin-multi-source-daily/nonebot_plugin_multi_source_daily/templates/ithome.html' -> 'G:/zhenxun_bot/zhenxun/plugins/nonebot_plugin_multi_source_daily/templates/ithome.html' (5,329)
2025-05-01 17:56:51: 新建复制 'K:/Projects/Programme/Script/nonebot_plugins/nonebot-plugin-multi-source-daily/nonebot_plugin_multi_source_daily/templates/custom_markdown.css' -> 'G:/zhenxun_bot/zhenxun/plugins/nonebot_plugin_multi_source_daily/templates/custom_markdown.css' (327)
2025-05-01 17:56:51: 新建复制 'K:/Projects/Programme/Script/nonebot_plugins/nonebot-plugin-multi-source-daily/nonebot_plugin_multi_source_daily/templates/news_template.html' -> 'G:/zhenxun_bot/zhenxun/plugins/nonebot_plugin_multi_source_daily/templates/news_template.html' (4,085)
2025-05-01 17:56:51: 新建复制 'K:/Projects/Programme/Script/nonebot_plugins/nonebot-plugin-multi-source-daily/nonebot_plugin_multi_source_daily/templates/sixty_seconds.html' -> 'G:/zhenxun_bot/zhenxun/plugins/nonebot_plugin_multi_source_daily/templates/sixty_seconds.html' (2,503)
2025-05-01 17:56:51: 新建复制 'K:/Projects/Programme/Script/nonebot_plugins/nonebot-plugin-multi-source-daily/nonebot_plugin_multi_source_daily/templates/zhihu.html' -> 'G:/zhenxun_bot/zhenxun/plugins/nonebot_plugin_multi_source_daily/templates/zhihu.html' (5,555)
2025-05-01 17:56:51: 新建复制 'K:/Projects/Programme/Script/nonebot_plugins/nonebot-plugin-multi-source-daily/nonebot_plugin_multi_source_daily/utils/__init__.py' -> 'G:/zhenxun_bot/zhenxun/plugins/nonebot_plugin_multi_source_daily/utils/__init__.py' (620)
2025-05-01 17:56:51: 新建复制 'K:/Projects/Programme/Script/nonebot_plugins/nonebot-plugin-multi-source-daily/nonebot_plugin_multi_source_daily/utils/__pycache__/cache.cpython-310.pyc' -> 'G:/zhenxun_bot/zhenxun/plugins/nonebot_plugin_multi_source_daily/utils/__pycache__/cache.cpython-310.pyc' (5,114)
2025-05-01 17:56:51: 新建复制 'K:/Projects/Programme/Script/nonebot_plugins/nonebot-plugin-multi-source-daily/nonebot_plugin_multi_source_daily/utils/__pycache__/__init__.cpython-310.pyc' -> 'G:/zhenxun_bot/zhenxun/plugins/nonebot_plugin_multi_source_daily/utils/__pycache__/__init__.cpython-310.pyc' (640)
2025-05-01 17:56:51: 新建复制 'K:/Projects/Programme/Script/nonebot_plugins/nonebot-plugin-multi-source-daily/nonebot_plugin_multi_source_daily/utils/__pycache__/helpers.cpython-310.pyc' -> 'G:/zhenxun_bot/zhenxun/plugins/nonebot_plugin_multi_source_daily/utils/__pycache__/helpers.cpython-310.pyc' (5,921)
2025-05-01 17:56:51: 新建复制 'K:/Projects/Programme/Script/nonebot_plugins/nonebot-plugin-multi-source-daily/nonebot_plugin_multi_source_daily/utils/__pycache__/screenshot.cpython-310.pyc' -> 'G:/zhenxun_bot/zhenxun/plugins/nonebot_plugin_multi_source_daily/utils/__pycache__/screenshot.cpython-310.pyc' (12,791)
2025-05-01 17:56:51: 新建复制 'K:/Projects/Programme/Script/nonebot_plugins/nonebot-plugin-multi-source-daily/nonebot_plugin_multi_source_daily/utils/__pycache__/scheduler.cpython-310.pyc' -> 'G:/zhenxun_bot/zhenxun/plugins/nonebot_plugin_multi_source_daily/utils/__pycache__/scheduler.cpython-310.pyc' (12,133)
2025-05-01 17:56:51: 新建复制 'K:/Projects/Programme/Script/nonebot_plugins/nonebot-plugin-multi-source-daily/nonebot_plugin_multi_source_daily/utils/cache.py' -> 'G:/zhenxun_bot/zhenxun/plugins/nonebot_plugin_multi_source_daily/utils/cache.py' (5,290)
2025-05-01 17:56:51: 新建复制 'K:/Projects/Programme/Script/nonebot_plugins/nonebot-plugin-multi-source-daily/nonebot_plugin_multi_source_daily/utils/scheduler.py' -> 'G:/zhenxun_bot/zhenxun/plugins/nonebot_plugin_multi_source_daily/utils/scheduler.py' (14,997)
2025-05-01 17:56:51: 新建复制 'K:/Projects/Programme/Script/nonebot_plugins/nonebot-plugin-multi-source-daily/nonebot_plugin_multi_source_daily/utils/screenshot.py' -> 'G:/zhenxun_bot/zhenxun/plugins/nonebot_plugin_multi_source_daily/utils/screenshot.py' (13,899)
2025-05-01 17:56:51: 新建复制 'K:/Projects/Programme/Script/nonebot_plugins/nonebot-plugin-multi-source-daily/nonebot_plugin_multi_source_daily/utils/helpers.py' -> 'G:/zhenxun_bot/zhenxun/plugins/nonebot_plugin_multi_source_daily/utils/helpers.py' (6,784)
2025-05-01 17:56:51: == 同步完成. 历时: 00:00:00, 速度: 0.00/s, 完成: 854, 错误: 0
