2025-05-01 18:59:44: -- 分析开始 On File Change, After Delay
2025-05-01 18:59:44: 变更：14， 冲突：0， 复制时间：0， 复制状态：0， 错误： 0, All: 859
2025-05-01 18:59:44: Left to Right: Delete File: 14 
2025-05-01 18:59:44: == 同步开始由 On File Change, After Delay
2025-05-01 18:59:44: 删除文件 G:/zhenxun_bot/zhenxun/plugins/nonebot_plugin_multi_source_daily/api/sources/__pycache__/__init__.cpython-310.pyc
2025-05-01 18:59:44: 删除文件 G:/zhenxun_bot/zhenxun/plugins/nonebot_plugin_multi_source_daily/api/sources/__pycache__/base.cpython-310.pyc
2025-05-01 18:59:44: 删除文件 G:/zhenxun_bot/zhenxun/plugins/nonebot_plugin_multi_source_daily/api/sources/__pycache__/history.cpython-310.pyc
2025-05-01 18:59:44: 删除文件 G:/zhenxun_bot/zhenxun/plugins/nonebot_plugin_multi_source_daily/api/sources/__pycache__/ithome.cpython-310.pyc
2025-05-01 18:59:44: 删除文件 G:/zhenxun_bot/zhenxun/plugins/nonebot_plugin_multi_source_daily/api/sources/__pycache__/moyu.cpython-310.pyc
2025-05-01 18:59:44: 删除文件 G:/zhenxun_bot/zhenxun/plugins/nonebot_plugin_multi_source_daily/api/sources/__pycache__/sixty_seconds.cpython-310.pyc
2025-05-01 18:59:44: 删除文件 G:/zhenxun_bot/zhenxun/plugins/nonebot_plugin_multi_source_daily/api/sources/__pycache__/zhihu.cpython-310.pyc
2025-05-01 18:59:44: 删除文件夹 G:/zhenxun_bot/zhenxun/plugins/nonebot_plugin_multi_source_daily/api/sources/__pycache__
2025-05-01 18:59:44: 删除文件 G:/zhenxun_bot/zhenxun/plugins/nonebot_plugin_multi_source_daily/utils/__pycache__/__init__.cpython-310.pyc
2025-05-01 18:59:44: 删除文件 G:/zhenxun_bot/zhenxun/plugins/nonebot_plugin_multi_source_daily/utils/__pycache__/cache.cpython-310.pyc
2025-05-01 18:59:44: 删除文件 G:/zhenxun_bot/zhenxun/plugins/nonebot_plugin_multi_source_daily/utils/__pycache__/helpers.cpython-310.pyc
2025-05-01 18:59:44: 删除文件 G:/zhenxun_bot/zhenxun/plugins/nonebot_plugin_multi_source_daily/utils/__pycache__/scheduler.cpython-310.pyc
2025-05-01 18:59:44: 删除文件 G:/zhenxun_bot/zhenxun/plugins/nonebot_plugin_multi_source_daily/utils/__pycache__/screenshot.cpython-310.pyc
2025-05-01 18:59:44: 删除文件夹 G:/zhenxun_bot/zhenxun/plugins/nonebot_plugin_multi_source_daily/utils/__pycache__
2025-05-01 18:59:44: Start only 0 threads, limited by tasks to run
2025-05-01 18:59:44: == 同步完成. 历时: 00:00:01, 速度: 0.00/s, 完成: 14, 错误: 0
