[ T-Product ]
    title = Particle production in reg mesh
     mesh =  reg            # mesh type is region-wise
      reg = 100
   volume                   # combined, lattice or level structure 
   non     reg      vol     # reg definition
    1      100   4.1888E+03 # 100
   e-type =    3            # e-mesh is log given by emin, emax and ne
     emin =   1.000000      # minimum value of e-mesh points
     emax =   200.0000      # maximum value of e-mesh points
#    edel =  0.1059663      # mesh width of e-mesh points
       ne =     50          # number of e-mesh points
#    data = ( e(i), i = 1, ne + 1 )
#           1.00000E+00  1.11178E+00  1.23606E+00  1.37424E+00  1.52786E+00
#           1.69865E+00  1.88853E+00  2.09964E+00  2.33434E+00  2.59529E+00
#           2.88540E+00  3.20794E+00  3.56654E+00  3.96522E+00  4.40848E+00
#           4.90127E+00  5.44916E+00  6.05829E+00  6.73551E+00  7.48844E+00
#           8.32553E+00  9.25620E+00  1.02909E+01  1.14413E+01  1.27202E+01
#           1.41421E+01  1.57230E+01  1.74806E+01  1.94347E+01  2.16071E+01
#           2.40225E+01  2.67078E+01  2.96933E+01  3.30126E+01  3.67029E+01
#           4.08057E+01  4.53672E+01  5.04385E+01  5.60767E+01  6.23453E+01
#           6.93145E+01  7.70628E+01  8.56772E+01  9.52546E+01  1.05903E+02
#           1.17741E+02  1.30902E+02  1.45535E+02  1.61804E+02  1.79891E+02
#           2.00000E+02
  eng2let =    0            # (D=0) Flag to convert energy to LET, 0: not convert, 1: convert
 material =  all            # (D=all) number of specific material
   mother =  all            # (D=all) number of specific mother
     unit =    1            # unit is [1/source]
     axis =  eng            # axis of output
     file = product.out     # file name of dumped data summary
#    file = product_dmp.out  # file name of dumped data
   output = nuclear         # (D=nuclear) products from all reactions
     part =  all        neutron    proton     -( neutron  proton   ) 
# kf/name :  0          2112       2212       -( 2112     2212     ) 
   epsout =    1            # (D=0) generate eps file by ANGEL
     dump =  -11            # (D=0) number of dumped data, <0: ascii, >0: binary
                1   2   3   4   8  10   9  17  18  19  20
# dump data    kf   x   y   z   e  tm  wt  n0  nc  nb  no
#    used :        main (  %)        temp (  %)       total (  %)
#  memory :          59 (  0)           0 (  0)          59 (  0)

#------------------------------------------------------------------------------
#newpage:
#   no. =  1   reg =    100

x: Energy [MeV]
y: Number [1/source]                      
p: xlog ylog afac(0.8) form(0.9)
h: n            x            y(all     ),hh0l n y(neutron ),hh0dr n y(proton  ),hh0ub n y(p4-group),hh0mg n 
#  e-lower      e-upper        all       r.err      neutron   r.err      proton    r.err      p4-group  r.err 
   1.0000E+00   1.1118E+00   1.1483E-02  0.0991   2.0831E-03  0.2478   1.1000E-03  0.3276   8.3000E-03  0.1106
   1.1118E+00   1.2361E+00   8.2892E-03  0.1145   9.8921E-04  0.3471   1.0000E-03  0.3161   6.3000E-03  0.1295
   1.2361E+00   1.3742E+00   9.6845E-03  0.1081   1.7845E-03  0.2609   8.0000E-04  0.3534   7.1000E-03  0.1199
   1.3742E+00   1.5279E+00   9.7839E-03  0.1075   2.0839E-03  0.2650   1.0000E-03  0.3161   6.7000E-03  0.1254
   1.5279E+00   1.6986E+00   1.2396E-02  0.0942   2.0964E-03  0.2473   1.5000E-03  0.2580   8.8000E-03  0.1097
   1.6986E+00   1.8885E+00   1.1161E-02  0.1014   2.1612E-03  0.2230   1.6000E-03  0.2650   7.4000E-03  0.1189
   1.8885E+00   2.0996E+00   1.1863E-02  0.1022   2.3629E-03  0.2367   1.8000E-03  0.2483   7.7000E-03  0.1207
   2.0996E+00   2.3343E+00   1.6199E-02  0.0886   1.8718E-03  0.2293   2.1000E-03  0.2180   1.2227E-02  0.0997
   2.3343E+00   2.5953E+00   1.2781E-02  0.0939   1.4807E-03  0.2582   1.6000E-03  0.2650   9.7000E-03  0.1062
   2.5953E+00   2.8854E+00   1.0485E-02  0.0989   1.2853E-03  0.2773   2.3000E-03  0.2083   6.9000E-03  0.1217
   2.8854E+00   3.2079E+00   1.1873E-02  0.1007   2.4727E-03  0.2156   2.3000E-03  0.2083   7.1000E-03  0.1216
   3.2079E+00   3.5665E+00   1.6392E-02  0.0852   2.4916E-03  0.2226   2.6000E-03  0.2033   1.1300E-02  0.0976
   3.5665E+00   3.9652E+00   1.3891E-02  0.0958   1.5906E-03  0.2797   2.9000E-03  0.1854   9.4000E-03  0.1091
   3.9652E+00   4.4085E+00   1.5371E-02  0.0870   2.1707E-03  0.2407   3.9000E-03  0.1598   9.3000E-03  0.1076
   4.4085E+00   4.9013E+00   1.3188E-02  0.0935   1.7880E-03  0.2482   3.1000E-03  0.1960   8.3000E-03  0.1158
   4.9013E+00   5.4492E+00   1.7962E-02  0.0802   2.2617E-03  0.2424   2.8000E-03  0.1887   1.2900E-02  0.0908
   5.4492E+00   6.0583E+00   1.0846E-02  0.1046   1.5462E-03  0.2654   2.4000E-03  0.2039   6.9000E-03  0.1234
   6.0583E+00   6.7355E+00   1.6818E-02  0.0852   2.6366E-03  0.2112   3.7000E-03  0.1685   1.0481E-02  0.1007
   6.7355E+00   7.4884E+00   1.4342E-02  0.0883   1.7614E-03  0.2590   2.8000E-03  0.1887   9.7802E-03  0.1016
   7.4884E+00   8.3255E+00   1.2936E-02  0.0938   2.1360E-03  0.2459   3.0000E-03  0.1823   7.8000E-03  0.1157
   8.3255E+00   9.2562E+00   1.1948E-02  0.1016   2.5478E-03  0.2034   3.5000E-03  0.1782   5.9000E-03  0.1363
   9.2562E+00   1.0291E+01   1.3446E-02  0.0951   2.6456E-03  0.2056   4.6000E-03  0.1534   6.2000E-03  0.1346
   1.0291E+01   1.1441E+01   1.1973E-02  0.0994   1.9731E-03  0.2329   4.8000E-03  0.1499   5.2000E-03  0.1436
   1.1441E+01   1.2720E+01   1.1600E-02  0.1038   2.3001E-03  0.2363   5.4000E-03  0.1431   3.9000E-03  0.1639
   1.2720E+01   1.4142E+01   1.0740E-02  0.1037   2.5400E-03  0.2270   4.4000E-03  0.1504   3.8000E-03  0.1661
   1.4142E+01   1.5723E+01   1.1292E-02  0.1031   2.4924E-03  0.2077   5.3000E-03  0.1396   3.5000E-03  0.1735
   1.5723E+01   1.7481E+01   9.4966E-03  0.1094   1.6966E-03  0.2558   4.4000E-03  0.1504   3.4000E-03  0.1858
   1.7481E+01   1.9435E+01   8.9969E-03  0.1128   1.7969E-03  0.2479   4.8000E-03  0.1440   2.4000E-03  0.2203
   1.9435E+01   2.1607E+01   9.2000E-03  0.1125   2.2000E-03  0.2316   4.8000E-03  0.1440   2.2000E-03  0.2130
   2.1607E+01   2.4022E+01   6.8000E-03  0.1209   1.6000E-03  0.2498   4.0000E-03  0.1578   1.2000E-03  0.2885
   2.4022E+01   2.6708E+01   1.0100E-02  0.1120   3.3000E-03  0.2030   5.4000E-03  0.1382   1.4000E-03  0.2856
   2.6708E+01   2.9693E+01   7.5000E-03  0.1211   2.2000E-03  0.2316   4.3000E-03  0.1557   1.0000E-03  0.3161
   2.9693E+01   3.3013E+01   8.1000E-03  0.1174   3.2000E-03  0.2023   4.0000E-03  0.1578   9.0000E-04  0.3332
   3.3013E+01   3.6703E+01   8.5000E-03  0.1178   2.6000E-03  0.2369   5.0000E-03  0.1411   9.0000E-04  0.3332
   3.6703E+01   4.0806E+01   8.2000E-03  0.1178   3.0000E-03  0.1941   4.8000E-03  0.1440   4.0000E-04  0.4999
   4.0806E+01   4.5367E+01   8.4000E-03  0.1138   1.7000E-03  0.2819   6.1000E-03  0.1277   6.0000E-04  0.4081
   4.5367E+01   5.0439E+01   8.9000E-03  0.1180   2.9000E-03  0.2151   5.3000E-03  0.1421   7.0000E-04  0.3779
   5.0439E+01   5.6077E+01   1.0100E-02  0.1029   3.7000E-03  0.1770   5.6000E-03  0.1333   8.0000E-04  0.3534
   5.6077E+01   6.2345E+01   9.5000E-03  0.1115   3.1000E-03  0.2113   5.9000E-03  0.1342   5.0000E-04  0.4471
   6.2345E+01   6.9314E+01   1.0800E-02  0.1001   2.9000E-03  0.2038   7.7000E-03  0.1165   2.0000E-04  0.7071
   6.9314E+01   7.7063E+01   9.3000E-03  0.1065   2.0000E-03  0.2548   6.9000E-03  0.1200   4.0000E-04  0.4999
   7.7063E+01   8.5677E+01   1.4200E-02  0.0874   3.1000E-03  0.2063   1.0600E-02  0.0984   5.0000E-04  0.4471
   8.5677E+01   9.5255E+01   2.4600E-02  0.0638   2.4000E-03  0.2039   2.1700E-02  0.0681   5.0000E-04  0.4471
   9.5255E+01   1.0590E+02   2.4000E-02  0.0649   1.5000E-03  0.2747   2.2000E-02  0.0676   5.0000E-04  0.4471
   1.0590E+02   1.1774E+02   2.2200E-02  0.0670   8.0000E-04  0.3952   2.1200E-02  0.0683   2.0000E-04  0.7071
   1.1774E+02   1.3090E+02   2.1600E-02  0.0673   1.0000E-04  1.0000   2.1300E-02  0.0678   2.0000E-04  0.7071
   1.3090E+02   1.4554E+02   1.9300E-02  0.0713   0.0000E+00  0.0000   1.9300E-02  0.0713   0.0000E+00  0.0000
   1.4554E+02   1.6180E+02   4.9000E-03  0.1425   0.0000E+00  0.0000   4.9000E-03  0.1425   0.0000E+00  0.0000
   1.6180E+02   1.7989E+02   0.0000E+00  0.0000   0.0000E+00  0.0000   0.0000E+00  0.0000   0.0000E+00  0.0000
   1.7989E+02   2.0000E+02   0.0000E+00  0.0000   0.0000E+00  0.0000   0.0000E+00  0.0000   0.0000E+00  0.0000

#   sum over                 5.9344E-01           9.9347E-02           2.7230E-01           2.2179E-01

'no. =  1,    reg  =    100'
msuc: {\huge Particle production in reg mesh}
msdr: {\it plotted by \ANGEL \version}
msdl: {\it calculated by \PHITS  3.34}
wt: s(0.7)
\vspace{-3}
   vol  &=&   4.1888E+03 [cm^3]
e:
 
# Information for Restart Calculation
# This calculation was newly started
# istdev =  2 # 1:Batch variance, 2:History variance
# resc2  = 1.00000000000000000E+04 # Total source weight or Total source weight / maxcas
# resc3  = 1.00000000000000000E+04 # Total history number or Total batch number
# maxcas =        1000 # History / Batch, only used for istdev=1
# bitrseed = 0111011010010100011001101100101001110100011011011011110011011010 # bit data of rseed
